/__w/mn-samples-ogc/mn-samples-ogc/site/documents/15-120r5/document.err errors


== AsciiDoc Input

(ID annex-references): Section not marked up as [bibliography]!
	#<Asciidoctor::Section@4513980 {level: 1, title: "B. References", blocks: 2}>


== Style

(): Preface is missing!


== Metanorma XML Style Warning

(XML Line 000067): Table should have title
	<table id="_004a15b8-1b9a-8b70-2b56-d3684accc48a" unnumbered="true"><thead><tr><th valign="middle" align="left">Name</th>
	<th valign="middle" align="left">Affiliation</th>
	</tr></thead>
	<tbody><tr><td valign="middle" align="left">Carl Reed</td>
	<td valign="middle" align="left">Carl Reed &amp; Associates</td>
(XML Line 000388): Hanging paragraph in clause
	<clause id="_key_benefits_of_the_cdb_standard" obligation="normative">
	<title>Key Benefits of the CDB Standard</title>
	<p id="_0f51b86c-14cc-d06a-799c-9abb34f54daf">The following outline the key benefits of using the CDB standard.</p>
	
	<clause id="_improved_synthetic_environment_data_store_please_note_that_in_earlier_versions_of_the_cdb_standard_that_the_acronym_db_was_used_as_db_cases_confusion_regarding_whether_cdb_defines_a_database_or_not_the_ogc_cdb_standard_uses_the_term_data_store_however_for_the_sake_of_backwards_compatibility_the_use_of_db_remains_in_this_document_db_generation_timeline" obligation="normative">
(XML Line 000464): Hanging paragraph in clause
	<clause id="_cdb_model_overview" obligation="normative">
	<title>CDB Model Overview</title>
	<p id="_211c3811-dc21-17a1-dc50-fd48071ec75b">The following sections provide a general description and focus of the CDB standard.</p>
	
	<clause id="_cdb_standard_data_representation_and_organization" obligation="normative">
(XML Line 000519): Hanging paragraph in clause
	<clause id="_tilelayerlevel_of_detail_structure" obligation="normative">
	<title>Tile/Layer/Level-of-Detail Structure</title>
	<p id="_b9441666-5dbb-f2a1-28a7-0a4f14d220b0">The CDB standard offers a structure that is well suited for the efficient access of its contents. To this end, it relies on three important means to organize the synthetic environment data:</p>
	
	<ul id="_4ab97058-db4e-e899-4079-3c20edbd46cc"><li><p id="_91465e7a-11c4-ce6b-b598-bf5ac1c39999">Tiles</p>
(XML Line 000569): Hanging paragraph in clause
	<clause id="_cdb_structure_organization_on_media_and_conventions" obligation="normative">
	<title>CDB Structure, Organization on Media and Conventions</title>
	<p id="_e138f18f-ffda-b4ce-4b5f-47af5acf5e0b">This CDB standard along with the CDB Best Practices describes the data content, representation, as well as the logical organization of the data stored in the data store:</p>
	
	<ol id="_f4761ff1-87f2-4b82-a489-fd22118b2716" type="arabic"><li><p id="_93899247-0b9c-3fe4-74b4-de2e4ef4964b">The Data store structure comprises all of the data structures used to access data store content (such as file paths, Level-of-Detail (LOD), lists) to speed up access, information layering, versioning and configuration management; and</p>
(XML Line 000634): Table should have title
	<table id="_43ca3b3b-3f99-2273-e6cc-060453ffc9cb" unnumbered="true"><thead><tr><th valign="middle" align="left">Date</th>
	<th valign="middle" align="left">Release</th>
	<th valign="middle" align="left">Author</th>
	<th valign="middle" align="left">Paragragh</th>
	<th valign="middle" align="left">Description</th>
(XML Line 000686): Table should have title
	<table id="_15d81017-322a-0d99-074b-77e811640c50" unnumbered="true"><thead><tr><th valign="middle" align="left">Re</th>
	<th valign="middle" align="left">Title</th>
	<th valign="middle" align="left">Description</th>
	</tr></thead>
	<tbody><tr><td valign="middle" align="left">1</td>


== Metanorma XML Syntax

(XML Line 000175:75): element "clause" not allowed here; expected element "foreword"
(XML Line 000184:87): element "clause" not allowed here; expected element "foreword"
(XML Line 000187:102): element "clause" not allowed here; expected element "foreword"
(XML Line 000187:288): element "submitters" not allowed yet; missing required element "foreword"
(XML Line 000336:78): element "fn" not allowed here; expected the element end-tag, text or element "add", "bookmark", "br", "concept", "del", "em", "eref", "hi", "hr", "image", "index", "index-xref", "keyword", "link", "pagebreak", "ruby", "smallcap", "span", "stem", "strike", "strong", "sub", "sup", "svg", "tt", "underline" or "xref"
(XML Line 000522:68): element "fn" not allowed here; expected the element end-tag, text or element "add", "bookmark", "br", "concept", "del", "em", "eref", "hi", "hr", "image", "index", "index-xref", "keyword", "link", "pagebreak", "ruby", "smallcap", "span", "stem", "strike", "strong", "sub", "sup", "svg", "tt", "underline" or "xref"
(XML Line 000764:98): value of attribute "obligation" is invalid; must be equal to "informative" or "normative"
(XML Line 001004:30): element "docidentifier" not allowed yet; missing required element "title"
(XML Line 001008:30): element "docidentifier" not allowed yet; missing required element "title"
(XML Line 001012:29): element "docidentifier" not allowed yet; missing required element "title"
(XML Line 001016:29): element "docidentifier" not allowed yet; missing required element "title"
(XML Line 001022:47): element "p" not allowed here; expected the element end-tag or element "bibitem", "note" or "references"
