Page v: Unresolved ID reference "_f28deda3-594e-467d-ae62-a50d7582b516" found.
Page v: Unresolved ID reference "_949fb07c-1b2f-4e27-a4cf-41b90890b951" found.
Page 10: Unresolved ID reference "_e4539c1a-6576-4bf9-9e50-a704cf2c2935" found.
3 link targets could not be fully resolved and now points to the top of the page or are dysfunctional.
PDF isn't valid PDF/UA-1:
ValidationResult [flavour=ua1, totalAssertions=340975, assertions=[
TestAssertion [ruleId=RuleId [specification=ISO 14289-1:2014, clause=7.18.5, testNumber=2], status=failed,
message=Links shall contain an alternate description via their Contents key as described in ISO 32000-1:2008, 14.9.3,
location=Location [level=CosDocument, context=root/document[0]/pages[4](382 0 obj PDPage)/annots[0](383 0 obj PDLinkAnnot)], locationContext=null, errorMessage=null], 
TestAssertion [ruleId=RuleId [specification=ISO 14289-1:2014, clause=7.18.5, testNumber=1], status=failed,
message=Links shall be tagged according to ISO 32000-1:2008, 14.8.4.4.2, Link Element,
location=Location [level=CosDocument, context=root/document[0]/pages[4](382 0 obj PDPage)/annots[0](383 0 obj PDLinkAnnot)], locationContext=null, errorMessage=null], 
TestAssertion [ruleId=RuleId [specification=ISO 14289-1:2014, clause=7.18.1, testNumber=2], status=failed,
message=An annotation (except Widget annotations or hidden annotations, or those having rectangle outside the crop-box) shall have either Contents key or an Alt entry in the enclosing structure element,
location=Location [level=CosDocument, context=root/document[0]/pages[4](382 0 obj PDPage)/annots[0](383 0 obj PDLinkAnnot)], locationContext=null, errorMessage=null], 
TestAssertion [ruleId=RuleId [specification=ISO 14289-1:2014, clause=7.18.5, testNumber=2], status=failed,
message=Links shall contain an alternate description via their Contents key as described in ISO 32000-1:2008, 14.9.3,
location=Location [level=CosDocument, context=root/document[0]/pages[4](382 0 obj PDPage)/annots[1](385 0 obj PDLinkAnnot)], locationContext=null, errorMessage=null], 
TestAssertion [ruleId=RuleId [specification=ISO 14289-1:2014, clause=7.18.5, testNumber=1], status=failed,
message=Links shall be tagged according to ISO 32000-1:2008, 14.8.4.4.2, Link Element,
location=Location [level=CosDocument, context=root/document[0]/pages[4](382 0 obj PDPage)/annots[1](385 0 obj PDLinkAnnot)], locationContext=null, errorMessage=null], 
TestAssertion [ruleId=RuleId [specification=ISO 14289-1:2014, clause=7.18.1, testNumber=2], status=failed,
message=An annotation (except Widget annotations or hidden annotations, or those having rectangle outside the crop-box) shall have either Contents key or an Alt entry in the enclosing structure element,
location=Location [level=CosDocument, context=root/document[0]/pages[4](382 0 obj PDPage)/annots[1](385 0 obj PDLinkAnnot)], locationContext=null, errorMessage=null], 
TestAssertion [ruleId=RuleId [specification=ISO 14289-1:2014, clause=7.18.5, testNumber=2], status=failed,
message=Links shall contain an alternate description via their Contents key as described in ISO 32000-1:2008, 14.9.3,
location=Location [level=CosDocument, context=root/document[0]/pages[18](991 0 obj PDPage)/annots[0](994 0 obj PDLinkAnnot)], locationContext=null, errorMessage=null], 
TestAssertion [ruleId=RuleId [specification=ISO 14289-1:2014, clause=7.18.5, testNumber=1], status=failed,
message=Links shall be tagged according to ISO 32000-1:2008, 14.8.4.4.2, Link Element,
location=Location [level=CosDocument, context=root/document[0]/pages[18](991 0 obj PDPage)/annots[0](994 0 obj PDLinkAnnot)], locationContext=null, errorMessage=null], 
TestAssertion [ruleId=RuleId [specification=ISO 14289-1:2014, clause=7.18.1, testNumber=2], status=failed,
message=An annotation (except Widget annotations or hidden annotations, or those having rectangle outside the crop-box) shall have either Contents key or an Alt entry in the enclosing structure element,
location=Location [level=CosDocument, context=root/document[0]/pages[18](991 0 obj PDPage)/annots[0](994 0 obj PDLinkAnnot)], locationContext=null, errorMessage=null], 
TestAssertion [ruleId=RuleId [specification=ISO 14289-1:2014, clause=7.2, testNumber=26], status=failed,
message=TOCI element should be contained in TOC element,
location=Location [level=CosDocument, context=root/document[0]/StructTreeRoot[0](2217 0 obj PDStructTreeRoot)/K[0](2219 0 obj SEDocument Document)/K[2](2238 0 obj SEPart Part)/K[0](2296 0 obj SESect Sect)/K[1](2298 0 obj SEDiv Div)/K[0](2300 0 obj SEDiv Div)/K[3](2311 0 obj SETOCI TOCI)], locationContext=null, errorMessage=null], 
TestAssertion [ruleId=RuleId [specification=ISO 14289-1:2014, clause=7.2, testNumber=26], status=failed,
message=TOCI element should be contained in TOC element,
location=Location [level=CosDocument, context=root/document[0]/StructTreeRoot[0](2217 0 obj PDStructTreeRoot)/K[0](2219 0 obj SEDocument Document)/K[2](2238 0 obj SEPart Part)/K[0](2296 0 obj SESect Sect)/K[1](2298 0 obj SEDiv Div)/K[0](2300 0 obj SEDiv Div)/K[4](2312 0 obj SETOCI TOCI)], locationContext=null, errorMessage=null], 
TestAssertion [ruleId=RuleId [specification=ISO 14289-1:2014, clause=7.2, testNumber=26], status=failed,
message=TOCI element should be contained in TOC element,
location=Location [level=CosDocument, context=root/document[0]/StructTreeRoot[0](2217 0 obj PDStructTreeRoot)/K[0](2219 0 obj SEDocument Document)/K[2](2238 0 obj SEPart Part)/K[0](2296 0 obj SESect Sect)/K[1](2298 0 obj SEDiv Div)/K[0](2300 0 obj SEDiv Div)/K[5](2313 0 obj SETOCI TOCI)], locationContext=null, errorMessage=null], 
TestAssertion [ruleId=RuleId [specification=ISO 14289-1:2014, clause=7.2, testNumber=26], status=failed,
message=TOCI element should be contained in TOC element,
location=Location [level=CosDocument, context=root/document[0]/StructTreeRoot[0](2217 0 obj PDStructTreeRoot)/K[0](2219 0 obj SEDocument Document)/K[2](2238 0 obj SEPart Part)/K[0](2296 0 obj SESect Sect)/K[1](2298 0 obj SEDiv Div)/K[0](2300 0 obj SEDiv Div)/K[6](2314 0 obj SETOCI TOCI)], locationContext=null, errorMessage=null], 
TestAssertion [ruleId=RuleId [specification=ISO 14289-1:2014, clause=7.2, testNumber=26], status=failed,
message=TOCI element should be contained in TOC element,
location=Location [level=CosDocument, context=root/document[0]/StructTreeRoot[0](2217 0 obj PDStructTreeRoot)/K[0](2219 0 obj SEDocument Document)/K[2](2238 0 obj SEPart Part)/K[0](2296 0 obj SESect Sect)/K[1](2298 0 obj SEDiv Div)/K[0](2300 0 obj SEDiv Div)/K[7](2315 0 obj SETOCI TOCI)], locationContext=null, errorMessage=null], 
TestAssertion [ruleId=RuleId [specification=ISO 14289-1:2014, clause=7.2, testNumber=26], status=failed,
message=TOCI element should be contained in TOC element,
location=Location [level=CosDocument, context=root/document[0]/StructTreeRoot[0](2217 0 obj PDStructTreeRoot)/K[0](2219 0 obj SEDocument Document)/K[2](2238 0 obj SEPart Part)/K[0](2296 0 obj SESect Sect)/K[1](2298 0 obj SEDiv Div)/K[0](2300 0 obj SEDiv Div)/K[8](2316 0 obj SETOCI TOCI)], locationContext=null, errorMessage=null], 
TestAssertion [ruleId=RuleId [specification=ISO 14289-1:2014, clause=7.2, testNumber=26], status=failed,
message=TOCI element should be contained in TOC element,
location=Location [level=CosDocument, context=root/document[0]/StructTreeRoot[0](2217 0 obj PDStructTreeRoot)/K[0](2219 0 obj SEDocument Document)/K[2](2238 0 obj SEPart Part)/K[0](2296 0 obj SESect Sect)/K[1](2298 0 obj SEDiv Div)/K[0](2300 0 obj SEDiv Div)/K[9](2317 0 obj SETOCI TOCI)], locationContext=null, errorMessage=null], 
TestAssertion [ruleId=RuleId [specification=ISO 14289-1:2014, clause=7.2, testNumber=26], status=failed,
message=TOCI element should be contained in TOC element,
location=Location [level=CosDocument, context=root/document[0]/StructTreeRoot[0](2217 0 obj PDStructTreeRoot)/K[0](2219 0 obj SEDocument Document)/K[2](2238 0 obj SEPart Part)/K[0](2296 0 obj SESect Sect)/K[1](2298 0 obj SEDiv Div)/K[0](2300 0 obj SEDiv Div)/K[10](2318 0 obj SETOCI TOCI)], locationContext=null, errorMessage=null], 
TestAssertion [ruleId=RuleId [specification=ISO 14289-1:2014, clause=7.2, testNumber=26], status=failed,
message=TOCI element should be contained in TOC element,
location=Location [level=CosDocument, context=root/document[0]/StructTreeRoot[0](2217 0 obj PDStructTreeRoot)/K[0](2219 0 obj SEDocument Document)/K[2](2238 0 obj SEPart Part)/K[0](2296 0 obj SESect Sect)/K[1](2298 0 obj SEDiv Div)/K[0](2300 0 obj SEDiv Div)/K[11](2319 0 obj SETOCI TOCI)], locationContext=null, errorMessage=null]], isCompliant=false]
