PDF isn't valid PDF/UA-1:
ValidationResult [flavour=ua1, totalAssertions=750072, assertions=[
TestAssertion [ruleId=RuleId [specification=ISO 14289-1:2014, clause=7.2, testNumber=26], status=failed,
message=TOCI element should be contained in TOC element,
location=Location [level=CosDocument, context=root/document[0]/StructTreeRoot[0](4767 0 obj PDStructTreeRoot)/K[0](4769 0 obj SEDocument Document)/K[2](4780 0 obj SEPart Part)/K[0](4838 0 obj SESect Sect)/K[1](4840 0 obj SEDiv Div)/K[0](4843 0 obj SEDiv Div)/K[3](4848 0 obj SETOCI TOCI)], locationContext=null, errorMessage=null], 
TestAssertion [ruleId=RuleId [specification=ISO 14289-1:2014, clause=7.2, testNumber=26], status=failed,
message=TOCI element should be contained in TOC element,
location=Location [level=CosDocument, context=root/document[0]/StructTreeRoot[0](4767 0 obj PDStructTreeRoot)/K[0](4769 0 obj SEDocument Document)/K[2](4780 0 obj SEPart Part)/K[0](4838 0 obj SESect Sect)/K[1](4840 0 obj SEDiv Div)/K[0](4843 0 obj SEDiv Div)/K[4](4849 0 obj SETOCI TOCI)], locationContext=null, errorMessage=null], 
TestAssertion [ruleId=RuleId [specification=ISO 14289-1:2014, clause=7.2, testNumber=26], status=failed,
message=TOCI element should be contained in TOC element,
location=Location [level=CosDocument, context=root/document[0]/StructTreeRoot[0](4767 0 obj PDStructTreeRoot)/K[0](4769 0 obj SEDocument Document)/K[2](4780 0 obj SEPart Part)/K[0](4838 0 obj SESect Sect)/K[1](4840 0 obj SEDiv Div)/K[0](4843 0 obj SEDiv Div)/K[5](4850 0 obj SETOCI TOCI)], locationContext=null, errorMessage=null], 
TestAssertion [ruleId=RuleId [specification=ISO 14289-1:2014, clause=7.2, testNumber=26], status=failed,
message=TOCI element should be contained in TOC element,
location=Location [level=CosDocument, context=root/document[0]/StructTreeRoot[0](4767 0 obj PDStructTreeRoot)/K[0](4769 0 obj SEDocument Document)/K[2](4780 0 obj SEPart Part)/K[0](4838 0 obj SESect Sect)/K[1](4840 0 obj SEDiv Div)/K[0](4843 0 obj SEDiv Div)/K[6](4851 0 obj SETOCI TOCI)], locationContext=null, errorMessage=null], 
TestAssertion [ruleId=RuleId [specification=ISO 14289-1:2014, clause=7.2, testNumber=26], status=failed,
message=TOCI element should be contained in TOC element,
location=Location [level=CosDocument, context=root/document[0]/StructTreeRoot[0](4767 0 obj PDStructTreeRoot)/K[0](4769 0 obj SEDocument Document)/K[2](4780 0 obj SEPart Part)/K[0](4838 0 obj SESect Sect)/K[1](4840 0 obj SEDiv Div)/K[0](4843 0 obj SEDiv Div)/K[8](4853 0 obj SETOCI TOCI)], locationContext=null, errorMessage=null], 
TestAssertion [ruleId=RuleId [specification=ISO 14289-1:2014, clause=7.2, testNumber=26], status=failed,
message=TOCI element should be contained in TOC element,
location=Location [level=CosDocument, context=root/document[0]/StructTreeRoot[0](4767 0 obj PDStructTreeRoot)/K[0](4769 0 obj SEDocument Document)/K[2](4780 0 obj SEPart Part)/K[0](4838 0 obj SESect Sect)/K[1](4840 0 obj SEDiv Div)/K[0](4843 0 obj SEDiv Div)/K[9](4854 0 obj SETOCI TOCI)], locationContext=null, errorMessage=null], 
TestAssertion [ruleId=RuleId [specification=ISO 14289-1:2014, clause=7.2, testNumber=26], status=failed,
message=TOCI element should be contained in TOC element,
location=Location [level=CosDocument, context=root/document[0]/StructTreeRoot[0](4767 0 obj PDStructTreeRoot)/K[0](4769 0 obj SEDocument Document)/K[2](4780 0 obj SEPart Part)/K[0](4838 0 obj SESect Sect)/K[1](4840 0 obj SEDiv Div)/K[0](4843 0 obj SEDiv Div)/K[10](4855 0 obj SETOCI TOCI)], locationContext=null, errorMessage=null], 
TestAssertion [ruleId=RuleId [specification=ISO 14289-1:2014, clause=7.2, testNumber=26], status=failed,
message=TOCI element should be contained in TOC element,
location=Location [level=CosDocument, context=root/document[0]/StructTreeRoot[0](4767 0 obj PDStructTreeRoot)/K[0](4769 0 obj SEDocument Document)/K[2](4780 0 obj SEPart Part)/K[0](4838 0 obj SESect Sect)/K[1](4840 0 obj SEDiv Div)/K[0](4843 0 obj SEDiv Div)/K[11](4856 0 obj SETOCI TOCI)], locationContext=null, errorMessage=null], 
TestAssertion [ruleId=RuleId [specification=ISO 14289-1:2014, clause=7.2, testNumber=26], status=failed,
message=TOCI element should be contained in TOC element,
location=Location [level=CosDocument, context=root/document[0]/StructTreeRoot[0](4767 0 obj PDStructTreeRoot)/K[0](4769 0 obj SEDocument Document)/K[2](4780 0 obj SEPart Part)/K[0](4838 0 obj SESect Sect)/K[1](4840 0 obj SEDiv Div)/K[0](4843 0 obj SEDiv Div)/K[12](4857 0 obj SETOCI TOCI)], locationContext=null, errorMessage=null], 
TestAssertion [ruleId=RuleId [specification=ISO 14289-1:2014, clause=7.2, testNumber=26], status=failed,
message=TOCI element should be contained in TOC element,
location=Location [level=CosDocument, context=root/document[0]/StructTreeRoot[0](4767 0 obj PDStructTreeRoot)/K[0](4769 0 obj SEDocument Document)/K[2](4780 0 obj SEPart Part)/K[0](4838 0 obj SESect Sect)/K[1](4840 0 obj SEDiv Div)/K[0](4843 0 obj SEDiv Div)/K[13](4858 0 obj SETOCI TOCI)], locationContext=null, errorMessage=null], 
TestAssertion [ruleId=RuleId [specification=ISO 14289-1:2014, clause=7.2, testNumber=26], status=failed,
message=TOCI element should be contained in TOC element,
location=Location [level=CosDocument, context=root/document[0]/StructTreeRoot[0](4767 0 obj PDStructTreeRoot)/K[0](4769 0 obj SEDocument Document)/K[2](4780 0 obj SEPart Part)/K[0](4838 0 obj SESect Sect)/K[1](4840 0 obj SEDiv Div)/K[0](4843 0 obj SEDiv Div)/K[14](4859 0 obj SETOCI TOCI)], locationContext=null, errorMessage=null], 
TestAssertion [ruleId=RuleId [specification=ISO 14289-1:2014, clause=7.2, testNumber=26], status=failed,
message=TOCI element should be contained in TOC element,
location=Location [level=CosDocument, context=root/document[0]/StructTreeRoot[0](4767 0 obj PDStructTreeRoot)/K[0](4769 0 obj SEDocument Document)/K[2](4780 0 obj SEPart Part)/K[0](4838 0 obj SESect Sect)/K[1](4840 0 obj SEDiv Div)/K[0](4843 0 obj SEDiv Div)/K[15](4860 0 obj SETOCI TOCI)], locationContext=null, errorMessage=null], 
TestAssertion [ruleId=RuleId [specification=ISO 14289-1:2014, clause=7.2, testNumber=26], status=failed,
message=TOCI element should be contained in TOC element,
location=Location [level=CosDocument, context=root/document[0]/StructTreeRoot[0](4767 0 obj PDStructTreeRoot)/K[0](4769 0 obj SEDocument Document)/K[2](4780 0 obj SEPart Part)/K[0](4838 0 obj SESect Sect)/K[1](4840 0 obj SEDiv Div)/K[0](4843 0 obj SEDiv Div)/K[16](4861 0 obj SETOCI TOCI)], locationContext=null, errorMessage=null], 
TestAssertion [ruleId=RuleId [specification=ISO 14289-1:2014, clause=7.2, testNumber=26], status=failed,
message=TOCI element should be contained in TOC element,
location=Location [level=CosDocument, context=root/document[0]/StructTreeRoot[0](4767 0 obj PDStructTreeRoot)/K[0](4769 0 obj SEDocument Document)/K[2](4780 0 obj SEPart Part)/K[0](4838 0 obj SESect Sect)/K[1](4840 0 obj SEDiv Div)/K[0](4843 0 obj SEDiv Div)/K[17](4862 0 obj SETOCI TOCI)], locationContext=null, errorMessage=null], 
TestAssertion [ruleId=RuleId [specification=ISO 14289-1:2014, clause=7.2, testNumber=26], status=failed,
message=TOCI element should be contained in TOC element,
location=Location [level=CosDocument, context=root/document[0]/StructTreeRoot[0](4767 0 obj PDStructTreeRoot)/K[0](4769 0 obj SEDocument Document)/K[2](4780 0 obj SEPart Part)/K[0](4838 0 obj SESect Sect)/K[1](4840 0 obj SEDiv Div)/K[0](4843 0 obj SEDiv Div)/K[18](4863 0 obj SETOCI TOCI)], locationContext=null, errorMessage=null], 
TestAssertion [ruleId=RuleId [specification=ISO 14289-1:2014, clause=7.2, testNumber=26], status=failed,
message=TOCI element should be contained in TOC element,
location=Location [level=CosDocument, context=root/document[0]/StructTreeRoot[0](4767 0 obj PDStructTreeRoot)/K[0](4769 0 obj SEDocument Document)/K[2](4780 0 obj SEPart Part)/K[0](4838 0 obj SESect Sect)/K[1](4840 0 obj SEDiv Div)/K[0](4843 0 obj SEDiv Div)/K[19](4864 0 obj SETOCI TOCI)], locationContext=null, errorMessage=null], 
TestAssertion [ruleId=RuleId [specification=ISO 14289-1:2014, clause=7.2, testNumber=26], status=failed,
message=TOCI element should be contained in TOC element,
location=Location [level=CosDocument, context=root/document[0]/StructTreeRoot[0](4767 0 obj PDStructTreeRoot)/K[0](4769 0 obj SEDocument Document)/K[2](4780 0 obj SEPart Part)/K[0](4838 0 obj SESect Sect)/K[1](4840 0 obj SEDiv Div)/K[0](4843 0 obj SEDiv Div)/K[20](4865 0 obj SETOCI TOCI)], locationContext=null, errorMessage=null]], isCompliant=false]
