The contents of fo:region-body on page 30 exceed its viewport by 21945 millipoints. (See position 1:2010)
PDF isn't valid PDF/UA-1:
ValidationResult [flavour=ua1, totalAssertions=553034, assertions=[
TestAssertion [ruleId=RuleId [specification=ISO 14289-1:2014, clause=7.2, testNumber=26], status=failed,
message=TOCI element should be contained in TOC element,
location=Location [level=CosDocument, context=root/document[0]/StructTreeRoot[0](3704 0 obj PDStructTreeRoot)/K[0](3706 0 obj SEDocument Document)/K[2](3720 0 obj SEPart Part)/K[0](3780 0 obj SESect Sect)/K[1](3782 0 obj SEDiv Div)/K[0](3784 0 obj SEDiv Div)/K[3](3796 0 obj SETOCI TOCI)], locationContext=null, errorMessage=null], 
TestAssertion [ruleId=RuleId [specification=ISO 14289-1:2014, clause=7.2, testNumber=26], status=failed,
message=TOCI element should be contained in TOC element,
location=Location [level=CosDocument, context=root/document[0]/StructTreeRoot[0](3704 0 obj PDStructTreeRoot)/K[0](3706 0 obj SEDocument Document)/K[2](3720 0 obj SEPart Part)/K[0](3780 0 obj SESect Sect)/K[1](3782 0 obj SEDiv Div)/K[0](3784 0 obj SEDiv Div)/K[4](3797 0 obj SETOCI TOCI)], locationContext=null, errorMessage=null], 
TestAssertion [ruleId=RuleId [specification=ISO 14289-1:2014, clause=7.2, testNumber=26], status=failed,
message=TOCI element should be contained in TOC element,
location=Location [level=CosDocument, context=root/document[0]/StructTreeRoot[0](3704 0 obj PDStructTreeRoot)/K[0](3706 0 obj SEDocument Document)/K[2](3720 0 obj SEPart Part)/K[0](3780 0 obj SESect Sect)/K[1](3782 0 obj SEDiv Div)/K[0](3784 0 obj SEDiv Div)/K[5](3798 0 obj SETOCI TOCI)], locationContext=null, errorMessage=null], 
TestAssertion [ruleId=RuleId [specification=ISO 14289-1:2014, clause=7.2, testNumber=26], status=failed,
message=TOCI element should be contained in TOC element,
location=Location [level=CosDocument, context=root/document[0]/StructTreeRoot[0](3704 0 obj PDStructTreeRoot)/K[0](3706 0 obj SEDocument Document)/K[2](3720 0 obj SEPart Part)/K[0](3780 0 obj SESect Sect)/K[1](3782 0 obj SEDiv Div)/K[0](3784 0 obj SEDiv Div)/K[6](3799 0 obj SETOCI TOCI)], locationContext=null, errorMessage=null], 
TestAssertion [ruleId=RuleId [specification=ISO 14289-1:2014, clause=7.2, testNumber=26], status=failed,
message=TOCI element should be contained in TOC element,
location=Location [level=CosDocument, context=root/document[0]/StructTreeRoot[0](3704 0 obj PDStructTreeRoot)/K[0](3706 0 obj SEDocument Document)/K[2](3720 0 obj SEPart Part)/K[0](3780 0 obj SESect Sect)/K[1](3782 0 obj SEDiv Div)/K[0](3784 0 obj SEDiv Div)/K[7](3800 0 obj SETOCI TOCI)], locationContext=null, errorMessage=null], 
TestAssertion [ruleId=RuleId [specification=ISO 14289-1:2014, clause=7.2, testNumber=26], status=failed,
message=TOCI element should be contained in TOC element,
location=Location [level=CosDocument, context=root/document[0]/StructTreeRoot[0](3704 0 obj PDStructTreeRoot)/K[0](3706 0 obj SEDocument Document)/K[2](3720 0 obj SEPart Part)/K[0](3780 0 obj SESect Sect)/K[1](3782 0 obj SEDiv Div)/K[0](3784 0 obj SEDiv Div)/K[8](3801 0 obj SETOCI TOCI)], locationContext=null, errorMessage=null], 
TestAssertion [ruleId=RuleId [specification=ISO 14289-1:2014, clause=7.2, testNumber=26], status=failed,
message=TOCI element should be contained in TOC element,
location=Location [level=CosDocument, context=root/document[0]/StructTreeRoot[0](3704 0 obj PDStructTreeRoot)/K[0](3706 0 obj SEDocument Document)/K[2](3720 0 obj SEPart Part)/K[0](3780 0 obj SESect Sect)/K[1](3782 0 obj SEDiv Div)/K[0](3784 0 obj SEDiv Div)/K[9](3802 0 obj SETOCI TOCI)], locationContext=null, errorMessage=null], 
TestAssertion [ruleId=RuleId [specification=ISO 14289-1:2014, clause=7.2, testNumber=26], status=failed,
message=TOCI element should be contained in TOC element,
location=Location [level=CosDocument, context=root/document[0]/StructTreeRoot[0](3704 0 obj PDStructTreeRoot)/K[0](3706 0 obj SEDocument Document)/K[2](3720 0 obj SEPart Part)/K[0](3780 0 obj SESect Sect)/K[1](3782 0 obj SEDiv Div)/K[0](3784 0 obj SEDiv Div)/K[10](3803 0 obj SETOCI TOCI)], locationContext=null, errorMessage=null], 
TestAssertion [ruleId=RuleId [specification=ISO 14289-1:2014, clause=7.2, testNumber=26], status=failed,
message=TOCI element should be contained in TOC element,
location=Location [level=CosDocument, context=root/document[0]/StructTreeRoot[0](3704 0 obj PDStructTreeRoot)/K[0](3706 0 obj SEDocument Document)/K[2](3720 0 obj SEPart Part)/K[0](3780 0 obj SESect Sect)/K[1](3782 0 obj SEDiv Div)/K[0](3784 0 obj SEDiv Div)/K[11](3804 0 obj SETOCI TOCI)], locationContext=null, errorMessage=null], 
TestAssertion [ruleId=RuleId [specification=ISO 14289-1:2014, clause=7.2, testNumber=26], status=failed,
message=TOCI element should be contained in TOC element,
location=Location [level=CosDocument, context=root/document[0]/StructTreeRoot[0](3704 0 obj PDStructTreeRoot)/K[0](3706 0 obj SEDocument Document)/K[2](3720 0 obj SEPart Part)/K[0](3780 0 obj SESect Sect)/K[1](3782 0 obj SEDiv Div)/K[0](3784 0 obj SEDiv Div)/K[12](3805 0 obj SETOCI TOCI)], locationContext=null, errorMessage=null], 
TestAssertion [ruleId=RuleId [specification=ISO 14289-1:2014, clause=7.2, testNumber=26], status=failed,
message=TOCI element should be contained in TOC element,
location=Location [level=CosDocument, context=root/document[0]/StructTreeRoot[0](3704 0 obj PDStructTreeRoot)/K[0](3706 0 obj SEDocument Document)/K[2](3720 0 obj SEPart Part)/K[0](3780 0 obj SESect Sect)/K[1](3782 0 obj SEDiv Div)/K[0](3784 0 obj SEDiv Div)/K[13](3806 0 obj SETOCI TOCI)], locationContext=null, errorMessage=null], 
TestAssertion [ruleId=RuleId [specification=ISO 14289-1:2014, clause=7.2, testNumber=26], status=failed,
message=TOCI element should be contained in TOC element,
location=Location [level=CosDocument, context=root/document[0]/StructTreeRoot[0](3704 0 obj PDStructTreeRoot)/K[0](3706 0 obj SEDocument Document)/K[2](3720 0 obj SEPart Part)/K[0](3780 0 obj SESect Sect)/K[1](3782 0 obj SEDiv Div)/K[0](3784 0 obj SEDiv Div)/K[14](3807 0 obj SETOCI TOCI)], locationContext=null, errorMessage=null], 
TestAssertion [ruleId=RuleId [specification=ISO 14289-1:2014, clause=7.2, testNumber=26], status=failed,
message=TOCI element should be contained in TOC element,
location=Location [level=CosDocument, context=root/document[0]/StructTreeRoot[0](3704 0 obj PDStructTreeRoot)/K[0](3706 0 obj SEDocument Document)/K[2](3720 0 obj SEPart Part)/K[0](3780 0 obj SESect Sect)/K[1](3782 0 obj SEDiv Div)/K[0](3784 0 obj SEDiv Div)/K[15](3808 0 obj SETOCI TOCI)], locationContext=null, errorMessage=null], 
TestAssertion [ruleId=RuleId [specification=ISO 14289-1:2014, clause=7.2, testNumber=26], status=failed,
message=TOCI element should be contained in TOC element,
location=Location [level=CosDocument, context=root/document[0]/StructTreeRoot[0](3704 0 obj PDStructTreeRoot)/K[0](3706 0 obj SEDocument Document)/K[2](3720 0 obj SEPart Part)/K[0](3780 0 obj SESect Sect)/K[1](3782 0 obj SEDiv Div)/K[0](3784 0 obj SEDiv Div)/K[16](3809 0 obj SETOCI TOCI)], locationContext=null, errorMessage=null]], isCompliant=false]
