PDF isn't valid PDF/UA-1:
ValidationResult [flavour=ua1, totalAssertions=267620, assertions=[
TestAssertion [ruleId=RuleId [specification=ISO 14289-1:2014, clause=7.2, testNumber=26], status=failed,
message=TOCI element should be contained in TOC element,
location=Location [level=CosDocument, context=root/document[0]/StructTreeRoot[0](2566 0 obj PDStructTreeRoot)/K[0](2568 0 obj SEDocument Document)/K[2](2580 0 obj SEPart Part)/K[0](2646 0 obj SESect Sect)/K[1](2648 0 obj SEDiv Div)/K[0](2650 0 obj SEDiv Div)/K[3](2661 0 obj SETOCI TOCI)], locationContext=null, errorMessage=null], 
TestAssertion [ruleId=RuleId [specification=ISO 14289-1:2014, clause=7.2, testNumber=26], status=failed,
message=TOCI element should be contained in TOC element,
location=Location [level=CosDocument, context=root/document[0]/StructTreeRoot[0](2566 0 obj PDStructTreeRoot)/K[0](2568 0 obj SEDocument Document)/K[2](2580 0 obj SEPart Part)/K[0](2646 0 obj SESect Sect)/K[1](2648 0 obj SEDiv Div)/K[0](2650 0 obj SEDiv Div)/K[4](2662 0 obj SETOCI TOCI)], locationContext=null, errorMessage=null], 
TestAssertion [ruleId=RuleId [specification=ISO 14289-1:2014, clause=7.2, testNumber=26], status=failed,
message=TOCI element should be contained in TOC element,
location=Location [level=CosDocument, context=root/document[0]/StructTreeRoot[0](2566 0 obj PDStructTreeRoot)/K[0](2568 0 obj SEDocument Document)/K[2](2580 0 obj SEPart Part)/K[0](2646 0 obj SESect Sect)/K[1](2648 0 obj SEDiv Div)/K[0](2650 0 obj SEDiv Div)/K[5](2663 0 obj SETOCI TOCI)], locationContext=null, errorMessage=null], 
TestAssertion [ruleId=RuleId [specification=ISO 14289-1:2014, clause=7.2, testNumber=26], status=failed,
message=TOCI element should be contained in TOC element,
location=Location [level=CosDocument, context=root/document[0]/StructTreeRoot[0](2566 0 obj PDStructTreeRoot)/K[0](2568 0 obj SEDocument Document)/K[2](2580 0 obj SEPart Part)/K[0](2646 0 obj SESect Sect)/K[1](2648 0 obj SEDiv Div)/K[0](2650 0 obj SEDiv Div)/K[6](2664 0 obj SETOCI TOCI)], locationContext=null, errorMessage=null], 
TestAssertion [ruleId=RuleId [specification=ISO 14289-1:2014, clause=7.2, testNumber=26], status=failed,
message=TOCI element should be contained in TOC element,
location=Location [level=CosDocument, context=root/document[0]/StructTreeRoot[0](2566 0 obj PDStructTreeRoot)/K[0](2568 0 obj SEDocument Document)/K[2](2580 0 obj SEPart Part)/K[0](2646 0 obj SESect Sect)/K[1](2648 0 obj SEDiv Div)/K[0](2650 0 obj SEDiv Div)/K[7](2665 0 obj SETOCI TOCI)], locationContext=null, errorMessage=null], 
TestAssertion [ruleId=RuleId [specification=ISO 14289-1:2014, clause=7.2, testNumber=26], status=failed,
message=TOCI element should be contained in TOC element,
location=Location [level=CosDocument, context=root/document[0]/StructTreeRoot[0](2566 0 obj PDStructTreeRoot)/K[0](2568 0 obj SEDocument Document)/K[2](2580 0 obj SEPart Part)/K[0](2646 0 obj SESect Sect)/K[1](2648 0 obj SEDiv Div)/K[0](2650 0 obj SEDiv Div)/K[8](2666 0 obj SETOCI TOCI)], locationContext=null, errorMessage=null], 
TestAssertion [ruleId=RuleId [specification=ISO 14289-1:2014, clause=7.2, testNumber=26], status=failed,
message=TOCI element should be contained in TOC element,
location=Location [level=CosDocument, context=root/document[0]/StructTreeRoot[0](2566 0 obj PDStructTreeRoot)/K[0](2568 0 obj SEDocument Document)/K[2](2580 0 obj SEPart Part)/K[0](2646 0 obj SESect Sect)/K[1](2648 0 obj SEDiv Div)/K[0](2650 0 obj SEDiv Div)/K[9](2667 0 obj SETOCI TOCI)], locationContext=null, errorMessage=null], 
TestAssertion [ruleId=RuleId [specification=ISO 14289-1:2014, clause=7.2, testNumber=26], status=failed,
message=TOCI element should be contained in TOC element,
location=Location [level=CosDocument, context=root/document[0]/StructTreeRoot[0](2566 0 obj PDStructTreeRoot)/K[0](2568 0 obj SEDocument Document)/K[2](2580 0 obj SEPart Part)/K[0](2646 0 obj SESect Sect)/K[1](2648 0 obj SEDiv Div)/K[0](2650 0 obj SEDiv Div)/K[10](2668 0 obj SETOCI TOCI)], locationContext=null, errorMessage=null], 
TestAssertion [ruleId=RuleId [specification=ISO 14289-1:2014, clause=7.2, testNumber=26], status=failed,
message=TOCI element should be contained in TOC element,
location=Location [level=CosDocument, context=root/document[0]/StructTreeRoot[0](2566 0 obj PDStructTreeRoot)/K[0](2568 0 obj SEDocument Document)/K[2](2580 0 obj SEPart Part)/K[0](2646 0 obj SESect Sect)/K[1](2648 0 obj SEDiv Div)/K[0](2650 0 obj SEDiv Div)/K[11](2669 0 obj SETOCI TOCI)], locationContext=null, errorMessage=null], 
TestAssertion [ruleId=RuleId [specification=ISO 14289-1:2014, clause=7.2, testNumber=26], status=failed,
message=TOCI element should be contained in TOC element,
location=Location [level=CosDocument, context=root/document[0]/StructTreeRoot[0](2566 0 obj PDStructTreeRoot)/K[0](2568 0 obj SEDocument Document)/K[2](2580 0 obj SEPart Part)/K[0](2646 0 obj SESect Sect)/K[1](2648 0 obj SEDiv Div)/K[0](2650 0 obj SEDiv Div)/K[13](2671 0 obj SETOCI TOCI)], locationContext=null, errorMessage=null], 
TestAssertion [ruleId=RuleId [specification=ISO 14289-1:2014, clause=7.2, testNumber=26], status=failed,
message=TOCI element should be contained in TOC element,
location=Location [level=CosDocument, context=root/document[0]/StructTreeRoot[0](2566 0 obj PDStructTreeRoot)/K[0](2568 0 obj SEDocument Document)/K[2](2580 0 obj SEPart Part)/K[0](2646 0 obj SESect Sect)/K[1](2648 0 obj SEDiv Div)/K[0](2650 0 obj SEDiv Div)/K[14](2672 0 obj SETOCI TOCI)], locationContext=null, errorMessage=null], 
TestAssertion [ruleId=RuleId [specification=ISO 14289-1:2014, clause=7.2, testNumber=26], status=failed,
message=TOCI element should be contained in TOC element,
location=Location [level=CosDocument, context=root/document[0]/StructTreeRoot[0](2566 0 obj PDStructTreeRoot)/K[0](2568 0 obj SEDocument Document)/K[2](2580 0 obj SEPart Part)/K[0](2646 0 obj SESect Sect)/K[1](2648 0 obj SEDiv Div)/K[0](2650 0 obj SEDiv Div)/K[15](2673 0 obj SETOCI TOCI)], locationContext=null, errorMessage=null], 
TestAssertion [ruleId=RuleId [specification=ISO 14289-1:2014, clause=7.2, testNumber=26], status=failed,
message=TOCI element should be contained in TOC element,
location=Location [level=CosDocument, context=root/document[0]/StructTreeRoot[0](2566 0 obj PDStructTreeRoot)/K[0](2568 0 obj SEDocument Document)/K[2](2580 0 obj SEPart Part)/K[0](2646 0 obj SESect Sect)/K[1](2648 0 obj SEDiv Div)/K[0](2650 0 obj SEDiv Div)/K[16](2674 0 obj SETOCI TOCI)], locationContext=null, errorMessage=null], 
TestAssertion [ruleId=RuleId [specification=ISO 14289-1:2014, clause=7.2, testNumber=26], status=failed,
message=TOCI element should be contained in TOC element,
location=Location [level=CosDocument, context=root/document[0]/StructTreeRoot[0](2566 0 obj PDStructTreeRoot)/K[0](2568 0 obj SEDocument Document)/K[2](2580 0 obj SEPart Part)/K[0](2646 0 obj SESect Sect)/K[1](2648 0 obj SEDiv Div)/K[0](2650 0 obj SEDiv Div)/K[17](2675 0 obj SETOCI TOCI)], locationContext=null, errorMessage=null], 
TestAssertion [ruleId=RuleId [specification=ISO 14289-1:2014, clause=7.2, testNumber=26], status=failed,
message=TOCI element should be contained in TOC element,
location=Location [level=CosDocument, context=root/document[0]/StructTreeRoot[0](2566 0 obj PDStructTreeRoot)/K[0](2568 0 obj SEDocument Document)/K[2](2580 0 obj SEPart Part)/K[0](2646 0 obj SESect Sect)/K[1](2648 0 obj SEDiv Div)/K[0](2650 0 obj SEDiv Div)/K[19](2677 0 obj SETOCI TOCI)], locationContext=null, errorMessage=null], 
TestAssertion [ruleId=RuleId [specification=ISO 14289-1:2014, clause=7.2, testNumber=26], status=failed,
message=TOCI element should be contained in TOC element,
location=Location [level=CosDocument, context=root/document[0]/StructTreeRoot[0](2566 0 obj PDStructTreeRoot)/K[0](2568 0 obj SEDocument Document)/K[2](2580 0 obj SEPart Part)/K[0](2646 0 obj SESect Sect)/K[1](2648 0 obj SEDiv Div)/K[0](2650 0 obj SEDiv Div)/K[20](2678 0 obj SETOCI TOCI)], locationContext=null, errorMessage=null], 
TestAssertion [ruleId=RuleId [specification=ISO 14289-1:2014, clause=7.2, testNumber=26], status=failed,
message=TOCI element should be contained in TOC element,
location=Location [level=CosDocument, context=root/document[0]/StructTreeRoot[0](2566 0 obj PDStructTreeRoot)/K[0](2568 0 obj SEDocument Document)/K[2](2580 0 obj SEPart Part)/K[0](2646 0 obj SESect Sect)/K[1](2648 0 obj SEDiv Div)/K[0](2650 0 obj SEDiv Div)/K[21](2679 0 obj SETOCI TOCI)], locationContext=null, errorMessage=null], 
TestAssertion [ruleId=RuleId [specification=ISO 14289-1:2014, clause=7.2, testNumber=26], status=failed,
message=TOCI element should be contained in TOC element,
location=Location [level=CosDocument, context=root/document[0]/StructTreeRoot[0](2566 0 obj PDStructTreeRoot)/K[0](2568 0 obj SEDocument Document)/K[2](2580 0 obj SEPart Part)/K[0](2646 0 obj SESect Sect)/K[1](2648 0 obj SEDiv Div)/K[0](2650 0 obj SEDiv Div)/K[22](2680 0 obj SETOCI TOCI)], locationContext=null, errorMessage=null], 
TestAssertion [ruleId=RuleId [specification=ISO 14289-1:2014, clause=7.2, testNumber=26], status=failed,
message=TOCI element should be contained in TOC element,
location=Location [level=CosDocument, context=root/document[0]/StructTreeRoot[0](2566 0 obj PDStructTreeRoot)/K[0](2568 0 obj SEDocument Document)/K[2](2580 0 obj SEPart Part)/K[0](2646 0 obj SESect Sect)/K[1](2648 0 obj SEDiv Div)/K[0](2650 0 obj SEDiv Div)/K[23](2681 0 obj SETOCI TOCI)], locationContext=null, errorMessage=null], 
TestAssertion [ruleId=RuleId [specification=ISO 14289-1:2014, clause=7.2, testNumber=26], status=failed,
message=TOCI element should be contained in TOC element,
location=Location [level=CosDocument, context=root/document[0]/StructTreeRoot[0](2566 0 obj PDStructTreeRoot)/K[0](2568 0 obj SEDocument Document)/K[2](2580 0 obj SEPart Part)/K[0](2646 0 obj SESect Sect)/K[1](2648 0 obj SEDiv Div)/K[0](2650 0 obj SEDiv Div)/K[24](2682 0 obj SETOCI TOCI)], locationContext=null, errorMessage=null], 
TestAssertion [ruleId=RuleId [specification=ISO 14289-1:2014, clause=7.2, testNumber=26], status=failed,
message=TOCI element should be contained in TOC element,
location=Location [level=CosDocument, context=root/document[0]/StructTreeRoot[0](2566 0 obj PDStructTreeRoot)/K[0](2568 0 obj SEDocument Document)/K[2](2580 0 obj SEPart Part)/K[0](2646 0 obj SESect Sect)/K[1](2648 0 obj SEDiv Div)/K[0](2650 0 obj SEDiv Div)/K[25](2683 0 obj SETOCI TOCI)], locationContext=null, errorMessage=null], 
TestAssertion [ruleId=RuleId [specification=ISO 14289-1:2014, clause=7.2, testNumber=26], status=failed,
message=TOCI element should be contained in TOC element,
location=Location [level=CosDocument, context=root/document[0]/StructTreeRoot[0](2566 0 obj PDStructTreeRoot)/K[0](2568 0 obj SEDocument Document)/K[2](2580 0 obj SEPart Part)/K[0](2646 0 obj SESect Sect)/K[1](2648 0 obj SEDiv Div)/K[0](2650 0 obj SEDiv Div)/K[26](2684 0 obj SETOCI TOCI)], locationContext=null, errorMessage=null], 
TestAssertion [ruleId=RuleId [specification=ISO 14289-1:2014, clause=7.2, testNumber=26], status=failed,
message=TOCI element should be contained in TOC element,
location=Location [level=CosDocument, context=root/document[0]/StructTreeRoot[0](2566 0 obj PDStructTreeRoot)/K[0](2568 0 obj SEDocument Document)/K[2](2580 0 obj SEPart Part)/K[0](2646 0 obj SESect Sect)/K[1](2648 0 obj SEDiv Div)/K[0](2650 0 obj SEDiv Div)/K[27](2685 0 obj SETOCI TOCI)], locationContext=null, errorMessage=null], 
TestAssertion [ruleId=RuleId [specification=ISO 14289-1:2014, clause=7.2, testNumber=26], status=failed,
message=TOCI element should be contained in TOC element,
location=Location [level=CosDocument, context=root/document[0]/StructTreeRoot[0](2566 0 obj PDStructTreeRoot)/K[0](2568 0 obj SEDocument Document)/K[2](2580 0 obj SEPart Part)/K[0](2646 0 obj SESect Sect)/K[1](2648 0 obj SEDiv Div)/K[0](2650 0 obj SEDiv Div)/K[28](2686 0 obj SETOCI TOCI)], locationContext=null, errorMessage=null], 
TestAssertion [ruleId=RuleId [specification=ISO 14289-1:2014, clause=7.2, testNumber=26], status=failed,
message=TOCI element should be contained in TOC element,
location=Location [level=CosDocument, context=root/document[0]/StructTreeRoot[0](2566 0 obj PDStructTreeRoot)/K[0](2568 0 obj SEDocument Document)/K[2](2580 0 obj SEPart Part)/K[0](2646 0 obj SESect Sect)/K[1](2648 0 obj SEDiv Div)/K[0](2650 0 obj SEDiv Div)/K[29](2687 0 obj SETOCI TOCI)], locationContext=null, errorMessage=null], 
TestAssertion [ruleId=RuleId [specification=ISO 14289-1:2014, clause=7.2, testNumber=26], status=failed,
message=TOCI element should be contained in TOC element,
location=Location [level=CosDocument, context=root/document[0]/StructTreeRoot[0](2566 0 obj PDStructTreeRoot)/K[0](2568 0 obj SEDocument Document)/K[2](2580 0 obj SEPart Part)/K[0](2646 0 obj SESect Sect)/K[1](2648 0 obj SEDiv Div)/K[0](2650 0 obj SEDiv Div)/K[30](2688 0 obj SETOCI TOCI)], locationContext=null, errorMessage=null], 
TestAssertion [ruleId=RuleId [specification=ISO 14289-1:2014, clause=7.2, testNumber=26], status=failed,
message=TOCI element should be contained in TOC element,
location=Location [level=CosDocument, context=root/document[0]/StructTreeRoot[0](2566 0 obj PDStructTreeRoot)/K[0](2568 0 obj SEDocument Document)/K[2](2580 0 obj SEPart Part)/K[0](2646 0 obj SESect Sect)/K[1](2648 0 obj SEDiv Div)/K[0](2650 0 obj SEDiv Div)/K[31](2689 0 obj SETOCI TOCI)], locationContext=null, errorMessage=null], 
TestAssertion [ruleId=RuleId [specification=ISO 14289-1:2014, clause=7.2, testNumber=26], status=failed,
message=TOCI element should be contained in TOC element,
location=Location [level=CosDocument, context=root/document[0]/StructTreeRoot[0](2566 0 obj PDStructTreeRoot)/K[0](2568 0 obj SEDocument Document)/K[2](2580 0 obj SEPart Part)/K[0](2646 0 obj SESect Sect)/K[1](2648 0 obj SEDiv Div)/K[0](2650 0 obj SEDiv Div)/K[32](2690 0 obj SETOCI TOCI)], locationContext=null, errorMessage=null], 
TestAssertion [ruleId=RuleId [specification=ISO 14289-1:2014, clause=7.2, testNumber=26], status=failed,
message=TOCI element should be contained in TOC element,
location=Location [level=CosDocument, context=root/document[0]/StructTreeRoot[0](2566 0 obj PDStructTreeRoot)/K[0](2568 0 obj SEDocument Document)/K[2](2580 0 obj SEPart Part)/K[0](2646 0 obj SESect Sect)/K[1](2648 0 obj SEDiv Div)/K[0](2650 0 obj SEDiv Div)/K[33](2691 0 obj SETOCI TOCI)], locationContext=null, errorMessage=null], 
TestAssertion [ruleId=RuleId [specification=ISO 14289-1:2014, clause=7.2, testNumber=26], status=failed,
message=TOCI element should be contained in TOC element,
location=Location [level=CosDocument, context=root/document[0]/StructTreeRoot[0](2566 0 obj PDStructTreeRoot)/K[0](2568 0 obj SEDocument Document)/K[2](2580 0 obj SEPart Part)/K[0](2646 0 obj SESect Sect)/K[1](2648 0 obj SEDiv Div)/K[0](2650 0 obj SEDiv Div)/K[34](2692 0 obj SETOCI TOCI)], locationContext=null, errorMessage=null]], isCompliant=false]
