PDF isn't valid PDF/UA-1:
ValidationResult [flavour=ua1, totalAssertions=394528, assertions=[
TestAssertion [ruleId=RuleId [specification=ISO 14289-1:2014, clause=7.2, testNumber=26], status=failed,
message=TOCI element should be contained in TOC element,
location=Location [level=CosDocument, context=root/document[0]/StructTreeRoot[0](2839 0 obj PDStructTreeRoot)/K[0](2841 0 obj SEDocument Document)/K[2](2849 0 obj SEPart Part)/K[0](2899 0 obj SESect Sect)/K[1](2901 0 obj SEDiv Div)/K[0](2903 0 obj SEDiv Div)/K[3](2909 0 obj SETOCI TOCI)], locationContext=null, errorMessage=null], 
TestAssertion [ruleId=RuleId [specification=ISO 14289-1:2014, clause=7.2, testNumber=26], status=failed,
message=TOCI element should be contained in TOC element,
location=Location [level=CosDocument, context=root/document[0]/StructTreeRoot[0](2839 0 obj PDStructTreeRoot)/K[0](2841 0 obj SEDocument Document)/K[2](2849 0 obj SEPart Part)/K[0](2899 0 obj SESect Sect)/K[1](2901 0 obj SEDiv Div)/K[0](2903 0 obj SEDiv Div)/K[4](2910 0 obj SETOCI TOCI)], locationContext=null, errorMessage=null], 
TestAssertion [ruleId=RuleId [specification=ISO 14289-1:2014, clause=7.2, testNumber=26], status=failed,
message=TOCI element should be contained in TOC element,
location=Location [level=CosDocument, context=root/document[0]/StructTreeRoot[0](2839 0 obj PDStructTreeRoot)/K[0](2841 0 obj SEDocument Document)/K[2](2849 0 obj SEPart Part)/K[0](2899 0 obj SESect Sect)/K[1](2901 0 obj SEDiv Div)/K[0](2903 0 obj SEDiv Div)/K[5](2911 0 obj SETOCI TOCI)], locationContext=null, errorMessage=null], 
TestAssertion [ruleId=RuleId [specification=ISO 14289-1:2014, clause=7.2, testNumber=26], status=failed,
message=TOCI element should be contained in TOC element,
location=Location [level=CosDocument, context=root/document[0]/StructTreeRoot[0](2839 0 obj PDStructTreeRoot)/K[0](2841 0 obj SEDocument Document)/K[2](2849 0 obj SEPart Part)/K[0](2899 0 obj SESect Sect)/K[1](2901 0 obj SEDiv Div)/K[0](2903 0 obj SEDiv Div)/K[6](2912 0 obj SETOCI TOCI)], locationContext=null, errorMessage=null], 
TestAssertion [ruleId=RuleId [specification=ISO 14289-1:2014, clause=7.2, testNumber=26], status=failed,
message=TOCI element should be contained in TOC element,
location=Location [level=CosDocument, context=root/document[0]/StructTreeRoot[0](2839 0 obj PDStructTreeRoot)/K[0](2841 0 obj SEDocument Document)/K[2](2849 0 obj SEPart Part)/K[0](2899 0 obj SESect Sect)/K[1](2901 0 obj SEDiv Div)/K[0](2903 0 obj SEDiv Div)/K[7](2913 0 obj SETOCI TOCI)], locationContext=null, errorMessage=null], 
TestAssertion [ruleId=RuleId [specification=ISO 14289-1:2014, clause=7.2, testNumber=26], status=failed,
message=TOCI element should be contained in TOC element,
location=Location [level=CosDocument, context=root/document[0]/StructTreeRoot[0](2839 0 obj PDStructTreeRoot)/K[0](2841 0 obj SEDocument Document)/K[2](2849 0 obj SEPart Part)/K[0](2899 0 obj SESect Sect)/K[1](2901 0 obj SEDiv Div)/K[0](2903 0 obj SEDiv Div)/K[8](2914 0 obj SETOCI TOCI)], locationContext=null, errorMessage=null], 
TestAssertion [ruleId=RuleId [specification=ISO 14289-1:2014, clause=7.2, testNumber=26], status=failed,
message=TOCI element should be contained in TOC element,
location=Location [level=CosDocument, context=root/document[0]/StructTreeRoot[0](2839 0 obj PDStructTreeRoot)/K[0](2841 0 obj SEDocument Document)/K[2](2849 0 obj SEPart Part)/K[0](2899 0 obj SESect Sect)/K[1](2901 0 obj SEDiv Div)/K[0](2903 0 obj SEDiv Div)/K[9](2915 0 obj SETOCI TOCI)], locationContext=null, errorMessage=null], 
TestAssertion [ruleId=RuleId [specification=ISO 14289-1:2014, clause=7.2, testNumber=26], status=failed,
message=TOCI element should be contained in TOC element,
location=Location [level=CosDocument, context=root/document[0]/StructTreeRoot[0](2839 0 obj PDStructTreeRoot)/K[0](2841 0 obj SEDocument Document)/K[2](2849 0 obj SEPart Part)/K[0](2899 0 obj SESect Sect)/K[1](2901 0 obj SEDiv Div)/K[0](2903 0 obj SEDiv Div)/K[10](2916 0 obj SETOCI TOCI)], locationContext=null, errorMessage=null], 
TestAssertion [ruleId=RuleId [specification=ISO 14289-1:2014, clause=7.2, testNumber=26], status=failed,
message=TOCI element should be contained in TOC element,
location=Location [level=CosDocument, context=root/document[0]/StructTreeRoot[0](2839 0 obj PDStructTreeRoot)/K[0](2841 0 obj SEDocument Document)/K[2](2849 0 obj SEPart Part)/K[0](2899 0 obj SESect Sect)/K[1](2901 0 obj SEDiv Div)/K[0](2903 0 obj SEDiv Div)/K[11](2917 0 obj SETOCI TOCI)], locationContext=null, errorMessage=null], 
TestAssertion [ruleId=RuleId [specification=ISO 14289-1:2014, clause=7.2, testNumber=26], status=failed,
message=TOCI element should be contained in TOC element,
location=Location [level=CosDocument, context=root/document[0]/StructTreeRoot[0](2839 0 obj PDStructTreeRoot)/K[0](2841 0 obj SEDocument Document)/K[2](2849 0 obj SEPart Part)/K[0](2899 0 obj SESect Sect)/K[1](2901 0 obj SEDiv Div)/K[0](2903 0 obj SEDiv Div)/K[12](2918 0 obj SETOCI TOCI)], locationContext=null, errorMessage=null], 
TestAssertion [ruleId=RuleId [specification=ISO 14289-1:2014, clause=7.2, testNumber=26], status=failed,
message=TOCI element should be contained in TOC element,
location=Location [level=CosDocument, context=root/document[0]/StructTreeRoot[0](2839 0 obj PDStructTreeRoot)/K[0](2841 0 obj SEDocument Document)/K[2](2849 0 obj SEPart Part)/K[0](2899 0 obj SESect Sect)/K[1](2901 0 obj SEDiv Div)/K[0](2903 0 obj SEDiv Div)/K[13](2919 0 obj SETOCI TOCI)], locationContext=null, errorMessage=null], 
TestAssertion [ruleId=RuleId [specification=ISO 14289-1:2014, clause=7.2, testNumber=26], status=failed,
message=TOCI element should be contained in TOC element,
location=Location [level=CosDocument, context=root/document[0]/StructTreeRoot[0](2839 0 obj PDStructTreeRoot)/K[0](2841 0 obj SEDocument Document)/K[2](2849 0 obj SEPart Part)/K[0](2899 0 obj SESect Sect)/K[1](2901 0 obj SEDiv Div)/K[0](2903 0 obj SEDiv Div)/K[14](2920 0 obj SETOCI TOCI)], locationContext=null, errorMessage=null], 
TestAssertion [ruleId=RuleId [specification=ISO 14289-1:2014, clause=7.2, testNumber=26], status=failed,
message=TOCI element should be contained in TOC element,
location=Location [level=CosDocument, context=root/document[0]/StructTreeRoot[0](2839 0 obj PDStructTreeRoot)/K[0](2841 0 obj SEDocument Document)/K[2](2849 0 obj SEPart Part)/K[0](2899 0 obj SESect Sect)/K[1](2901 0 obj SEDiv Div)/K[0](2903 0 obj SEDiv Div)/K[15](2921 0 obj SETOCI TOCI)], locationContext=null, errorMessage=null], 
TestAssertion [ruleId=RuleId [specification=ISO 14289-1:2014, clause=7.2, testNumber=26], status=failed,
message=TOCI element should be contained in TOC element,
location=Location [level=CosDocument, context=root/document[0]/StructTreeRoot[0](2839 0 obj PDStructTreeRoot)/K[0](2841 0 obj SEDocument Document)/K[2](2849 0 obj SEPart Part)/K[0](2899 0 obj SESect Sect)/K[1](2901 0 obj SEDiv Div)/K[0](2903 0 obj SEDiv Div)/K[16](2922 0 obj SETOCI TOCI)], locationContext=null, errorMessage=null], 
TestAssertion [ruleId=RuleId [specification=ISO 14289-1:2014, clause=7.2, testNumber=26], status=failed,
message=TOCI element should be contained in TOC element,
location=Location [level=CosDocument, context=root/document[0]/StructTreeRoot[0](2839 0 obj PDStructTreeRoot)/K[0](2841 0 obj SEDocument Document)/K[2](2849 0 obj SEPart Part)/K[0](2899 0 obj SESect Sect)/K[1](2901 0 obj SEDiv Div)/K[0](2903 0 obj SEDiv Div)/K[17](2923 0 obj SETOCI TOCI)], locationContext=null, errorMessage=null], 
TestAssertion [ruleId=RuleId [specification=ISO 14289-1:2014, clause=7.2, testNumber=26], status=failed,
message=TOCI element should be contained in TOC element,
location=Location [level=CosDocument, context=root/document[0]/StructTreeRoot[0](2839 0 obj PDStructTreeRoot)/K[0](2841 0 obj SEDocument Document)/K[2](2849 0 obj SEPart Part)/K[0](2899 0 obj SESect Sect)/K[1](2901 0 obj SEDiv Div)/K[0](2903 0 obj SEDiv Div)/K[18](2924 0 obj SETOCI TOCI)], locationContext=null, errorMessage=null], 
TestAssertion [ruleId=RuleId [specification=ISO 14289-1:2014, clause=7.2, testNumber=26], status=failed,
message=TOCI element should be contained in TOC element,
location=Location [level=CosDocument, context=root/document[0]/StructTreeRoot[0](2839 0 obj PDStructTreeRoot)/K[0](2841 0 obj SEDocument Document)/K[2](2849 0 obj SEPart Part)/K[0](2899 0 obj SESect Sect)/K[1](2901 0 obj SEDiv Div)/K[0](2903 0 obj SEDiv Div)/K[19](2925 0 obj SETOCI TOCI)], locationContext=null, errorMessage=null], 
TestAssertion [ruleId=RuleId [specification=ISO 14289-1:2014, clause=7.2, testNumber=26], status=failed,
message=TOCI element should be contained in TOC element,
location=Location [level=CosDocument, context=root/document[0]/StructTreeRoot[0](2839 0 obj PDStructTreeRoot)/K[0](2841 0 obj SEDocument Document)/K[2](2849 0 obj SEPart Part)/K[0](2899 0 obj SESect Sect)/K[1](2901 0 obj SEDiv Div)/K[0](2903 0 obj SEDiv Div)/K[20](2926 0 obj SETOCI TOCI)], locationContext=null, errorMessage=null], 
TestAssertion [ruleId=RuleId [specification=ISO 14289-1:2014, clause=7.2, testNumber=26], status=failed,
message=TOCI element should be contained in TOC element,
location=Location [level=CosDocument, context=root/document[0]/StructTreeRoot[0](2839 0 obj PDStructTreeRoot)/K[0](2841 0 obj SEDocument Document)/K[2](2849 0 obj SEPart Part)/K[0](2899 0 obj SESect Sect)/K[1](2901 0 obj SEDiv Div)/K[0](2903 0 obj SEDiv Div)/K[21](2927 0 obj SETOCI TOCI)], locationContext=null, errorMessage=null], 
TestAssertion [ruleId=RuleId [specification=ISO 14289-1:2014, clause=7.2, testNumber=26], status=failed,
message=TOCI element should be contained in TOC element,
location=Location [level=CosDocument, context=root/document[0]/StructTreeRoot[0](2839 0 obj PDStructTreeRoot)/K[0](2841 0 obj SEDocument Document)/K[2](2849 0 obj SEPart Part)/K[0](2899 0 obj SESect Sect)/K[1](2901 0 obj SEDiv Div)/K[0](2903 0 obj SEDiv Div)/K[22](2928 0 obj SETOCI TOCI)], locationContext=null, errorMessage=null]], isCompliant=false]
