PDF isn't valid PDF/UA-1:
ValidationResult [flavour=ua1, totalAssertions=452667, assertions=[
TestAssertion [ruleId=RuleId [specification=ISO 14289-1:2014, clause=7.2, testNumber=26], status=failed,
message=TOCI element should be contained in TOC element,
location=Location [level=CosDocument, context=root/document[0]/StructTreeRoot[0](2489 0 obj PDStructTreeRoot)/K[0](2491 0 obj SEDocument Document)/K[2](2502 0 obj SEPart Part)/K[0](2551 0 obj SESect Sect)/K[1](2553 0 obj SEDiv Div)/K[0](2555 0 obj SEDiv Div)/K[3](2561 0 obj SETOCI TOCI)], locationContext=null, errorMessage=null], 
TestAssertion [ruleId=RuleId [specification=ISO 14289-1:2014, clause=7.2, testNumber=26], status=failed,
message=TOCI element should be contained in TOC element,
location=Location [level=CosDocument, context=root/document[0]/StructTreeRoot[0](2489 0 obj PDStructTreeRoot)/K[0](2491 0 obj SEDocument Document)/K[2](2502 0 obj SEPart Part)/K[0](2551 0 obj SESect Sect)/K[1](2553 0 obj SEDiv Div)/K[0](2555 0 obj SEDiv Div)/K[4](2562 0 obj SETOCI TOCI)], locationContext=null, errorMessage=null], 
TestAssertion [ruleId=RuleId [specification=ISO 14289-1:2014, clause=7.2, testNumber=26], status=failed,
message=TOCI element should be contained in TOC element,
location=Location [level=CosDocument, context=root/document[0]/StructTreeRoot[0](2489 0 obj PDStructTreeRoot)/K[0](2491 0 obj SEDocument Document)/K[2](2502 0 obj SEPart Part)/K[0](2551 0 obj SESect Sect)/K[1](2553 0 obj SEDiv Div)/K[0](2555 0 obj SEDiv Div)/K[6](2564 0 obj SETOCI TOCI)], locationContext=null, errorMessage=null], 
TestAssertion [ruleId=RuleId [specification=ISO 14289-1:2014, clause=7.2, testNumber=26], status=failed,
message=TOCI element should be contained in TOC element,
location=Location [level=CosDocument, context=root/document[0]/StructTreeRoot[0](2489 0 obj PDStructTreeRoot)/K[0](2491 0 obj SEDocument Document)/K[2](2502 0 obj SEPart Part)/K[0](2551 0 obj SESect Sect)/K[1](2553 0 obj SEDiv Div)/K[0](2555 0 obj SEDiv Div)/K[7](2565 0 obj SETOCI TOCI)], locationContext=null, errorMessage=null], 
TestAssertion [ruleId=RuleId [specification=ISO 14289-1:2014, clause=7.2, testNumber=26], status=failed,
message=TOCI element should be contained in TOC element,
location=Location [level=CosDocument, context=root/document[0]/StructTreeRoot[0](2489 0 obj PDStructTreeRoot)/K[0](2491 0 obj SEDocument Document)/K[2](2502 0 obj SEPart Part)/K[0](2551 0 obj SESect Sect)/K[1](2553 0 obj SEDiv Div)/K[0](2555 0 obj SEDiv Div)/K[8](2566 0 obj SETOCI TOCI)], locationContext=null, errorMessage=null], 
TestAssertion [ruleId=RuleId [specification=ISO 14289-1:2014, clause=7.2, testNumber=26], status=failed,
message=TOCI element should be contained in TOC element,
location=Location [level=CosDocument, context=root/document[0]/StructTreeRoot[0](2489 0 obj PDStructTreeRoot)/K[0](2491 0 obj SEDocument Document)/K[2](2502 0 obj SEPart Part)/K[0](2551 0 obj SESect Sect)/K[1](2553 0 obj SEDiv Div)/K[0](2555 0 obj SEDiv Div)/K[9](2567 0 obj SETOCI TOCI)], locationContext=null, errorMessage=null], 
TestAssertion [ruleId=RuleId [specification=ISO 14289-1:2014, clause=7.2, testNumber=26], status=failed,
message=TOCI element should be contained in TOC element,
location=Location [level=CosDocument, context=root/document[0]/StructTreeRoot[0](2489 0 obj PDStructTreeRoot)/K[0](2491 0 obj SEDocument Document)/K[2](2502 0 obj SEPart Part)/K[0](2551 0 obj SESect Sect)/K[1](2553 0 obj SEDiv Div)/K[0](2555 0 obj SEDiv Div)/K[10](2568 0 obj SETOCI TOCI)], locationContext=null, errorMessage=null], 
TestAssertion [ruleId=RuleId [specification=ISO 14289-1:2014, clause=7.2, testNumber=26], status=failed,
message=TOCI element should be contained in TOC element,
location=Location [level=CosDocument, context=root/document[0]/StructTreeRoot[0](2489 0 obj PDStructTreeRoot)/K[0](2491 0 obj SEDocument Document)/K[2](2502 0 obj SEPart Part)/K[0](2551 0 obj SESect Sect)/K[1](2553 0 obj SEDiv Div)/K[0](2555 0 obj SEDiv Div)/K[11](2569 0 obj SETOCI TOCI)], locationContext=null, errorMessage=null], 
TestAssertion [ruleId=RuleId [specification=ISO 14289-1:2014, clause=7.2, testNumber=26], status=failed,
message=TOCI element should be contained in TOC element,
location=Location [level=CosDocument, context=root/document[0]/StructTreeRoot[0](2489 0 obj PDStructTreeRoot)/K[0](2491 0 obj SEDocument Document)/K[2](2502 0 obj SEPart Part)/K[0](2551 0 obj SESect Sect)/K[1](2553 0 obj SEDiv Div)/K[0](2555 0 obj SEDiv Div)/K[12](2570 0 obj SETOCI TOCI)], locationContext=null, errorMessage=null], 
TestAssertion [ruleId=RuleId [specification=ISO 14289-1:2014, clause=7.2, testNumber=26], status=failed,
message=TOCI element should be contained in TOC element,
location=Location [level=CosDocument, context=root/document[0]/StructTreeRoot[0](2489 0 obj PDStructTreeRoot)/K[0](2491 0 obj SEDocument Document)/K[2](2502 0 obj SEPart Part)/K[0](2551 0 obj SESect Sect)/K[1](2553 0 obj SEDiv Div)/K[0](2555 0 obj SEDiv Div)/K[13](2571 0 obj SETOCI TOCI)], locationContext=null, errorMessage=null], 
TestAssertion [ruleId=RuleId [specification=ISO 14289-1:2014, clause=7.2, testNumber=26], status=failed,
message=TOCI element should be contained in TOC element,
location=Location [level=CosDocument, context=root/document[0]/StructTreeRoot[0](2489 0 obj PDStructTreeRoot)/K[0](2491 0 obj SEDocument Document)/K[2](2502 0 obj SEPart Part)/K[0](2551 0 obj SESect Sect)/K[1](2553 0 obj SEDiv Div)/K[0](2555 0 obj SEDiv Div)/K[14](2572 0 obj SETOCI TOCI)], locationContext=null, errorMessage=null]], isCompliant=false]
