PDF isn't valid PDF/UA-1:
ValidationResult [flavour=ua1, totalAssertions=500950, assertions=[
TestAssertion [ruleId=RuleId [specification=ISO 14289-1:2014, clause=7.2, testNumber=26], status=failed,
message=TOCI element should be contained in TOC element,
location=Location [level=CosDocument, context=root/document[0]/StructTreeRoot[0](3767 0 obj PDStructTreeRoot)/K[0](3769 0 obj SEDocument Document)/K[2](3780 0 obj SEPart Part)/K[0](3857 0 obj SESect Sect)/K[1](3859 0 obj SEDiv Div)/K[0](3861 0 obj SEDiv Div)/K[3](3868 0 obj SETOCI TOCI)], locationContext=null, errorMessage=null], 
TestAssertion [ruleId=RuleId [specification=ISO 14289-1:2014, clause=7.2, testNumber=26], status=failed,
message=TOCI element should be contained in TOC element,
location=Location [level=CosDocument, context=root/document[0]/StructTreeRoot[0](3767 0 obj PDStructTreeRoot)/K[0](3769 0 obj SEDocument Document)/K[2](3780 0 obj SEPart Part)/K[0](3857 0 obj SESect Sect)/K[1](3859 0 obj SEDiv Div)/K[0](3861 0 obj SEDiv Div)/K[4](3869 0 obj SETOCI TOCI)], locationContext=null, errorMessage=null], 
TestAssertion [ruleId=RuleId [specification=ISO 14289-1:2014, clause=7.2, testNumber=26], status=failed,
message=TOCI element should be contained in TOC element,
location=Location [level=CosDocument, context=root/document[0]/StructTreeRoot[0](3767 0 obj PDStructTreeRoot)/K[0](3769 0 obj SEDocument Document)/K[2](3780 0 obj SEPart Part)/K[0](3857 0 obj SESect Sect)/K[1](3859 0 obj SEDiv Div)/K[0](3861 0 obj SEDiv Div)/K[5](3870 0 obj SETOCI TOCI)], locationContext=null, errorMessage=null], 
TestAssertion [ruleId=RuleId [specification=ISO 14289-1:2014, clause=7.2, testNumber=26], status=failed,
message=TOCI element should be contained in TOC element,
location=Location [level=CosDocument, context=root/document[0]/StructTreeRoot[0](3767 0 obj PDStructTreeRoot)/K[0](3769 0 obj SEDocument Document)/K[2](3780 0 obj SEPart Part)/K[0](3857 0 obj SESect Sect)/K[1](3859 0 obj SEDiv Div)/K[0](3861 0 obj SEDiv Div)/K[6](3871 0 obj SETOCI TOCI)], locationContext=null, errorMessage=null], 
TestAssertion [ruleId=RuleId [specification=ISO 14289-1:2014, clause=7.2, testNumber=26], status=failed,
message=TOCI element should be contained in TOC element,
location=Location [level=CosDocument, context=root/document[0]/StructTreeRoot[0](3767 0 obj PDStructTreeRoot)/K[0](3769 0 obj SEDocument Document)/K[2](3780 0 obj SEPart Part)/K[0](3857 0 obj SESect Sect)/K[1](3859 0 obj SEDiv Div)/K[0](3861 0 obj SEDiv Div)/K[7](3872 0 obj SETOCI TOCI)], locationContext=null, errorMessage=null], 
TestAssertion [ruleId=RuleId [specification=ISO 14289-1:2014, clause=7.2, testNumber=26], status=failed,
message=TOCI element should be contained in TOC element,
location=Location [level=CosDocument, context=root/document[0]/StructTreeRoot[0](3767 0 obj PDStructTreeRoot)/K[0](3769 0 obj SEDocument Document)/K[2](3780 0 obj SEPart Part)/K[0](3857 0 obj SESect Sect)/K[1](3859 0 obj SEDiv Div)/K[0](3861 0 obj SEDiv Div)/K[8](3873 0 obj SETOCI TOCI)], locationContext=null, errorMessage=null], 
TestAssertion [ruleId=RuleId [specification=ISO 14289-1:2014, clause=7.2, testNumber=26], status=failed,
message=TOCI element should be contained in TOC element,
location=Location [level=CosDocument, context=root/document[0]/StructTreeRoot[0](3767 0 obj PDStructTreeRoot)/K[0](3769 0 obj SEDocument Document)/K[2](3780 0 obj SEPart Part)/K[0](3857 0 obj SESect Sect)/K[1](3859 0 obj SEDiv Div)/K[0](3861 0 obj SEDiv Div)/K[9](3874 0 obj SETOCI TOCI)], locationContext=null, errorMessage=null], 
TestAssertion [ruleId=RuleId [specification=ISO 14289-1:2014, clause=7.2, testNumber=26], status=failed,
message=TOCI element should be contained in TOC element,
location=Location [level=CosDocument, context=root/document[0]/StructTreeRoot[0](3767 0 obj PDStructTreeRoot)/K[0](3769 0 obj SEDocument Document)/K[2](3780 0 obj SEPart Part)/K[0](3857 0 obj SESect Sect)/K[1](3859 0 obj SEDiv Div)/K[0](3861 0 obj SEDiv Div)/K[10](3875 0 obj SETOCI TOCI)], locationContext=null, errorMessage=null], 
TestAssertion [ruleId=RuleId [specification=ISO 14289-1:2014, clause=7.2, testNumber=26], status=failed,
message=TOCI element should be contained in TOC element,
location=Location [level=CosDocument, context=root/document[0]/StructTreeRoot[0](3767 0 obj PDStructTreeRoot)/K[0](3769 0 obj SEDocument Document)/K[2](3780 0 obj SEPart Part)/K[0](3857 0 obj SESect Sect)/K[1](3859 0 obj SEDiv Div)/K[0](3861 0 obj SEDiv Div)/K[11](3876 0 obj SETOCI TOCI)], locationContext=null, errorMessage=null], 
TestAssertion [ruleId=RuleId [specification=ISO 14289-1:2014, clause=7.2, testNumber=26], status=failed,
message=TOCI element should be contained in TOC element,
location=Location [level=CosDocument, context=root/document[0]/StructTreeRoot[0](3767 0 obj PDStructTreeRoot)/K[0](3769 0 obj SEDocument Document)/K[2](3780 0 obj SEPart Part)/K[0](3857 0 obj SESect Sect)/K[1](3859 0 obj SEDiv Div)/K[0](3861 0 obj SEDiv Div)/K[12](3877 0 obj SETOCI TOCI)], locationContext=null, errorMessage=null], 
TestAssertion [ruleId=RuleId [specification=ISO 14289-1:2014, clause=7.2, testNumber=26], status=failed,
message=TOCI element should be contained in TOC element,
location=Location [level=CosDocument, context=root/document[0]/StructTreeRoot[0](3767 0 obj PDStructTreeRoot)/K[0](3769 0 obj SEDocument Document)/K[2](3780 0 obj SEPart Part)/K[0](3857 0 obj SESect Sect)/K[1](3859 0 obj SEDiv Div)/K[0](3861 0 obj SEDiv Div)/K[13](3878 0 obj SETOCI TOCI)], locationContext=null, errorMessage=null], 
TestAssertion [ruleId=RuleId [specification=ISO 14289-1:2014, clause=7.2, testNumber=26], status=failed,
message=TOCI element should be contained in TOC element,
location=Location [level=CosDocument, context=root/document[0]/StructTreeRoot[0](3767 0 obj PDStructTreeRoot)/K[0](3769 0 obj SEDocument Document)/K[2](3780 0 obj SEPart Part)/K[0](3857 0 obj SESect Sect)/K[1](3859 0 obj SEDiv Div)/K[0](3861 0 obj SEDiv Div)/K[14](3879 0 obj SETOCI TOCI)], locationContext=null, errorMessage=null], 
TestAssertion [ruleId=RuleId [specification=ISO 14289-1:2014, clause=7.2, testNumber=26], status=failed,
message=TOCI element should be contained in TOC element,
location=Location [level=CosDocument, context=root/document[0]/StructTreeRoot[0](3767 0 obj PDStructTreeRoot)/K[0](3769 0 obj SEDocument Document)/K[2](3780 0 obj SEPart Part)/K[0](3857 0 obj SESect Sect)/K[1](3859 0 obj SEDiv Div)/K[0](3861 0 obj SEDiv Div)/K[15](3880 0 obj SETOCI TOCI)], locationContext=null, errorMessage=null], 
TestAssertion [ruleId=RuleId [specification=ISO 14289-1:2014, clause=7.2, testNumber=26], status=failed,
message=TOCI element should be contained in TOC element,
location=Location [level=CosDocument, context=root/document[0]/StructTreeRoot[0](3767 0 obj PDStructTreeRoot)/K[0](3769 0 obj SEDocument Document)/K[2](3780 0 obj SEPart Part)/K[0](3857 0 obj SESect Sect)/K[1](3859 0 obj SEDiv Div)/K[0](3861 0 obj SEDiv Div)/K[16](3881 0 obj SETOCI TOCI)], locationContext=null, errorMessage=null], 
TestAssertion [ruleId=RuleId [specification=ISO 14289-1:2014, clause=7.2, testNumber=26], status=failed,
message=TOCI element should be contained in TOC element,
location=Location [level=CosDocument, context=root/document[0]/StructTreeRoot[0](3767 0 obj PDStructTreeRoot)/K[0](3769 0 obj SEDocument Document)/K[2](3780 0 obj SEPart Part)/K[0](3857 0 obj SESect Sect)/K[1](3859 0 obj SEDiv Div)/K[0](3861 0 obj SEDiv Div)/K[17](3882 0 obj SETOCI TOCI)], locationContext=null, errorMessage=null]], isCompliant=false]
