The contents of fo:region-body on page 41 exceed its viewport by 503445 millipoints. (See position 1:2010)
The contents of fo:region-body on page 27 exceed its viewport by 280695 millipoints. (See position 1:2010)
PDF isn't valid PDF/UA-1:
ValidationResult [flavour=ua1, totalAssertions=287273, assertions=[
TestAssertion [ruleId=RuleId [specification=ISO 14289-1:2014, clause=7.2, testNumber=26], status=failed,
message=TOCI element should be contained in TOC element,
location=Location [level=CosDocument, context=root/document[0]/StructTreeRoot[0](3114 0 obj PDStructTreeRoot)/K[0](3116 0 obj SEDocument Document)/K[2](3125 0 obj SEPart Part)/K[0](3188 0 obj SESect Sect)/K[1](3190 0 obj SEDiv Div)/K[0](3192 0 obj SEDiv Div)/K[3](3201 0 obj SETOCI TOCI)], locationContext=null, errorMessage=null], 
TestAssertion [ruleId=RuleId [specification=ISO 14289-1:2014, clause=7.2, testNumber=26], status=failed,
message=TOCI element should be contained in TOC element,
location=Location [level=CosDocument, context=root/document[0]/StructTreeRoot[0](3114 0 obj PDStructTreeRoot)/K[0](3116 0 obj SEDocument Document)/K[2](3125 0 obj SEPart Part)/K[0](3188 0 obj SESect Sect)/K[1](3190 0 obj SEDiv Div)/K[0](3192 0 obj SEDiv Div)/K[4](3202 0 obj SETOCI TOCI)], locationContext=null, errorMessage=null], 
TestAssertion [ruleId=RuleId [specification=ISO 14289-1:2014, clause=7.2, testNumber=26], status=failed,
message=TOCI element should be contained in TOC element,
location=Location [level=CosDocument, context=root/document[0]/StructTreeRoot[0](3114 0 obj PDStructTreeRoot)/K[0](3116 0 obj SEDocument Document)/K[2](3125 0 obj SEPart Part)/K[0](3188 0 obj SESect Sect)/K[1](3190 0 obj SEDiv Div)/K[0](3192 0 obj SEDiv Div)/K[5](3203 0 obj SETOCI TOCI)], locationContext=null, errorMessage=null], 
TestAssertion [ruleId=RuleId [specification=ISO 14289-1:2014, clause=7.2, testNumber=26], status=failed,
message=TOCI element should be contained in TOC element,
location=Location [level=CosDocument, context=root/document[0]/StructTreeRoot[0](3114 0 obj PDStructTreeRoot)/K[0](3116 0 obj SEDocument Document)/K[2](3125 0 obj SEPart Part)/K[0](3188 0 obj SESect Sect)/K[1](3190 0 obj SEDiv Div)/K[0](3192 0 obj SEDiv Div)/K[6](3204 0 obj SETOCI TOCI)], locationContext=null, errorMessage=null], 
TestAssertion [ruleId=RuleId [specification=ISO 14289-1:2014, clause=7.2, testNumber=26], status=failed,
message=TOCI element should be contained in TOC element,
location=Location [level=CosDocument, context=root/document[0]/StructTreeRoot[0](3114 0 obj PDStructTreeRoot)/K[0](3116 0 obj SEDocument Document)/K[2](3125 0 obj SEPart Part)/K[0](3188 0 obj SESect Sect)/K[1](3190 0 obj SEDiv Div)/K[0](3192 0 obj SEDiv Div)/K[7](3205 0 obj SETOCI TOCI)], locationContext=null, errorMessage=null], 
TestAssertion [ruleId=RuleId [specification=ISO 14289-1:2014, clause=7.2, testNumber=26], status=failed,
message=TOCI element should be contained in TOC element,
location=Location [level=CosDocument, context=root/document[0]/StructTreeRoot[0](3114 0 obj PDStructTreeRoot)/K[0](3116 0 obj SEDocument Document)/K[2](3125 0 obj SEPart Part)/K[0](3188 0 obj SESect Sect)/K[1](3190 0 obj SEDiv Div)/K[0](3192 0 obj SEDiv Div)/K[8](3206 0 obj SETOCI TOCI)], locationContext=null, errorMessage=null], 
TestAssertion [ruleId=RuleId [specification=ISO 14289-1:2014, clause=7.2, testNumber=26], status=failed,
message=TOCI element should be contained in TOC element,
location=Location [level=CosDocument, context=root/document[0]/StructTreeRoot[0](3114 0 obj PDStructTreeRoot)/K[0](3116 0 obj SEDocument Document)/K[2](3125 0 obj SEPart Part)/K[0](3188 0 obj SESect Sect)/K[1](3190 0 obj SEDiv Div)/K[0](3192 0 obj SEDiv Div)/K[9](3207 0 obj SETOCI TOCI)], locationContext=null, errorMessage=null], 
TestAssertion [ruleId=RuleId [specification=ISO 14289-1:2014, clause=7.2, testNumber=26], status=failed,
message=TOCI element should be contained in TOC element,
location=Location [level=CosDocument, context=root/document[0]/StructTreeRoot[0](3114 0 obj PDStructTreeRoot)/K[0](3116 0 obj SEDocument Document)/K[2](3125 0 obj SEPart Part)/K[0](3188 0 obj SESect Sect)/K[1](3190 0 obj SEDiv Div)/K[0](3192 0 obj SEDiv Div)/K[10](3208 0 obj SETOCI TOCI)], locationContext=null, errorMessage=null], 
TestAssertion [ruleId=RuleId [specification=ISO 14289-1:2014, clause=7.2, testNumber=26], status=failed,
message=TOCI element should be contained in TOC element,
location=Location [level=CosDocument, context=root/document[0]/StructTreeRoot[0](3114 0 obj PDStructTreeRoot)/K[0](3116 0 obj SEDocument Document)/K[2](3125 0 obj SEPart Part)/K[0](3188 0 obj SESect Sect)/K[1](3190 0 obj SEDiv Div)/K[0](3192 0 obj SEDiv Div)/K[11](3209 0 obj SETOCI TOCI)], locationContext=null, errorMessage=null], 
TestAssertion [ruleId=RuleId [specification=ISO 14289-1:2014, clause=7.2, testNumber=26], status=failed,
message=TOCI element should be contained in TOC element,
location=Location [level=CosDocument, context=root/document[0]/StructTreeRoot[0](3114 0 obj PDStructTreeRoot)/K[0](3116 0 obj SEDocument Document)/K[2](3125 0 obj SEPart Part)/K[0](3188 0 obj SESect Sect)/K[1](3190 0 obj SEDiv Div)/K[0](3192 0 obj SEDiv Div)/K[12](3210 0 obj SETOCI TOCI)], locationContext=null, errorMessage=null], 
TestAssertion [ruleId=RuleId [specification=ISO 14289-1:2014, clause=7.2, testNumber=26], status=failed,
message=TOCI element should be contained in TOC element,
location=Location [level=CosDocument, context=root/document[0]/StructTreeRoot[0](3114 0 obj PDStructTreeRoot)/K[0](3116 0 obj SEDocument Document)/K[2](3125 0 obj SEPart Part)/K[0](3188 0 obj SESect Sect)/K[1](3190 0 obj SEDiv Div)/K[0](3192 0 obj SEDiv Div)/K[13](3211 0 obj SETOCI TOCI)], locationContext=null, errorMessage=null], 
TestAssertion [ruleId=RuleId [specification=ISO 14289-1:2014, clause=7.2, testNumber=26], status=failed,
message=TOCI element should be contained in TOC element,
location=Location [level=CosDocument, context=root/document[0]/StructTreeRoot[0](3114 0 obj PDStructTreeRoot)/K[0](3116 0 obj SEDocument Document)/K[2](3125 0 obj SEPart Part)/K[0](3188 0 obj SESect Sect)/K[1](3190 0 obj SEDiv Div)/K[0](3192 0 obj SEDiv Div)/K[14](3212 0 obj SETOCI TOCI)], locationContext=null, errorMessage=null], 
TestAssertion [ruleId=RuleId [specification=ISO 14289-1:2014, clause=7.2, testNumber=26], status=failed,
message=TOCI element should be contained in TOC element,
location=Location [level=CosDocument, context=root/document[0]/StructTreeRoot[0](3114 0 obj PDStructTreeRoot)/K[0](3116 0 obj SEDocument Document)/K[2](3125 0 obj SEPart Part)/K[0](3188 0 obj SESect Sect)/K[1](3190 0 obj SEDiv Div)/K[0](3192 0 obj SEDiv Div)/K[15](3213 0 obj SETOCI TOCI)], locationContext=null, errorMessage=null], 
TestAssertion [ruleId=RuleId [specification=ISO 14289-1:2014, clause=7.2, testNumber=26], status=failed,
message=TOCI element should be contained in TOC element,
location=Location [level=CosDocument, context=root/document[0]/StructTreeRoot[0](3114 0 obj PDStructTreeRoot)/K[0](3116 0 obj SEDocument Document)/K[2](3125 0 obj SEPart Part)/K[0](3188 0 obj SESect Sect)/K[1](3190 0 obj SEDiv Div)/K[0](3192 0 obj SEDiv Div)/K[16](3214 0 obj SETOCI TOCI)], locationContext=null, errorMessage=null], 
TestAssertion [ruleId=RuleId [specification=ISO 14289-1:2014, clause=7.2, testNumber=26], status=failed,
message=TOCI element should be contained in TOC element,
location=Location [level=CosDocument, context=root/document[0]/StructTreeRoot[0](3114 0 obj PDStructTreeRoot)/K[0](3116 0 obj SEDocument Document)/K[2](3125 0 obj SEPart Part)/K[0](3188 0 obj SESect Sect)/K[1](3190 0 obj SEDiv Div)/K[0](3192 0 obj SEDiv Div)/K[17](3215 0 obj SETOCI TOCI)], locationContext=null, errorMessage=null], 
TestAssertion [ruleId=RuleId [specification=ISO 14289-1:2014, clause=7.2, testNumber=26], status=failed,
message=TOCI element should be contained in TOC element,
location=Location [level=CosDocument, context=root/document[0]/StructTreeRoot[0](3114 0 obj PDStructTreeRoot)/K[0](3116 0 obj SEDocument Document)/K[2](3125 0 obj SEPart Part)/K[0](3188 0 obj SESect Sect)/K[1](3190 0 obj SEDiv Div)/K[0](3192 0 obj SEDiv Div)/K[18](3216 0 obj SETOCI TOCI)], locationContext=null, errorMessage=null], 
TestAssertion [ruleId=RuleId [specification=ISO 14289-1:2014, clause=7.2, testNumber=26], status=failed,
message=TOCI element should be contained in TOC element,
location=Location [level=CosDocument, context=root/document[0]/StructTreeRoot[0](3114 0 obj PDStructTreeRoot)/K[0](3116 0 obj SEDocument Document)/K[2](3125 0 obj SEPart Part)/K[0](3188 0 obj SESect Sect)/K[1](3190 0 obj SEDiv Div)/K[0](3192 0 obj SEDiv Div)/K[19](3217 0 obj SETOCI TOCI)], locationContext=null, errorMessage=null], 
TestAssertion [ruleId=RuleId [specification=ISO 14289-1:2014, clause=7.2, testNumber=26], status=failed,
message=TOCI element should be contained in TOC element,
location=Location [level=CosDocument, context=root/document[0]/StructTreeRoot[0](3114 0 obj PDStructTreeRoot)/K[0](3116 0 obj SEDocument Document)/K[2](3125 0 obj SEPart Part)/K[0](3188 0 obj SESect Sect)/K[1](3190 0 obj SEDiv Div)/K[0](3192 0 obj SEDiv Div)/K[20](3218 0 obj SETOCI TOCI)], locationContext=null, errorMessage=null], 
TestAssertion [ruleId=RuleId [specification=ISO 14289-1:2014, clause=7.2, testNumber=26], status=failed,
message=TOCI element should be contained in TOC element,
location=Location [level=CosDocument, context=root/document[0]/StructTreeRoot[0](3114 0 obj PDStructTreeRoot)/K[0](3116 0 obj SEDocument Document)/K[2](3125 0 obj SEPart Part)/K[0](3188 0 obj SESect Sect)/K[1](3190 0 obj SEDiv Div)/K[0](3192 0 obj SEDiv Div)/K[21](3219 0 obj SETOCI TOCI)], locationContext=null, errorMessage=null], 
TestAssertion [ruleId=RuleId [specification=ISO 14289-1:2014, clause=7.2, testNumber=26], status=failed,
message=TOCI element should be contained in TOC element,
location=Location [level=CosDocument, context=root/document[0]/StructTreeRoot[0](3114 0 obj PDStructTreeRoot)/K[0](3116 0 obj SEDocument Document)/K[2](3125 0 obj SEPart Part)/K[0](3188 0 obj SESect Sect)/K[1](3190 0 obj SEDiv Div)/K[0](3192 0 obj SEDiv Div)/K[22](3220 0 obj SETOCI TOCI)], locationContext=null, errorMessage=null], 
TestAssertion [ruleId=RuleId [specification=ISO 14289-1:2014, clause=7.2, testNumber=26], status=failed,
message=TOCI element should be contained in TOC element,
location=Location [level=CosDocument, context=root/document[0]/StructTreeRoot[0](3114 0 obj PDStructTreeRoot)/K[0](3116 0 obj SEDocument Document)/K[2](3125 0 obj SEPart Part)/K[0](3188 0 obj SESect Sect)/K[1](3190 0 obj SEDiv Div)/K[0](3192 0 obj SEDiv Div)/K[23](3221 0 obj SETOCI TOCI)], locationContext=null, errorMessage=null], 
TestAssertion [ruleId=RuleId [specification=ISO 14289-1:2014, clause=7.2, testNumber=26], status=failed,
message=TOCI element should be contained in TOC element,
location=Location [level=CosDocument, context=root/document[0]/StructTreeRoot[0](3114 0 obj PDStructTreeRoot)/K[0](3116 0 obj SEDocument Document)/K[2](3125 0 obj SEPart Part)/K[0](3188 0 obj SESect Sect)/K[1](3190 0 obj SEDiv Div)/K[0](3192 0 obj SEDiv Div)/K[24](3222 0 obj SETOCI TOCI)], locationContext=null, errorMessage=null], 
TestAssertion [ruleId=RuleId [specification=ISO 14289-1:2014, clause=7.2, testNumber=26], status=failed,
message=TOCI element should be contained in TOC element,
location=Location [level=CosDocument, context=root/document[0]/StructTreeRoot[0](3114 0 obj PDStructTreeRoot)/K[0](3116 0 obj SEDocument Document)/K[2](3125 0 obj SEPart Part)/K[0](3188 0 obj SESect Sect)/K[1](3190 0 obj SEDiv Div)/K[0](3192 0 obj SEDiv Div)/K[25](3223 0 obj SETOCI TOCI)], locationContext=null, errorMessage=null], 
TestAssertion [ruleId=RuleId [specification=ISO 14289-1:2014, clause=7.2, testNumber=26], status=failed,
message=TOCI element should be contained in TOC element,
location=Location [level=CosDocument, context=root/document[0]/StructTreeRoot[0](3114 0 obj PDStructTreeRoot)/K[0](3116 0 obj SEDocument Document)/K[2](3125 0 obj SEPart Part)/K[0](3188 0 obj SESect Sect)/K[1](3190 0 obj SEDiv Div)/K[0](3192 0 obj SEDiv Div)/K[26](3224 0 obj SETOCI TOCI)], locationContext=null, errorMessage=null], 
TestAssertion [ruleId=RuleId [specification=ISO 14289-1:2014, clause=7.2, testNumber=26], status=failed,
message=TOCI element should be contained in TOC element,
location=Location [level=CosDocument, context=root/document[0]/StructTreeRoot[0](3114 0 obj PDStructTreeRoot)/K[0](3116 0 obj SEDocument Document)/K[2](3125 0 obj SEPart Part)/K[0](3188 0 obj SESect Sect)/K[1](3190 0 obj SEDiv Div)/K[0](3192 0 obj SEDiv Div)/K[27](3225 0 obj SETOCI TOCI)], locationContext=null, errorMessage=null], 
TestAssertion [ruleId=RuleId [specification=ISO 14289-1:2014, clause=7.2, testNumber=26], status=failed,
message=TOCI element should be contained in TOC element,
location=Location [level=CosDocument, context=root/document[0]/StructTreeRoot[0](3114 0 obj PDStructTreeRoot)/K[0](3116 0 obj SEDocument Document)/K[2](3125 0 obj SEPart Part)/K[0](3188 0 obj SESect Sect)/K[1](3190 0 obj SEDiv Div)/K[0](3192 0 obj SEDiv Div)/K[28](3226 0 obj SETOCI TOCI)], locationContext=null, errorMessage=null], 
TestAssertion [ruleId=RuleId [specification=ISO 14289-1:2014, clause=7.2, testNumber=26], status=failed,
message=TOCI element should be contained in TOC element,
location=Location [level=CosDocument, context=root/document[0]/StructTreeRoot[0](3114 0 obj PDStructTreeRoot)/K[0](3116 0 obj SEDocument Document)/K[2](3125 0 obj SEPart Part)/K[0](3188 0 obj SESect Sect)/K[1](3190 0 obj SEDiv Div)/K[0](3192 0 obj SEDiv Div)/K[29](3227 0 obj SETOCI TOCI)], locationContext=null, errorMessage=null], 
TestAssertion [ruleId=RuleId [specification=ISO 14289-1:2014, clause=7.2, testNumber=26], status=failed,
message=TOCI element should be contained in TOC element,
location=Location [level=CosDocument, context=root/document[0]/StructTreeRoot[0](3114 0 obj PDStructTreeRoot)/K[0](3116 0 obj SEDocument Document)/K[2](3125 0 obj SEPart Part)/K[0](3188 0 obj SESect Sect)/K[1](3190 0 obj SEDiv Div)/K[0](3192 0 obj SEDiv Div)/K[30](3228 0 obj SETOCI TOCI)], locationContext=null, errorMessage=null], 
TestAssertion [ruleId=RuleId [specification=ISO 14289-1:2014, clause=7.2, testNumber=26], status=failed,
message=TOCI element should be contained in TOC element,
location=Location [level=CosDocument, context=root/document[0]/StructTreeRoot[0](3114 0 obj PDStructTreeRoot)/K[0](3116 0 obj SEDocument Document)/K[2](3125 0 obj SEPart Part)/K[0](3188 0 obj SESect Sect)/K[1](3190 0 obj SEDiv Div)/K[0](3192 0 obj SEDiv Div)/K[31](3229 0 obj SETOCI TOCI)], locationContext=null, errorMessage=null], 
TestAssertion [ruleId=RuleId [specification=ISO 14289-1:2014, clause=7.2, testNumber=26], status=failed,
message=TOCI element should be contained in TOC element,
location=Location [level=CosDocument, context=root/document[0]/StructTreeRoot[0](3114 0 obj PDStructTreeRoot)/K[0](3116 0 obj SEDocument Document)/K[2](3125 0 obj SEPart Part)/K[0](3188 0 obj SESect Sect)/K[1](3190 0 obj SEDiv Div)/K[0](3192 0 obj SEDiv Div)/K[32](3230 0 obj SETOCI TOCI)], locationContext=null, errorMessage=null], 
TestAssertion [ruleId=RuleId [specification=ISO 14289-1:2014, clause=7.2, testNumber=26], status=failed,
message=TOCI element should be contained in TOC element,
location=Location [level=CosDocument, context=root/document[0]/StructTreeRoot[0](3114 0 obj PDStructTreeRoot)/K[0](3116 0 obj SEDocument Document)/K[2](3125 0 obj SEPart Part)/K[0](3188 0 obj SESect Sect)/K[1](3190 0 obj SEDiv Div)/K[0](3192 0 obj SEDiv Div)/K[33](3231 0 obj SETOCI TOCI)], locationContext=null, errorMessage=null], 
TestAssertion [ruleId=RuleId [specification=ISO 14289-1:2014, clause=7.2, testNumber=26], status=failed,
message=TOCI element should be contained in TOC element,
location=Location [level=CosDocument, context=root/document[0]/StructTreeRoot[0](3114 0 obj PDStructTreeRoot)/K[0](3116 0 obj SEDocument Document)/K[2](3125 0 obj SEPart Part)/K[0](3188 0 obj SESect Sect)/K[1](3190 0 obj SEDiv Div)/K[0](3192 0 obj SEDiv Div)/K[34](3232 0 obj SETOCI TOCI)], locationContext=null, errorMessage=null]], isCompliant=false]
