PDF isn't valid PDF/UA-1:
ValidationResult [flavour=ua1, totalAssertions=910621, assertions=[
TestAssertion [ruleId=RuleId [specification=ISO 14289-1:2014, clause=7.2, testNumber=26], status=failed,
message=TOCI element should be contained in TOC element,
location=Location [level=CosDocument, context=root/document[0]/StructTreeRoot[0](8339 0 obj PDStructTreeRoot)/K[0](8341 0 obj SEDocument Document)/K[2](8361 0 obj SEPart Part)/K[0](8427 0 obj SESect Sect)/K[1](8429 0 obj SEDiv Div)/K[0](8431 0 obj SEDiv Div)/K[3](8440 0 obj SETOCI TOCI)], locationContext=null, errorMessage=null], 
TestAssertion [ruleId=RuleId [specification=ISO 14289-1:2014, clause=7.2, testNumber=26], status=failed,
message=TOCI element should be contained in TOC element,
location=Location [level=CosDocument, context=root/document[0]/StructTreeRoot[0](8339 0 obj PDStructTreeRoot)/K[0](8341 0 obj SEDocument Document)/K[2](8361 0 obj SEPart Part)/K[0](8427 0 obj SESect Sect)/K[1](8429 0 obj SEDiv Div)/K[0](8431 0 obj SEDiv Div)/K[4](8441 0 obj SETOCI TOCI)], locationContext=null, errorMessage=null], 
TestAssertion [ruleId=RuleId [specification=ISO 14289-1:2014, clause=7.2, testNumber=26], status=failed,
message=TOCI element should be contained in TOC element,
location=Location [level=CosDocument, context=root/document[0]/StructTreeRoot[0](8339 0 obj PDStructTreeRoot)/K[0](8341 0 obj SEDocument Document)/K[2](8361 0 obj SEPart Part)/K[0](8427 0 obj SESect Sect)/K[1](8429 0 obj SEDiv Div)/K[0](8431 0 obj SEDiv Div)/K[5](8442 0 obj SETOCI TOCI)], locationContext=null, errorMessage=null], 
TestAssertion [ruleId=RuleId [specification=ISO 14289-1:2014, clause=7.2, testNumber=26], status=failed,
message=TOCI element should be contained in TOC element,
location=Location [level=CosDocument, context=root/document[0]/StructTreeRoot[0](8339 0 obj PDStructTreeRoot)/K[0](8341 0 obj SEDocument Document)/K[2](8361 0 obj SEPart Part)/K[0](8427 0 obj SESect Sect)/K[1](8429 0 obj SEDiv Div)/K[0](8431 0 obj SEDiv Div)/K[6](8443 0 obj SETOCI TOCI)], locationContext=null, errorMessage=null], 
TestAssertion [ruleId=RuleId [specification=ISO 14289-1:2014, clause=7.2, testNumber=26], status=failed,
message=TOCI element should be contained in TOC element,
location=Location [level=CosDocument, context=root/document[0]/StructTreeRoot[0](8339 0 obj PDStructTreeRoot)/K[0](8341 0 obj SEDocument Document)/K[2](8361 0 obj SEPart Part)/K[0](8427 0 obj SESect Sect)/K[1](8429 0 obj SEDiv Div)/K[0](8431 0 obj SEDiv Div)/K[7](8444 0 obj SETOCI TOCI)], locationContext=null, errorMessage=null], 
TestAssertion [ruleId=RuleId [specification=ISO 14289-1:2014, clause=7.2, testNumber=26], status=failed,
message=TOCI element should be contained in TOC element,
location=Location [level=CosDocument, context=root/document[0]/StructTreeRoot[0](8339 0 obj PDStructTreeRoot)/K[0](8341 0 obj SEDocument Document)/K[2](8361 0 obj SEPart Part)/K[0](8427 0 obj SESect Sect)/K[1](8429 0 obj SEDiv Div)/K[0](8431 0 obj SEDiv Div)/K[8](8445 0 obj SETOCI TOCI)], locationContext=null, errorMessage=null], 
TestAssertion [ruleId=RuleId [specification=ISO 14289-1:2014, clause=7.2, testNumber=26], status=failed,
message=TOCI element should be contained in TOC element,
location=Location [level=CosDocument, context=root/document[0]/StructTreeRoot[0](8339 0 obj PDStructTreeRoot)/K[0](8341 0 obj SEDocument Document)/K[2](8361 0 obj SEPart Part)/K[0](8427 0 obj SESect Sect)/K[1](8429 0 obj SEDiv Div)/K[0](8431 0 obj SEDiv Div)/K[9](8446 0 obj SETOCI TOCI)], locationContext=null, errorMessage=null], 
TestAssertion [ruleId=RuleId [specification=ISO 14289-1:2014, clause=7.2, testNumber=26], status=failed,
message=TOCI element should be contained in TOC element,
location=Location [level=CosDocument, context=root/document[0]/StructTreeRoot[0](8339 0 obj PDStructTreeRoot)/K[0](8341 0 obj SEDocument Document)/K[2](8361 0 obj SEPart Part)/K[0](8427 0 obj SESect Sect)/K[1](8429 0 obj SEDiv Div)/K[0](8431 0 obj SEDiv Div)/K[10](8447 0 obj SETOCI TOCI)], locationContext=null, errorMessage=null], 
TestAssertion [ruleId=RuleId [specification=ISO 14289-1:2014, clause=7.2, testNumber=26], status=failed,
message=TOCI element should be contained in TOC element,
location=Location [level=CosDocument, context=root/document[0]/StructTreeRoot[0](8339 0 obj PDStructTreeRoot)/K[0](8341 0 obj SEDocument Document)/K[2](8361 0 obj SEPart Part)/K[0](8427 0 obj SESect Sect)/K[1](8429 0 obj SEDiv Div)/K[0](8431 0 obj SEDiv Div)/K[11](8448 0 obj SETOCI TOCI)], locationContext=null, errorMessage=null], 
TestAssertion [ruleId=RuleId [specification=ISO 14289-1:2014, clause=7.2, testNumber=26], status=failed,
message=TOCI element should be contained in TOC element,
location=Location [level=CosDocument, context=root/document[0]/StructTreeRoot[0](8339 0 obj PDStructTreeRoot)/K[0](8341 0 obj SEDocument Document)/K[2](8361 0 obj SEPart Part)/K[0](8427 0 obj SESect Sect)/K[1](8429 0 obj SEDiv Div)/K[0](8431 0 obj SEDiv Div)/K[12](8449 0 obj SETOCI TOCI)], locationContext=null, errorMessage=null], 
TestAssertion [ruleId=RuleId [specification=ISO 14289-1:2014, clause=7.2, testNumber=26], status=failed,
message=TOCI element should be contained in TOC element,
location=Location [level=CosDocument, context=root/document[0]/StructTreeRoot[0](8339 0 obj PDStructTreeRoot)/K[0](8341 0 obj SEDocument Document)/K[2](8361 0 obj SEPart Part)/K[0](8427 0 obj SESect Sect)/K[1](8429 0 obj SEDiv Div)/K[0](8431 0 obj SEDiv Div)/K[13](8450 0 obj SETOCI TOCI)], locationContext=null, errorMessage=null], 
TestAssertion [ruleId=RuleId [specification=ISO 14289-1:2014, clause=7.2, testNumber=26], status=failed,
message=TOCI element should be contained in TOC element,
location=Location [level=CosDocument, context=root/document[0]/StructTreeRoot[0](8339 0 obj PDStructTreeRoot)/K[0](8341 0 obj SEDocument Document)/K[2](8361 0 obj SEPart Part)/K[0](8427 0 obj SESect Sect)/K[1](8429 0 obj SEDiv Div)/K[0](8431 0 obj SEDiv Div)/K[14](8451 0 obj SETOCI TOCI)], locationContext=null, errorMessage=null], 
TestAssertion [ruleId=RuleId [specification=ISO 14289-1:2014, clause=7.2, testNumber=26], status=failed,
message=TOCI element should be contained in TOC element,
location=Location [level=CosDocument, context=root/document[0]/StructTreeRoot[0](8339 0 obj PDStructTreeRoot)/K[0](8341 0 obj SEDocument Document)/K[2](8361 0 obj SEPart Part)/K[0](8427 0 obj SESect Sect)/K[1](8429 0 obj SEDiv Div)/K[0](8431 0 obj SEDiv Div)/K[15](8452 0 obj SETOCI TOCI)], locationContext=null, errorMessage=null], 
TestAssertion [ruleId=RuleId [specification=ISO 14289-1:2014, clause=7.2, testNumber=26], status=failed,
message=TOCI element should be contained in TOC element,
location=Location [level=CosDocument, context=root/document[0]/StructTreeRoot[0](8339 0 obj PDStructTreeRoot)/K[0](8341 0 obj SEDocument Document)/K[2](8361 0 obj SEPart Part)/K[0](8427 0 obj SESect Sect)/K[1](8429 0 obj SEDiv Div)/K[0](8431 0 obj SEDiv Div)/K[16](8453 0 obj SETOCI TOCI)], locationContext=null, errorMessage=null], 
TestAssertion [ruleId=RuleId [specification=ISO 14289-1:2014, clause=7.2, testNumber=26], status=failed,
message=TOCI element should be contained in TOC element,
location=Location [level=CosDocument, context=root/document[0]/StructTreeRoot[0](8339 0 obj PDStructTreeRoot)/K[0](8341 0 obj SEDocument Document)/K[2](8361 0 obj SEPart Part)/K[0](8427 0 obj SESect Sect)/K[1](8429 0 obj SEDiv Div)/K[0](8431 0 obj SEDiv Div)/K[17](8454 0 obj SETOCI TOCI)], locationContext=null, errorMessage=null], 
TestAssertion [ruleId=RuleId [specification=ISO 14289-1:2014, clause=7.2, testNumber=26], status=failed,
message=TOCI element should be contained in TOC element,
location=Location [level=CosDocument, context=root/document[0]/StructTreeRoot[0](8339 0 obj PDStructTreeRoot)/K[0](8341 0 obj SEDocument Document)/K[2](8361 0 obj SEPart Part)/K[0](8427 0 obj SESect Sect)/K[1](8429 0 obj SEDiv Div)/K[0](8431 0 obj SEDiv Div)/K[18](8455 0 obj SETOCI TOCI)], locationContext=null, errorMessage=null], 
TestAssertion [ruleId=RuleId [specification=ISO 14289-1:2014, clause=7.2, testNumber=26], status=failed,
message=TOCI element should be contained in TOC element,
location=Location [level=CosDocument, context=root/document[0]/StructTreeRoot[0](8339 0 obj PDStructTreeRoot)/K[0](8341 0 obj SEDocument Document)/K[2](8361 0 obj SEPart Part)/K[0](8427 0 obj SESect Sect)/K[1](8429 0 obj SEDiv Div)/K[0](8431 0 obj SEDiv Div)/K[19](8456 0 obj SETOCI TOCI)], locationContext=null, errorMessage=null], 
TestAssertion [ruleId=RuleId [specification=ISO 14289-1:2014, clause=7.2, testNumber=26], status=failed,
message=TOCI element should be contained in TOC element,
location=Location [level=CosDocument, context=root/document[0]/StructTreeRoot[0](8339 0 obj PDStructTreeRoot)/K[0](8341 0 obj SEDocument Document)/K[2](8361 0 obj SEPart Part)/K[0](8427 0 obj SESect Sect)/K[1](8429 0 obj SEDiv Div)/K[0](8431 0 obj SEDiv Div)/K[20](8457 0 obj SETOCI TOCI)], locationContext=null, errorMessage=null], 
TestAssertion [ruleId=RuleId [specification=ISO 14289-1:2014, clause=7.2, testNumber=26], status=failed,
message=TOCI element should be contained in TOC element,
location=Location [level=CosDocument, context=root/document[0]/StructTreeRoot[0](8339 0 obj PDStructTreeRoot)/K[0](8341 0 obj SEDocument Document)/K[2](8361 0 obj SEPart Part)/K[0](8427 0 obj SESect Sect)/K[1](8429 0 obj SEDiv Div)/K[0](8431 0 obj SEDiv Div)/K[21](8458 0 obj SETOCI TOCI)], locationContext=null, errorMessage=null], 
TestAssertion [ruleId=RuleId [specification=ISO 14289-1:2014, clause=7.2, testNumber=26], status=failed,
message=TOCI element should be contained in TOC element,
location=Location [level=CosDocument, context=root/document[0]/StructTreeRoot[0](8339 0 obj PDStructTreeRoot)/K[0](8341 0 obj SEDocument Document)/K[2](8361 0 obj SEPart Part)/K[0](8427 0 obj SESect Sect)/K[1](8429 0 obj SEDiv Div)/K[0](8431 0 obj SEDiv Div)/K[22](8459 0 obj SETOCI TOCI)], locationContext=null, errorMessage=null], 
TestAssertion [ruleId=RuleId [specification=ISO 14289-1:2014, clause=7.2, testNumber=26], status=failed,
message=TOCI element should be contained in TOC element,
location=Location [level=CosDocument, context=root/document[0]/StructTreeRoot[0](8339 0 obj PDStructTreeRoot)/K[0](8341 0 obj SEDocument Document)/K[2](8361 0 obj SEPart Part)/K[0](8427 0 obj SESect Sect)/K[1](8429 0 obj SEDiv Div)/K[0](8431 0 obj SEDiv Div)/K[23](8460 0 obj SETOCI TOCI)], locationContext=null, errorMessage=null], 
TestAssertion [ruleId=RuleId [specification=ISO 14289-1:2014, clause=7.2, testNumber=26], status=failed,
message=TOCI element should be contained in TOC element,
location=Location [level=CosDocument, context=root/document[0]/StructTreeRoot[0](8339 0 obj PDStructTreeRoot)/K[0](8341 0 obj SEDocument Document)/K[2](8361 0 obj SEPart Part)/K[0](8427 0 obj SESect Sect)/K[1](8429 0 obj SEDiv Div)/K[0](8431 0 obj SEDiv Div)/K[24](8461 0 obj SETOCI TOCI)], locationContext=null, errorMessage=null], 
TestAssertion [ruleId=RuleId [specification=ISO 14289-1:2014, clause=7.2, testNumber=26], status=failed,
message=TOCI element should be contained in TOC element,
location=Location [level=CosDocument, context=root/document[0]/StructTreeRoot[0](8339 0 obj PDStructTreeRoot)/K[0](8341 0 obj SEDocument Document)/K[2](8361 0 obj SEPart Part)/K[0](8427 0 obj SESect Sect)/K[1](8429 0 obj SEDiv Div)/K[0](8431 0 obj SEDiv Div)/K[25](8462 0 obj SETOCI TOCI)], locationContext=null, errorMessage=null], 
TestAssertion [ruleId=RuleId [specification=ISO 14289-1:2014, clause=7.2, testNumber=26], status=failed,
message=TOCI element should be contained in TOC element,
location=Location [level=CosDocument, context=root/document[0]/StructTreeRoot[0](8339 0 obj PDStructTreeRoot)/K[0](8341 0 obj SEDocument Document)/K[2](8361 0 obj SEPart Part)/K[0](8427 0 obj SESect Sect)/K[1](8429 0 obj SEDiv Div)/K[0](8431 0 obj SEDiv Div)/K[26](8463 0 obj SETOCI TOCI)], locationContext=null, errorMessage=null], 
TestAssertion [ruleId=RuleId [specification=ISO 14289-1:2014, clause=7.2, testNumber=26], status=failed,
message=TOCI element should be contained in TOC element,
location=Location [level=CosDocument, context=root/document[0]/StructTreeRoot[0](8339 0 obj PDStructTreeRoot)/K[0](8341 0 obj SEDocument Document)/K[2](8361 0 obj SEPart Part)/K[0](8427 0 obj SESect Sect)/K[1](8429 0 obj SEDiv Div)/K[0](8431 0 obj SEDiv Div)/K[27](8464 0 obj SETOCI TOCI)], locationContext=null, errorMessage=null], 
TestAssertion [ruleId=RuleId [specification=ISO 14289-1:2014, clause=7.2, testNumber=26], status=failed,
message=TOCI element should be contained in TOC element,
location=Location [level=CosDocument, context=root/document[0]/StructTreeRoot[0](8339 0 obj PDStructTreeRoot)/K[0](8341 0 obj SEDocument Document)/K[2](8361 0 obj SEPart Part)/K[0](8427 0 obj SESect Sect)/K[1](8429 0 obj SEDiv Div)/K[0](8431 0 obj SEDiv Div)/K[28](8465 0 obj SETOCI TOCI)], locationContext=null, errorMessage=null], 
TestAssertion [ruleId=RuleId [specification=ISO 14289-1:2014, clause=7.2, testNumber=26], status=failed,
message=TOCI element should be contained in TOC element,
location=Location [level=CosDocument, context=root/document[0]/StructTreeRoot[0](8339 0 obj PDStructTreeRoot)/K[0](8341 0 obj SEDocument Document)/K[2](8361 0 obj SEPart Part)/K[0](8427 0 obj SESect Sect)/K[1](8429 0 obj SEDiv Div)/K[0](8431 0 obj SEDiv Div)/K[29](8466 0 obj SETOCI TOCI)], locationContext=null, errorMessage=null], 
TestAssertion [ruleId=RuleId [specification=ISO 14289-1:2014, clause=7.2, testNumber=26], status=failed,
message=TOCI element should be contained in TOC element,
location=Location [level=CosDocument, context=root/document[0]/StructTreeRoot[0](8339 0 obj PDStructTreeRoot)/K[0](8341 0 obj SEDocument Document)/K[2](8361 0 obj SEPart Part)/K[0](8427 0 obj SESect Sect)/K[1](8429 0 obj SEDiv Div)/K[0](8431 0 obj SEDiv Div)/K[30](8467 0 obj SETOCI TOCI)], locationContext=null, errorMessage=null], 
TestAssertion [ruleId=RuleId [specification=ISO 14289-1:2014, clause=7.2, testNumber=26], status=failed,
message=TOCI element should be contained in TOC element,
location=Location [level=CosDocument, context=root/document[0]/StructTreeRoot[0](8339 0 obj PDStructTreeRoot)/K[0](8341 0 obj SEDocument Document)/K[2](8361 0 obj SEPart Part)/K[0](8427 0 obj SESect Sect)/K[1](8429 0 obj SEDiv Div)/K[0](8431 0 obj SEDiv Div)/K[31](8468 0 obj SETOCI TOCI)], locationContext=null, errorMessage=null], 
TestAssertion [ruleId=RuleId [specification=ISO 14289-1:2014, clause=7.2, testNumber=26], status=failed,
message=TOCI element should be contained in TOC element,
location=Location [level=CosDocument, context=root/document[0]/StructTreeRoot[0](8339 0 obj PDStructTreeRoot)/K[0](8341 0 obj SEDocument Document)/K[2](8361 0 obj SEPart Part)/K[0](8427 0 obj SESect Sect)/K[1](8429 0 obj SEDiv Div)/K[0](8431 0 obj SEDiv Div)/K[32](8469 0 obj SETOCI TOCI)], locationContext=null, errorMessage=null], 
TestAssertion [ruleId=RuleId [specification=ISO 14289-1:2014, clause=7.2, testNumber=26], status=failed,
message=TOCI element should be contained in TOC element,
location=Location [level=CosDocument, context=root/document[0]/StructTreeRoot[0](8339 0 obj PDStructTreeRoot)/K[0](8341 0 obj SEDocument Document)/K[2](8361 0 obj SEPart Part)/K[0](8427 0 obj SESect Sect)/K[1](8429 0 obj SEDiv Div)/K[0](8431 0 obj SEDiv Div)/K[33](8470 0 obj SETOCI TOCI)], locationContext=null, errorMessage=null]], isCompliant=false]
