Page vii: Unresolved ID reference "_2424be43-371f-46e6-8fae-173ef1a176f2" found.
Page 73: Unresolved ID reference "_799e7599-4495-46bb-b09e-8d458ac07d26" found.
2 link targets could not be fully resolved and now points to the top of the page or are dysfunctional.
PDF isn't valid PDF/UA-1:
ValidationResult [flavour=ua1, totalAssertions=788299, assertions=[
TestAssertion [ruleId=RuleId [specification=ISO 14289-1:2014, clause=7.18.5, testNumber=1], status=failed,
message=Links shall be tagged according to ISO 32000-1:2008, 14.8.4.4.2, Link Element,
location=Location [level=CosDocument, context=root/document[0]/pages[6](615 0 obj PDPage)/annots[1](618 0 obj PDLinkAnnot)], locationContext=null, errorMessage=null], 
TestAssertion [ruleId=RuleId [specification=ISO 14289-1:2014, clause=7.18.5, testNumber=2], status=failed,
message=Links shall contain an alternate description via their Contents key as described in ISO 32000-1:2008, 14.9.3,
location=Location [level=CosDocument, context=root/document[0]/pages[6](615 0 obj PDPage)/annots[1](618 0 obj PDLinkAnnot)], locationContext=null, errorMessage=null], 
TestAssertion [ruleId=RuleId [specification=ISO 14289-1:2014, clause=7.18.1, testNumber=2], status=failed,
message=An annotation (except Widget annotations or hidden annotations, or those having rectangle outside the crop-box) shall have either Contents key or an Alt entry in the enclosing structure element,
location=Location [level=CosDocument, context=root/document[0]/pages[6](615 0 obj PDPage)/annots[1](618 0 obj PDLinkAnnot)], locationContext=null, errorMessage=null], 
TestAssertion [ruleId=RuleId [specification=ISO 14289-1:2014, clause=7.18.5, testNumber=1], status=failed,
message=Links shall be tagged according to ISO 32000-1:2008, 14.8.4.4.2, Link Element,
location=Location [level=CosDocument, context=root/document[0]/pages[80](4761 0 obj PDPage)/annots[0](4763 0 obj PDLinkAnnot)], locationContext=null, errorMessage=null], 
TestAssertion [ruleId=RuleId [specification=ISO 14289-1:2014, clause=7.18.5, testNumber=2], status=failed,
message=Links shall contain an alternate description via their Contents key as described in ISO 32000-1:2008, 14.9.3,
location=Location [level=CosDocument, context=root/document[0]/pages[80](4761 0 obj PDPage)/annots[0](4763 0 obj PDLinkAnnot)], locationContext=null, errorMessage=null], 
TestAssertion [ruleId=RuleId [specification=ISO 14289-1:2014, clause=7.18.1, testNumber=2], status=failed,
message=An annotation (except Widget annotations or hidden annotations, or those having rectangle outside the crop-box) shall have either Contents key or an Alt entry in the enclosing structure element,
location=Location [level=CosDocument, context=root/document[0]/pages[80](4761 0 obj PDPage)/annots[0](4763 0 obj PDLinkAnnot)], locationContext=null, errorMessage=null], 
TestAssertion [ruleId=RuleId [specification=ISO 14289-1:2014, clause=7.2, testNumber=26], status=failed,
message=TOCI element should be contained in TOC element,
location=Location [level=CosDocument, context=root/document[0]/StructTreeRoot[0](6051 0 obj PDStructTreeRoot)/K[0](6053 0 obj SEDocument Document)/K[2](6093 0 obj SEPart Part)/K[0](6162 0 obj SESect Sect)/K[1](6164 0 obj SEDiv Div)/K[0](6166 0 obj SEDiv Div)/K[3](6172 0 obj SETOCI TOCI)], locationContext=null, errorMessage=null], 
TestAssertion [ruleId=RuleId [specification=ISO 14289-1:2014, clause=7.4.2, testNumber=1], status=failed,
message=For documents that are not strongly structured, as described in ISO 32000-1:2008, 14.8.4.3.5, heading tags shall be used as follows: (*) If any heading tags are used, H1 shall be the first. (*) A document may use more than one instance of any specific tag level. For example, a tag level may be repeated if document content requires it. (*) If document semantics require a descending sequence of headers, such a sequence shall proceed in strict numerical order and shall not skip an intervening heading level. (*) A document may increment its heading sequence without restarting at H1 if document semantics require it,
location=Location [level=CosDocument, context=root/document[0]/StructTreeRoot[0](6051 0 obj PDStructTreeRoot)/K[0](6053 0 obj SEDocument Document)/K[14](6105 0 obj SEPart Part)/K[0](7269 0 obj SESect Sect)/K[0](7270 0 obj SEDiv Div)/K[0](7271 0 obj SEDiv Div)/K[6](7277 0 obj SEDiv Div)/K[5](7343 0 obj SEDiv Div)/K[0](1990 0 obj SEHn H3)], locationContext=null, errorMessage=null], 
TestAssertion [ruleId=RuleId [specification=ISO 14289-1:2014, clause=7.4.2, testNumber=1], status=failed,
message=For documents that are not strongly structured, as described in ISO 32000-1:2008, 14.8.4.3.5, heading tags shall be used as follows: (*) If any heading tags are used, H1 shall be the first. (*) A document may use more than one instance of any specific tag level. For example, a tag level may be repeated if document content requires it. (*) If document semantics require a descending sequence of headers, such a sequence shall proceed in strict numerical order and shall not skip an intervening heading level. (*) A document may increment its heading sequence without restarting at H1 if document semantics require it,
location=Location [level=CosDocument, context=root/document[0]/StructTreeRoot[0](6051 0 obj PDStructTreeRoot)/K[0](6053 0 obj SEDocument Document)/K[14](6105 0 obj SEPart Part)/K[0](7269 0 obj SESect Sect)/K[0](7270 0 obj SEDiv Div)/K[0](7271 0 obj SEDiv Div)/K[8](7279 0 obj SEDiv Div)/K[7](7401 0 obj SEDiv Div)/K[0](2156 0 obj SEHn H3)], locationContext=null, errorMessage=null], 
TestAssertion [ruleId=RuleId [specification=ISO 14289-1:2014, clause=7.4.2, testNumber=1], status=failed,
message=For documents that are not strongly structured, as described in ISO 32000-1:2008, 14.8.4.3.5, heading tags shall be used as follows: (*) If any heading tags are used, H1 shall be the first. (*) A document may use more than one instance of any specific tag level. For example, a tag level may be repeated if document content requires it. (*) If document semantics require a descending sequence of headers, such a sequence shall proceed in strict numerical order and shall not skip an intervening heading level. (*) A document may increment its heading sequence without restarting at H1 if document semantics require it,
location=Location [level=CosDocument, context=root/document[0]/StructTreeRoot[0](6051 0 obj PDStructTreeRoot)/K[0](6053 0 obj SEDocument Document)/K[14](6105 0 obj SEPart Part)/K[0](7269 0 obj SESect Sect)/K[0](7270 0 obj SEDiv Div)/K[0](7271 0 obj SEDiv Div)/K[8](7279 0 obj SEDiv Div)/K[17](7411 0 obj SEDiv Div)/K[0](2273 0 obj SEHn H3)], locationContext=null, errorMessage=null], 
TestAssertion [ruleId=RuleId [specification=ISO 14289-1:2014, clause=7.4.2, testNumber=1], status=failed,
message=For documents that are not strongly structured, as described in ISO 32000-1:2008, 14.8.4.3.5, heading tags shall be used as follows: (*) If any heading tags are used, H1 shall be the first. (*) A document may use more than one instance of any specific tag level. For example, a tag level may be repeated if document content requires it. (*) If document semantics require a descending sequence of headers, such a sequence shall proceed in strict numerical order and shall not skip an intervening heading level. (*) A document may increment its heading sequence without restarting at H1 if document semantics require it,
location=Location [level=CosDocument, context=root/document[0]/StructTreeRoot[0](6051 0 obj PDStructTreeRoot)/K[0](6053 0 obj SEDocument Document)/K[14](6105 0 obj SEPart Part)/K[0](7269 0 obj SESect Sect)/K[0](7270 0 obj SEDiv Div)/K[0](7271 0 obj SEDiv Div)/K[8](7279 0 obj SEDiv Div)/K[18](7412 0 obj SEDiv Div)/K[0](2326 0 obj SEHn H3)], locationContext=null, errorMessage=null], 
TestAssertion [ruleId=RuleId [specification=ISO 14289-1:2014, clause=7.4.2, testNumber=1], status=failed,
message=For documents that are not strongly structured, as described in ISO 32000-1:2008, 14.8.4.3.5, heading tags shall be used as follows: (*) If any heading tags are used, H1 shall be the first. (*) A document may use more than one instance of any specific tag level. For example, a tag level may be repeated if document content requires it. (*) If document semantics require a descending sequence of headers, such a sequence shall proceed in strict numerical order and shall not skip an intervening heading level. (*) A document may increment its heading sequence without restarting at H1 if document semantics require it,
location=Location [level=CosDocument, context=root/document[0]/StructTreeRoot[0](6051 0 obj PDStructTreeRoot)/K[0](6053 0 obj SEDocument Document)/K[18](6109 0 obj SEPart Part)/K[0](7731 0 obj SESect Sect)/K[0](7732 0 obj SEDiv Div)/K[0](7733 0 obj SEDiv Div)/K[5](7737 0 obj SEDiv Div)/K[6](7788 0 obj SEDiv Div)/K[0](3392 0 obj SEHn H3)], locationContext=null, errorMessage=null], 
TestAssertion [ruleId=RuleId [specification=ISO 14289-1:2014, clause=7.4.2, testNumber=1], status=failed,
message=For documents that are not strongly structured, as described in ISO 32000-1:2008, 14.8.4.3.5, heading tags shall be used as follows: (*) If any heading tags are used, H1 shall be the first. (*) A document may use more than one instance of any specific tag level. For example, a tag level may be repeated if document content requires it. (*) If document semantics require a descending sequence of headers, such a sequence shall proceed in strict numerical order and shall not skip an intervening heading level. (*) A document may increment its heading sequence without restarting at H1 if document semantics require it,
location=Location [level=CosDocument, context=root/document[0]/StructTreeRoot[0](6051 0 obj PDStructTreeRoot)/K[0](6053 0 obj SEDocument Document)/K[18](6109 0 obj SEPart Part)/K[0](7731 0 obj SESect Sect)/K[0](7732 0 obj SEDiv Div)/K[0](7733 0 obj SEDiv Div)/K[5](7737 0 obj SEDiv Div)/K[7](7789 0 obj SEDiv Div)/K[0](3543 0 obj SEHn H3)], locationContext=null, errorMessage=null], 
TestAssertion [ruleId=RuleId [specification=ISO 14289-1:2014, clause=7.4.2, testNumber=1], status=failed,
message=For documents that are not strongly structured, as described in ISO 32000-1:2008, 14.8.4.3.5, heading tags shall be used as follows: (*) If any heading tags are used, H1 shall be the first. (*) A document may use more than one instance of any specific tag level. For example, a tag level may be repeated if document content requires it. (*) If document semantics require a descending sequence of headers, such a sequence shall proceed in strict numerical order and shall not skip an intervening heading level. (*) A document may increment its heading sequence without restarting at H1 if document semantics require it,
location=Location [level=CosDocument, context=root/document[0]/StructTreeRoot[0](6051 0 obj PDStructTreeRoot)/K[0](6053 0 obj SEDocument Document)/K[18](6109 0 obj SEPart Part)/K[0](7731 0 obj SESect Sect)/K[0](7732 0 obj SEDiv Div)/K[0](7733 0 obj SEDiv Div)/K[5](7737 0 obj SEDiv Div)/K[8](7790 0 obj SEDiv Div)/K[0](4208 0 obj SEHn H3)], locationContext=null, errorMessage=null], 
TestAssertion [ruleId=RuleId [specification=ISO 14289-1:2014, clause=7.4.2, testNumber=1], status=failed,
message=For documents that are not strongly structured, as described in ISO 32000-1:2008, 14.8.4.3.5, heading tags shall be used as follows: (*) If any heading tags are used, H1 shall be the first. (*) A document may use more than one instance of any specific tag level. For example, a tag level may be repeated if document content requires it. (*) If document semantics require a descending sequence of headers, such a sequence shall proceed in strict numerical order and shall not skip an intervening heading level. (*) A document may increment its heading sequence without restarting at H1 if document semantics require it,
location=Location [level=CosDocument, context=root/document[0]/StructTreeRoot[0](6051 0 obj PDStructTreeRoot)/K[0](6053 0 obj SEDocument Document)/K[18](6109 0 obj SEPart Part)/K[0](7731 0 obj SESect Sect)/K[0](7732 0 obj SEDiv Div)/K[0](7733 0 obj SEDiv Div)/K[11](7743 0 obj SEDiv Div)/K[4](8235 0 obj SEDiv Div)/K[0](4634 0 obj SEHn H3)], locationContext=null, errorMessage=null]], isCompliant=false]
