Page 22: Unresolved ID reference "_698c1aa8-ed5e-48d2-971e-38a4189d5a69" found.
Page 22: Unresolved ID reference "_76a671e8-484f-49f6-81d7-763c42351be8" found.
2 link targets could not be fully resolved and now points to the top of the page or are dysfunctional.
PDF isn't valid PDF/UA-1:
ValidationResult [flavour=ua1, totalAssertions=1258400, assertions=[
TestAssertion [ruleId=RuleId [specification=ISO 14289-1:2014, clause=7.18.5, testNumber=1], status=failed,
message=Links shall be tagged according to ISO 32000-1:2008, 14.8.4.4.2, Link Element,
location=Location [level=CosDocument, context=root/document[0]/pages[38](2601 0 obj PDPage)/annots[0](2596 0 obj PDLinkAnnot)], locationContext=null, errorMessage=null], 
TestAssertion [ruleId=RuleId [specification=ISO 14289-1:2014, clause=7.18.5, testNumber=2], status=failed,
message=Links shall contain an alternate description via their Contents key as described in ISO 32000-1:2008, 14.9.3,
location=Location [level=CosDocument, context=root/document[0]/pages[38](2601 0 obj PDPage)/annots[0](2596 0 obj PDLinkAnnot)], locationContext=null, errorMessage=null], 
TestAssertion [ruleId=RuleId [specification=ISO 14289-1:2014, clause=7.18.1, testNumber=2], status=failed,
message=An annotation (except Widget annotations or hidden annotations, or those having rectangle outside the crop-box) shall have either Contents key or an Alt entry in the enclosing structure element,
location=Location [level=CosDocument, context=root/document[0]/pages[38](2601 0 obj PDPage)/annots[0](2596 0 obj PDLinkAnnot)], locationContext=null, errorMessage=null], 
TestAssertion [ruleId=RuleId [specification=ISO 14289-1:2014, clause=7.18.5, testNumber=1], status=failed,
message=Links shall be tagged according to ISO 32000-1:2008, 14.8.4.4.2, Link Element,
location=Location [level=CosDocument, context=root/document[0]/pages[38](2601 0 obj PDPage)/annots[1](2598 0 obj PDLinkAnnot)], locationContext=null, errorMessage=null], 
TestAssertion [ruleId=RuleId [specification=ISO 14289-1:2014, clause=7.18.5, testNumber=2], status=failed,
message=Links shall contain an alternate description via their Contents key as described in ISO 32000-1:2008, 14.9.3,
location=Location [level=CosDocument, context=root/document[0]/pages[38](2601 0 obj PDPage)/annots[1](2598 0 obj PDLinkAnnot)], locationContext=null, errorMessage=null], 
TestAssertion [ruleId=RuleId [specification=ISO 14289-1:2014, clause=7.18.1, testNumber=2], status=failed,
message=An annotation (except Widget annotations or hidden annotations, or those having rectangle outside the crop-box) shall have either Contents key or an Alt entry in the enclosing structure element,
location=Location [level=CosDocument, context=root/document[0]/pages[38](2601 0 obj PDPage)/annots[1](2598 0 obj PDLinkAnnot)], locationContext=null, errorMessage=null], 
TestAssertion [ruleId=RuleId [specification=ISO 14289-1:2014, clause=7.2, testNumber=26], status=failed,
message=TOCI element should be contained in TOC element,
location=Location [level=CosDocument, context=root/document[0]/StructTreeRoot[0](9282 0 obj PDStructTreeRoot)/K[0](9284 0 obj SEDocument Document)/K[2](9315 0 obj SEPart Part)/K[0](9385 0 obj SESect Sect)/K[1](9387 0 obj SEDiv Div)/K[0](9389 0 obj SEDiv Div)/K[3](9399 0 obj SETOCI TOCI)], locationContext=null, errorMessage=null], 
TestAssertion [ruleId=RuleId [specification=ISO 14289-1:2014, clause=7.2, testNumber=26], status=failed,
message=TOCI element should be contained in TOC element,
location=Location [level=CosDocument, context=root/document[0]/StructTreeRoot[0](9282 0 obj PDStructTreeRoot)/K[0](9284 0 obj SEDocument Document)/K[2](9315 0 obj SEPart Part)/K[0](9385 0 obj SESect Sect)/K[1](9387 0 obj SEDiv Div)/K[0](9389 0 obj SEDiv Div)/K[4](9400 0 obj SETOCI TOCI)], locationContext=null, errorMessage=null], 
TestAssertion [ruleId=RuleId [specification=ISO 14289-1:2014, clause=7.2, testNumber=26], status=failed,
message=TOCI element should be contained in TOC element,
location=Location [level=CosDocument, context=root/document[0]/StructTreeRoot[0](9282 0 obj PDStructTreeRoot)/K[0](9284 0 obj SEDocument Document)/K[2](9315 0 obj SEPart Part)/K[0](9385 0 obj SESect Sect)/K[1](9387 0 obj SEDiv Div)/K[0](9389 0 obj SEDiv Div)/K[5](9401 0 obj SETOCI TOCI)], locationContext=null, errorMessage=null], 
TestAssertion [ruleId=RuleId [specification=ISO 14289-1:2014, clause=7.2, testNumber=26], status=failed,
message=TOCI element should be contained in TOC element,
location=Location [level=CosDocument, context=root/document[0]/StructTreeRoot[0](9282 0 obj PDStructTreeRoot)/K[0](9284 0 obj SEDocument Document)/K[2](9315 0 obj SEPart Part)/K[0](9385 0 obj SESect Sect)/K[1](9387 0 obj SEDiv Div)/K[0](9389 0 obj SEDiv Div)/K[6](9402 0 obj SETOCI TOCI)], locationContext=null, errorMessage=null], 
TestAssertion [ruleId=RuleId [specification=ISO 14289-1:2014, clause=7.2, testNumber=26], status=failed,
message=TOCI element should be contained in TOC element,
location=Location [level=CosDocument, context=root/document[0]/StructTreeRoot[0](9282 0 obj PDStructTreeRoot)/K[0](9284 0 obj SEDocument Document)/K[2](9315 0 obj SEPart Part)/K[0](9385 0 obj SESect Sect)/K[1](9387 0 obj SEDiv Div)/K[0](9389 0 obj SEDiv Div)/K[7](9403 0 obj SETOCI TOCI)], locationContext=null, errorMessage=null], 
TestAssertion [ruleId=RuleId [specification=ISO 14289-1:2014, clause=7.2, testNumber=26], status=failed,
message=TOCI element should be contained in TOC element,
location=Location [level=CosDocument, context=root/document[0]/StructTreeRoot[0](9282 0 obj PDStructTreeRoot)/K[0](9284 0 obj SEDocument Document)/K[2](9315 0 obj SEPart Part)/K[0](9385 0 obj SESect Sect)/K[1](9387 0 obj SEDiv Div)/K[0](9389 0 obj SEDiv Div)/K[8](9404 0 obj SETOCI TOCI)], locationContext=null, errorMessage=null], 
TestAssertion [ruleId=RuleId [specification=ISO 14289-1:2014, clause=7.2, testNumber=26], status=failed,
message=TOCI element should be contained in TOC element,
location=Location [level=CosDocument, context=root/document[0]/StructTreeRoot[0](9282 0 obj PDStructTreeRoot)/K[0](9284 0 obj SEDocument Document)/K[2](9315 0 obj SEPart Part)/K[0](9385 0 obj SESect Sect)/K[1](9387 0 obj SEDiv Div)/K[0](9389 0 obj SEDiv Div)/K[9](9405 0 obj SETOCI TOCI)], locationContext=null, errorMessage=null], 
TestAssertion [ruleId=RuleId [specification=ISO 14289-1:2014, clause=7.2, testNumber=26], status=failed,
message=TOCI element should be contained in TOC element,
location=Location [level=CosDocument, context=root/document[0]/StructTreeRoot[0](9282 0 obj PDStructTreeRoot)/K[0](9284 0 obj SEDocument Document)/K[2](9315 0 obj SEPart Part)/K[0](9385 0 obj SESect Sect)/K[1](9387 0 obj SEDiv Div)/K[0](9389 0 obj SEDiv Div)/K[10](9406 0 obj SETOCI TOCI)], locationContext=null, errorMessage=null], 
TestAssertion [ruleId=RuleId [specification=ISO 14289-1:2014, clause=7.2, testNumber=26], status=failed,
message=TOCI element should be contained in TOC element,
location=Location [level=CosDocument, context=root/document[0]/StructTreeRoot[0](9282 0 obj PDStructTreeRoot)/K[0](9284 0 obj SEDocument Document)/K[2](9315 0 obj SEPart Part)/K[0](9385 0 obj SESect Sect)/K[1](9387 0 obj SEDiv Div)/K[0](9389 0 obj SEDiv Div)/K[11](9407 0 obj SETOCI TOCI)], locationContext=null, errorMessage=null], 
TestAssertion [ruleId=RuleId [specification=ISO 14289-1:2014, clause=7.2, testNumber=26], status=failed,
message=TOCI element should be contained in TOC element,
location=Location [level=CosDocument, context=root/document[0]/StructTreeRoot[0](9282 0 obj PDStructTreeRoot)/K[0](9284 0 obj SEDocument Document)/K[2](9315 0 obj SEPart Part)/K[0](9385 0 obj SESect Sect)/K[1](9387 0 obj SEDiv Div)/K[0](9389 0 obj SEDiv Div)/K[12](9408 0 obj SETOCI TOCI)], locationContext=null, errorMessage=null], 
TestAssertion [ruleId=RuleId [specification=ISO 14289-1:2014, clause=7.2, testNumber=26], status=failed,
message=TOCI element should be contained in TOC element,
location=Location [level=CosDocument, context=root/document[0]/StructTreeRoot[0](9282 0 obj PDStructTreeRoot)/K[0](9284 0 obj SEDocument Document)/K[2](9315 0 obj SEPart Part)/K[0](9385 0 obj SESect Sect)/K[1](9387 0 obj SEDiv Div)/K[0](9389 0 obj SEDiv Div)/K[13](9409 0 obj SETOCI TOCI)], locationContext=null, errorMessage=null], 
TestAssertion [ruleId=RuleId [specification=ISO 14289-1:2014, clause=7.2, testNumber=26], status=failed,
message=TOCI element should be contained in TOC element,
location=Location [level=CosDocument, context=root/document[0]/StructTreeRoot[0](9282 0 obj PDStructTreeRoot)/K[0](9284 0 obj SEDocument Document)/K[2](9315 0 obj SEPart Part)/K[0](9385 0 obj SESect Sect)/K[1](9387 0 obj SEDiv Div)/K[0](9389 0 obj SEDiv Div)/K[14](9410 0 obj SETOCI TOCI)], locationContext=null, errorMessage=null], 
TestAssertion [ruleId=RuleId [specification=ISO 14289-1:2014, clause=7.2, testNumber=26], status=failed,
message=TOCI element should be contained in TOC element,
location=Location [level=CosDocument, context=root/document[0]/StructTreeRoot[0](9282 0 obj PDStructTreeRoot)/K[0](9284 0 obj SEDocument Document)/K[2](9315 0 obj SEPart Part)/K[0](9385 0 obj SESect Sect)/K[1](9387 0 obj SEDiv Div)/K[0](9389 0 obj SEDiv Div)/K[15](9411 0 obj SETOCI TOCI)], locationContext=null, errorMessage=null], 
TestAssertion [ruleId=RuleId [specification=ISO 14289-1:2014, clause=7.2, testNumber=26], status=failed,
message=TOCI element should be contained in TOC element,
location=Location [level=CosDocument, context=root/document[0]/StructTreeRoot[0](9282 0 obj PDStructTreeRoot)/K[0](9284 0 obj SEDocument Document)/K[2](9315 0 obj SEPart Part)/K[0](9385 0 obj SESect Sect)/K[1](9387 0 obj SEDiv Div)/K[0](9389 0 obj SEDiv Div)/K[16](9412 0 obj SETOCI TOCI)], locationContext=null, errorMessage=null], 
TestAssertion [ruleId=RuleId [specification=ISO 14289-1:2014, clause=7.2, testNumber=26], status=failed,
message=TOCI element should be contained in TOC element,
location=Location [level=CosDocument, context=root/document[0]/StructTreeRoot[0](9282 0 obj PDStructTreeRoot)/K[0](9284 0 obj SEDocument Document)/K[2](9315 0 obj SEPart Part)/K[0](9385 0 obj SESect Sect)/K[1](9387 0 obj SEDiv Div)/K[0](9389 0 obj SEDiv Div)/K[17](9413 0 obj SETOCI TOCI)], locationContext=null, errorMessage=null], 
TestAssertion [ruleId=RuleId [specification=ISO 14289-1:2014, clause=7.2, testNumber=26], status=failed,
message=TOCI element should be contained in TOC element,
location=Location [level=CosDocument, context=root/document[0]/StructTreeRoot[0](9282 0 obj PDStructTreeRoot)/K[0](9284 0 obj SEDocument Document)/K[2](9315 0 obj SEPart Part)/K[0](9385 0 obj SESect Sect)/K[1](9387 0 obj SEDiv Div)/K[0](9389 0 obj SEDiv Div)/K[18](9414 0 obj SETOCI TOCI)], locationContext=null, errorMessage=null], 
TestAssertion [ruleId=RuleId [specification=ISO 14289-1:2014, clause=7.2, testNumber=26], status=failed,
message=TOCI element should be contained in TOC element,
location=Location [level=CosDocument, context=root/document[0]/StructTreeRoot[0](9282 0 obj PDStructTreeRoot)/K[0](9284 0 obj SEDocument Document)/K[2](9315 0 obj SEPart Part)/K[0](9385 0 obj SESect Sect)/K[1](9387 0 obj SEDiv Div)/K[0](9389 0 obj SEDiv Div)/K[19](9415 0 obj SETOCI TOCI)], locationContext=null, errorMessage=null], 
TestAssertion [ruleId=RuleId [specification=ISO 14289-1:2014, clause=7.2, testNumber=26], status=failed,
message=TOCI element should be contained in TOC element,
location=Location [level=CosDocument, context=root/document[0]/StructTreeRoot[0](9282 0 obj PDStructTreeRoot)/K[0](9284 0 obj SEDocument Document)/K[2](9315 0 obj SEPart Part)/K[0](9385 0 obj SESect Sect)/K[1](9387 0 obj SEDiv Div)/K[0](9389 0 obj SEDiv Div)/K[20](9416 0 obj SETOCI TOCI)], locationContext=null, errorMessage=null], 
TestAssertion [ruleId=RuleId [specification=ISO 14289-1:2014, clause=7.2, testNumber=26], status=failed,
message=TOCI element should be contained in TOC element,
location=Location [level=CosDocument, context=root/document[0]/StructTreeRoot[0](9282 0 obj PDStructTreeRoot)/K[0](9284 0 obj SEDocument Document)/K[2](9315 0 obj SEPart Part)/K[0](9385 0 obj SESect Sect)/K[1](9387 0 obj SEDiv Div)/K[0](9389 0 obj SEDiv Div)/K[21](9417 0 obj SETOCI TOCI)], locationContext=null, errorMessage=null], 
TestAssertion [ruleId=RuleId [specification=ISO 14289-1:2014, clause=7.2, testNumber=26], status=failed,
message=TOCI element should be contained in TOC element,
location=Location [level=CosDocument, context=root/document[0]/StructTreeRoot[0](9282 0 obj PDStructTreeRoot)/K[0](9284 0 obj SEDocument Document)/K[2](9315 0 obj SEPart Part)/K[0](9385 0 obj SESect Sect)/K[1](9387 0 obj SEDiv Div)/K[0](9389 0 obj SEDiv Div)/K[22](9418 0 obj SETOCI TOCI)], locationContext=null, errorMessage=null], 
TestAssertion [ruleId=RuleId [specification=ISO 14289-1:2014, clause=7.2, testNumber=26], status=failed,
message=TOCI element should be contained in TOC element,
location=Location [level=CosDocument, context=root/document[0]/StructTreeRoot[0](9282 0 obj PDStructTreeRoot)/K[0](9284 0 obj SEDocument Document)/K[2](9315 0 obj SEPart Part)/K[0](9385 0 obj SESect Sect)/K[1](9387 0 obj SEDiv Div)/K[0](9389 0 obj SEDiv Div)/K[23](9419 0 obj SETOCI TOCI)], locationContext=null, errorMessage=null], 
TestAssertion [ruleId=RuleId [specification=ISO 14289-1:2014, clause=7.2, testNumber=26], status=failed,
message=TOCI element should be contained in TOC element,
location=Location [level=CosDocument, context=root/document[0]/StructTreeRoot[0](9282 0 obj PDStructTreeRoot)/K[0](9284 0 obj SEDocument Document)/K[2](9315 0 obj SEPart Part)/K[0](9385 0 obj SESect Sect)/K[1](9387 0 obj SEDiv Div)/K[0](9389 0 obj SEDiv Div)/K[24](9420 0 obj SETOCI TOCI)], locationContext=null, errorMessage=null], 
TestAssertion [ruleId=RuleId [specification=ISO 14289-1:2014, clause=7.2, testNumber=26], status=failed,
message=TOCI element should be contained in TOC element,
location=Location [level=CosDocument, context=root/document[0]/StructTreeRoot[0](9282 0 obj PDStructTreeRoot)/K[0](9284 0 obj SEDocument Document)/K[2](9315 0 obj SEPart Part)/K[0](9385 0 obj SESect Sect)/K[1](9387 0 obj SEDiv Div)/K[0](9389 0 obj SEDiv Div)/K[25](9421 0 obj SETOCI TOCI)], locationContext=null, errorMessage=null], 
TestAssertion [ruleId=RuleId [specification=ISO 14289-1:2014, clause=7.2, testNumber=26], status=failed,
message=TOCI element should be contained in TOC element,
location=Location [level=CosDocument, context=root/document[0]/StructTreeRoot[0](9282 0 obj PDStructTreeRoot)/K[0](9284 0 obj SEDocument Document)/K[2](9315 0 obj SEPart Part)/K[0](9385 0 obj SESect Sect)/K[1](9387 0 obj SEDiv Div)/K[0](9389 0 obj SEDiv Div)/K[26](9422 0 obj SETOCI TOCI)], locationContext=null, errorMessage=null], 
TestAssertion [ruleId=RuleId [specification=ISO 14289-1:2014, clause=7.2, testNumber=26], status=failed,
message=TOCI element should be contained in TOC element,
location=Location [level=CosDocument, context=root/document[0]/StructTreeRoot[0](9282 0 obj PDStructTreeRoot)/K[0](9284 0 obj SEDocument Document)/K[2](9315 0 obj SEPart Part)/K[0](9385 0 obj SESect Sect)/K[1](9387 0 obj SEDiv Div)/K[0](9389 0 obj SEDiv Div)/K[27](9423 0 obj SETOCI TOCI)], locationContext=null, errorMessage=null], 
TestAssertion [ruleId=RuleId [specification=ISO 14289-1:2014, clause=7.2, testNumber=26], status=failed,
message=TOCI element should be contained in TOC element,
location=Location [level=CosDocument, context=root/document[0]/StructTreeRoot[0](9282 0 obj PDStructTreeRoot)/K[0](9284 0 obj SEDocument Document)/K[2](9315 0 obj SEPart Part)/K[0](9385 0 obj SESect Sect)/K[1](9387 0 obj SEDiv Div)/K[0](9389 0 obj SEDiv Div)/K[28](9424 0 obj SETOCI TOCI)], locationContext=null, errorMessage=null], 
TestAssertion [ruleId=RuleId [specification=ISO 14289-1:2014, clause=7.2, testNumber=26], status=failed,
message=TOCI element should be contained in TOC element,
location=Location [level=CosDocument, context=root/document[0]/StructTreeRoot[0](9282 0 obj PDStructTreeRoot)/K[0](9284 0 obj SEDocument Document)/K[2](9315 0 obj SEPart Part)/K[0](9385 0 obj SESect Sect)/K[1](9387 0 obj SEDiv Div)/K[0](9389 0 obj SEDiv Div)/K[29](9425 0 obj SETOCI TOCI)], locationContext=null, errorMessage=null], 
TestAssertion [ruleId=RuleId [specification=ISO 14289-1:2014, clause=7.2, testNumber=26], status=failed,
message=TOCI element should be contained in TOC element,
location=Location [level=CosDocument, context=root/document[0]/StructTreeRoot[0](9282 0 obj PDStructTreeRoot)/K[0](9284 0 obj SEDocument Document)/K[2](9315 0 obj SEPart Part)/K[0](9385 0 obj SESect Sect)/K[1](9387 0 obj SEDiv Div)/K[0](9389 0 obj SEDiv Div)/K[30](9426 0 obj SETOCI TOCI)], locationContext=null, errorMessage=null], 
TestAssertion [ruleId=RuleId [specification=ISO 14289-1:2014, clause=7.2, testNumber=26], status=failed,
message=TOCI element should be contained in TOC element,
location=Location [level=CosDocument, context=root/document[0]/StructTreeRoot[0](9282 0 obj PDStructTreeRoot)/K[0](9284 0 obj SEDocument Document)/K[2](9315 0 obj SEPart Part)/K[0](9385 0 obj SESect Sect)/K[1](9387 0 obj SEDiv Div)/K[0](9389 0 obj SEDiv Div)/K[31](9427 0 obj SETOCI TOCI)], locationContext=null, errorMessage=null], 
TestAssertion [ruleId=RuleId [specification=ISO 14289-1:2014, clause=7.2, testNumber=26], status=failed,
message=TOCI element should be contained in TOC element,
location=Location [level=CosDocument, context=root/document[0]/StructTreeRoot[0](9282 0 obj PDStructTreeRoot)/K[0](9284 0 obj SEDocument Document)/K[2](9315 0 obj SEPart Part)/K[0](9385 0 obj SESect Sect)/K[1](9387 0 obj SEDiv Div)/K[0](9389 0 obj SEDiv Div)/K[32](9428 0 obj SETOCI TOCI)], locationContext=null, errorMessage=null], 
TestAssertion [ruleId=RuleId [specification=ISO 14289-1:2014, clause=7.2, testNumber=26], status=failed,
message=TOCI element should be contained in TOC element,
location=Location [level=CosDocument, context=root/document[0]/StructTreeRoot[0](9282 0 obj PDStructTreeRoot)/K[0](9284 0 obj SEDocument Document)/K[2](9315 0 obj SEPart Part)/K[0](9385 0 obj SESect Sect)/K[1](9387 0 obj SEDiv Div)/K[0](9389 0 obj SEDiv Div)/K[33](9429 0 obj SETOCI TOCI)], locationContext=null, errorMessage=null], 
TestAssertion [ruleId=RuleId [specification=ISO 14289-1:2014, clause=7.2, testNumber=26], status=failed,
message=TOCI element should be contained in TOC element,
location=Location [level=CosDocument, context=root/document[0]/StructTreeRoot[0](9282 0 obj PDStructTreeRoot)/K[0](9284 0 obj SEDocument Document)/K[2](9315 0 obj SEPart Part)/K[0](9385 0 obj SESect Sect)/K[1](9387 0 obj SEDiv Div)/K[0](9389 0 obj SEDiv Div)/K[34](9430 0 obj SETOCI TOCI)], locationContext=null, errorMessage=null], 
TestAssertion [ruleId=RuleId [specification=ISO 14289-1:2014, clause=7.2, testNumber=26], status=failed,
message=TOCI element should be contained in TOC element,
location=Location [level=CosDocument, context=root/document[0]/StructTreeRoot[0](9282 0 obj PDStructTreeRoot)/K[0](9284 0 obj SEDocument Document)/K[2](9315 0 obj SEPart Part)/K[0](9385 0 obj SESect Sect)/K[1](9387 0 obj SEDiv Div)/K[0](9389 0 obj SEDiv Div)/K[35](9431 0 obj SETOCI TOCI)], locationContext=null, errorMessage=null], 
TestAssertion [ruleId=RuleId [specification=ISO 14289-1:2014, clause=7.2, testNumber=26], status=failed,
message=TOCI element should be contained in TOC element,
location=Location [level=CosDocument, context=root/document[0]/StructTreeRoot[0](9282 0 obj PDStructTreeRoot)/K[0](9284 0 obj SEDocument Document)/K[2](9315 0 obj SEPart Part)/K[0](9385 0 obj SESect Sect)/K[1](9387 0 obj SEDiv Div)/K[0](9389 0 obj SEDiv Div)/K[36](9432 0 obj SETOCI TOCI)], locationContext=null, errorMessage=null], 
TestAssertion [ruleId=RuleId [specification=ISO 14289-1:2014, clause=7.2, testNumber=26], status=failed,
message=TOCI element should be contained in TOC element,
location=Location [level=CosDocument, context=root/document[0]/StructTreeRoot[0](9282 0 obj PDStructTreeRoot)/K[0](9284 0 obj SEDocument Document)/K[2](9315 0 obj SEPart Part)/K[0](9385 0 obj SESect Sect)/K[1](9387 0 obj SEDiv Div)/K[0](9389 0 obj SEDiv Div)/K[37](9433 0 obj SETOCI TOCI)], locationContext=null, errorMessage=null], 
TestAssertion [ruleId=RuleId [specification=ISO 14289-1:2014, clause=7.2, testNumber=26], status=failed,
message=TOCI element should be contained in TOC element,
location=Location [level=CosDocument, context=root/document[0]/StructTreeRoot[0](9282 0 obj PDStructTreeRoot)/K[0](9284 0 obj SEDocument Document)/K[2](9315 0 obj SEPart Part)/K[0](9385 0 obj SESect Sect)/K[1](9387 0 obj SEDiv Div)/K[0](9389 0 obj SEDiv Div)/K[38](9434 0 obj SETOCI TOCI)], locationContext=null, errorMessage=null], 
TestAssertion [ruleId=RuleId [specification=ISO 14289-1:2014, clause=7.2, testNumber=26], status=failed,
message=TOCI element should be contained in TOC element,
location=Location [level=CosDocument, context=root/document[0]/StructTreeRoot[0](9282 0 obj PDStructTreeRoot)/K[0](9284 0 obj SEDocument Document)/K[2](9315 0 obj SEPart Part)/K[0](9385 0 obj SESect Sect)/K[1](9387 0 obj SEDiv Div)/K[0](9389 0 obj SEDiv Div)/K[39](9435 0 obj SETOCI TOCI)], locationContext=null, errorMessage=null], 
TestAssertion [ruleId=RuleId [specification=ISO 14289-1:2014, clause=7.2, testNumber=26], status=failed,
message=TOCI element should be contained in TOC element,
location=Location [level=CosDocument, context=root/document[0]/StructTreeRoot[0](9282 0 obj PDStructTreeRoot)/K[0](9284 0 obj SEDocument Document)/K[2](9315 0 obj SEPart Part)/K[0](9385 0 obj SESect Sect)/K[1](9387 0 obj SEDiv Div)/K[0](9389 0 obj SEDiv Div)/K[40](9436 0 obj SETOCI TOCI)], locationContext=null, errorMessage=null], 
TestAssertion [ruleId=RuleId [specification=ISO 14289-1:2014, clause=7.2, testNumber=26], status=failed,
message=TOCI element should be contained in TOC element,
location=Location [level=CosDocument, context=root/document[0]/StructTreeRoot[0](9282 0 obj PDStructTreeRoot)/K[0](9284 0 obj SEDocument Document)/K[2](9315 0 obj SEPart Part)/K[0](9385 0 obj SESect Sect)/K[1](9387 0 obj SEDiv Div)/K[0](9389 0 obj SEDiv Div)/K[41](9437 0 obj SETOCI TOCI)], locationContext=null, errorMessage=null], 
TestAssertion [ruleId=RuleId [specification=ISO 14289-1:2014, clause=7.2, testNumber=26], status=failed,
message=TOCI element should be contained in TOC element,
location=Location [level=CosDocument, context=root/document[0]/StructTreeRoot[0](9282 0 obj PDStructTreeRoot)/K[0](9284 0 obj SEDocument Document)/K[2](9315 0 obj SEPart Part)/K[0](9385 0 obj SESect Sect)/K[1](9387 0 obj SEDiv Div)/K[0](9389 0 obj SEDiv Div)/K[42](9438 0 obj SETOCI TOCI)], locationContext=null, errorMessage=null], 
TestAssertion [ruleId=RuleId [specification=ISO 14289-1:2014, clause=7.2, testNumber=26], status=failed,
message=TOCI element should be contained in TOC element,
location=Location [level=CosDocument, context=root/document[0]/StructTreeRoot[0](9282 0 obj PDStructTreeRoot)/K[0](9284 0 obj SEDocument Document)/K[2](9315 0 obj SEPart Part)/K[0](9385 0 obj SESect Sect)/K[1](9387 0 obj SEDiv Div)/K[0](9389 0 obj SEDiv Div)/K[43](9439 0 obj SETOCI TOCI)], locationContext=null, errorMessage=null], 
TestAssertion [ruleId=RuleId [specification=ISO 14289-1:2014, clause=7.2, testNumber=26], status=failed,
message=TOCI element should be contained in TOC element,
location=Location [level=CosDocument, context=root/document[0]/StructTreeRoot[0](9282 0 obj PDStructTreeRoot)/K[0](9284 0 obj SEDocument Document)/K[2](9315 0 obj SEPart Part)/K[0](9385 0 obj SESect Sect)/K[1](9387 0 obj SEDiv Div)/K[0](9389 0 obj SEDiv Div)/K[44](9440 0 obj SETOCI TOCI)], locationContext=null, errorMessage=null], 
TestAssertion [ruleId=RuleId [specification=ISO 14289-1:2014, clause=7.2, testNumber=26], status=failed,
message=TOCI element should be contained in TOC element,
location=Location [level=CosDocument, context=root/document[0]/StructTreeRoot[0](9282 0 obj PDStructTreeRoot)/K[0](9284 0 obj SEDocument Document)/K[2](9315 0 obj SEPart Part)/K[0](9385 0 obj SESect Sect)/K[1](9387 0 obj SEDiv Div)/K[0](9389 0 obj SEDiv Div)/K[45](9441 0 obj SETOCI TOCI)], locationContext=null, errorMessage=null], 
TestAssertion [ruleId=RuleId [specification=ISO 14289-1:2014, clause=7.2, testNumber=26], status=failed,
message=TOCI element should be contained in TOC element,
location=Location [level=CosDocument, context=root/document[0]/StructTreeRoot[0](9282 0 obj PDStructTreeRoot)/K[0](9284 0 obj SEDocument Document)/K[2](9315 0 obj SEPart Part)/K[0](9385 0 obj SESect Sect)/K[1](9387 0 obj SEDiv Div)/K[0](9389 0 obj SEDiv Div)/K[46](9442 0 obj SETOCI TOCI)], locationContext=null, errorMessage=null], 
TestAssertion [ruleId=RuleId [specification=ISO 14289-1:2014, clause=7.2, testNumber=26], status=failed,
message=TOCI element should be contained in TOC element,
location=Location [level=CosDocument, context=root/document[0]/StructTreeRoot[0](9282 0 obj PDStructTreeRoot)/K[0](9284 0 obj SEDocument Document)/K[2](9315 0 obj SEPart Part)/K[0](9385 0 obj SESect Sect)/K[1](9387 0 obj SEDiv Div)/K[0](9389 0 obj SEDiv Div)/K[47](9443 0 obj SETOCI TOCI)], locationContext=null, errorMessage=null], 
TestAssertion [ruleId=RuleId [specification=ISO 14289-1:2014, clause=7.2, testNumber=26], status=failed,
message=TOCI element should be contained in TOC element,
location=Location [level=CosDocument, context=root/document[0]/StructTreeRoot[0](9282 0 obj PDStructTreeRoot)/K[0](9284 0 obj SEDocument Document)/K[2](9315 0 obj SEPart Part)/K[0](9385 0 obj SESect Sect)/K[1](9387 0 obj SEDiv Div)/K[0](9389 0 obj SEDiv Div)/K[48](9444 0 obj SETOCI TOCI)], locationContext=null, errorMessage=null], 
TestAssertion [ruleId=RuleId [specification=ISO 14289-1:2014, clause=7.2, testNumber=26], status=failed,
message=TOCI element should be contained in TOC element,
location=Location [level=CosDocument, context=root/document[0]/StructTreeRoot[0](9282 0 obj PDStructTreeRoot)/K[0](9284 0 obj SEDocument Document)/K[2](9315 0 obj SEPart Part)/K[0](9385 0 obj SESect Sect)/K[1](9387 0 obj SEDiv Div)/K[0](9389 0 obj SEDiv Div)/K[49](9445 0 obj SETOCI TOCI)], locationContext=null, errorMessage=null], 
TestAssertion [ruleId=RuleId [specification=ISO 14289-1:2014, clause=7.2, testNumber=26], status=failed,
message=TOCI element should be contained in TOC element,
location=Location [level=CosDocument, context=root/document[0]/StructTreeRoot[0](9282 0 obj PDStructTreeRoot)/K[0](9284 0 obj SEDocument Document)/K[2](9315 0 obj SEPart Part)/K[0](9385 0 obj SESect Sect)/K[1](9387 0 obj SEDiv Div)/K[0](9389 0 obj SEDiv Div)/K[50](9446 0 obj SETOCI TOCI)], locationContext=null, errorMessage=null], 
TestAssertion [ruleId=RuleId [specification=ISO 14289-1:2014, clause=7.2, testNumber=26], status=failed,
message=TOCI element should be contained in TOC element,
location=Location [level=CosDocument, context=root/document[0]/StructTreeRoot[0](9282 0 obj PDStructTreeRoot)/K[0](9284 0 obj SEDocument Document)/K[2](9315 0 obj SEPart Part)/K[0](9385 0 obj SESect Sect)/K[1](9387 0 obj SEDiv Div)/K[0](9389 0 obj SEDiv Div)/K[51](9447 0 obj SETOCI TOCI)], locationContext=null, errorMessage=null], 
TestAssertion [ruleId=RuleId [specification=ISO 14289-1:2014, clause=7.2, testNumber=26], status=failed,
message=TOCI element should be contained in TOC element,
location=Location [level=CosDocument, context=root/document[0]/StructTreeRoot[0](9282 0 obj PDStructTreeRoot)/K[0](9284 0 obj SEDocument Document)/K[2](9315 0 obj SEPart Part)/K[0](9385 0 obj SESect Sect)/K[1](9387 0 obj SEDiv Div)/K[0](9389 0 obj SEDiv Div)/K[52](9448 0 obj SETOCI TOCI)], locationContext=null, errorMessage=null], 
TestAssertion [ruleId=RuleId [specification=ISO 14289-1:2014, clause=7.2, testNumber=26], status=failed,
message=TOCI element should be contained in TOC element,
location=Location [level=CosDocument, context=root/document[0]/StructTreeRoot[0](9282 0 obj PDStructTreeRoot)/K[0](9284 0 obj SEDocument Document)/K[2](9315 0 obj SEPart Part)/K[0](9385 0 obj SESect Sect)/K[1](9387 0 obj SEDiv Div)/K[0](9389 0 obj SEDiv Div)/K[53](9449 0 obj SETOCI TOCI)], locationContext=null, errorMessage=null], 
TestAssertion [ruleId=RuleId [specification=ISO 14289-1:2014, clause=7.2, testNumber=26], status=failed,
message=TOCI element should be contained in TOC element,
location=Location [level=CosDocument, context=root/document[0]/StructTreeRoot[0](9282 0 obj PDStructTreeRoot)/K[0](9284 0 obj SEDocument Document)/K[2](9315 0 obj SEPart Part)/K[0](9385 0 obj SESect Sect)/K[1](9387 0 obj SEDiv Div)/K[0](9389 0 obj SEDiv Div)/K[54](9450 0 obj SETOCI TOCI)], locationContext=null, errorMessage=null], 
TestAssertion [ruleId=RuleId [specification=ISO 14289-1:2014, clause=7.2, testNumber=26], status=failed,
message=TOCI element should be contained in TOC element,
location=Location [level=CosDocument, context=root/document[0]/StructTreeRoot[0](9282 0 obj PDStructTreeRoot)/K[0](9284 0 obj SEDocument Document)/K[2](9315 0 obj SEPart Part)/K[0](9385 0 obj SESect Sect)/K[1](9387 0 obj SEDiv Div)/K[0](9389 0 obj SEDiv Div)/K[55](9451 0 obj SETOCI TOCI)], locationContext=null, errorMessage=null], 
TestAssertion [ruleId=RuleId [specification=ISO 14289-1:2014, clause=7.2, testNumber=26], status=failed,
message=TOCI element should be contained in TOC element,
location=Location [level=CosDocument, context=root/document[0]/StructTreeRoot[0](9282 0 obj PDStructTreeRoot)/K[0](9284 0 obj SEDocument Document)/K[2](9315 0 obj SEPart Part)/K[0](9385 0 obj SESect Sect)/K[1](9387 0 obj SEDiv Div)/K[0](9389 0 obj SEDiv Div)/K[56](9452 0 obj SETOCI TOCI)], locationContext=null, errorMessage=null], 
TestAssertion [ruleId=RuleId [specification=ISO 14289-1:2014, clause=7.2, testNumber=26], status=failed,
message=TOCI element should be contained in TOC element,
location=Location [level=CosDocument, context=root/document[0]/StructTreeRoot[0](9282 0 obj PDStructTreeRoot)/K[0](9284 0 obj SEDocument Document)/K[2](9315 0 obj SEPart Part)/K[0](9385 0 obj SESect Sect)/K[1](9387 0 obj SEDiv Div)/K[0](9389 0 obj SEDiv Div)/K[57](9453 0 obj SETOCI TOCI)], locationContext=null, errorMessage=null], 
TestAssertion [ruleId=RuleId [specification=ISO 14289-1:2014, clause=7.2, testNumber=26], status=failed,
message=TOCI element should be contained in TOC element,
location=Location [level=CosDocument, context=root/document[0]/StructTreeRoot[0](9282 0 obj PDStructTreeRoot)/K[0](9284 0 obj SEDocument Document)/K[2](9315 0 obj SEPart Part)/K[0](9385 0 obj SESect Sect)/K[1](9387 0 obj SEDiv Div)/K[0](9389 0 obj SEDiv Div)/K[59](9455 0 obj SETOCI TOCI)], locationContext=null, errorMessage=null], 
TestAssertion [ruleId=RuleId [specification=ISO 14289-1:2014, clause=7.2, testNumber=26], status=failed,
message=TOCI element should be contained in TOC element,
location=Location [level=CosDocument, context=root/document[0]/StructTreeRoot[0](9282 0 obj PDStructTreeRoot)/K[0](9284 0 obj SEDocument Document)/K[2](9315 0 obj SEPart Part)/K[0](9385 0 obj SESect Sect)/K[1](9387 0 obj SEDiv Div)/K[0](9389 0 obj SEDiv Div)/K[60](9456 0 obj SETOCI TOCI)], locationContext=null, errorMessage=null], 
TestAssertion [ruleId=RuleId [specification=ISO 14289-1:2014, clause=7.2, testNumber=26], status=failed,
message=TOCI element should be contained in TOC element,
location=Location [level=CosDocument, context=root/document[0]/StructTreeRoot[0](9282 0 obj PDStructTreeRoot)/K[0](9284 0 obj SEDocument Document)/K[2](9315 0 obj SEPart Part)/K[0](9385 0 obj SESect Sect)/K[1](9387 0 obj SEDiv Div)/K[0](9389 0 obj SEDiv Div)/K[61](9457 0 obj SETOCI TOCI)], locationContext=null, errorMessage=null], 
TestAssertion [ruleId=RuleId [specification=ISO 14289-1:2014, clause=7.2, testNumber=26], status=failed,
message=TOCI element should be contained in TOC element,
location=Location [level=CosDocument, context=root/document[0]/StructTreeRoot[0](9282 0 obj PDStructTreeRoot)/K[0](9284 0 obj SEDocument Document)/K[2](9315 0 obj SEPart Part)/K[0](9385 0 obj SESect Sect)/K[1](9387 0 obj SEDiv Div)/K[0](9389 0 obj SEDiv Div)/K[62](9458 0 obj SETOCI TOCI)], locationContext=null, errorMessage=null], 
TestAssertion [ruleId=RuleId [specification=ISO 14289-1:2014, clause=7.2, testNumber=26], status=failed,
message=TOCI element should be contained in TOC element,
location=Location [level=CosDocument, context=root/document[0]/StructTreeRoot[0](9282 0 obj PDStructTreeRoot)/K[0](9284 0 obj SEDocument Document)/K[2](9315 0 obj SEPart Part)/K[0](9385 0 obj SESect Sect)/K[1](9387 0 obj SEDiv Div)/K[0](9389 0 obj SEDiv Div)/K[63](9459 0 obj SETOCI TOCI)], locationContext=null, errorMessage=null], 
TestAssertion [ruleId=RuleId [specification=ISO 14289-1:2014, clause=7.2, testNumber=26], status=failed,
message=TOCI element should be contained in TOC element,
location=Location [level=CosDocument, context=root/document[0]/StructTreeRoot[0](9282 0 obj PDStructTreeRoot)/K[0](9284 0 obj SEDocument Document)/K[2](9315 0 obj SEPart Part)/K[0](9385 0 obj SESect Sect)/K[1](9387 0 obj SEDiv Div)/K[0](9389 0 obj SEDiv Div)/K[64](9460 0 obj SETOCI TOCI)], locationContext=null, errorMessage=null], 
TestAssertion [ruleId=RuleId [specification=ISO 14289-1:2014, clause=7.2, testNumber=26], status=failed,
message=TOCI element should be contained in TOC element,
location=Location [level=CosDocument, context=root/document[0]/StructTreeRoot[0](9282 0 obj PDStructTreeRoot)/K[0](9284 0 obj SEDocument Document)/K[2](9315 0 obj SEPart Part)/K[0](9385 0 obj SESect Sect)/K[1](9387 0 obj SEDiv Div)/K[0](9389 0 obj SEDiv Div)/K[65](9461 0 obj SETOCI TOCI)], locationContext=null, errorMessage=null], 
TestAssertion [ruleId=RuleId [specification=ISO 14289-1:2014, clause=7.2, testNumber=26], status=failed,
message=TOCI element should be contained in TOC element,
location=Location [level=CosDocument, context=root/document[0]/StructTreeRoot[0](9282 0 obj PDStructTreeRoot)/K[0](9284 0 obj SEDocument Document)/K[2](9315 0 obj SEPart Part)/K[0](9385 0 obj SESect Sect)/K[1](9387 0 obj SEDiv Div)/K[0](9389 0 obj SEDiv Div)/K[66](9462 0 obj SETOCI TOCI)], locationContext=null, errorMessage=null], 
TestAssertion [ruleId=RuleId [specification=ISO 14289-1:2014, clause=7.2, testNumber=26], status=failed,
message=TOCI element should be contained in TOC element,
location=Location [level=CosDocument, context=root/document[0]/StructTreeRoot[0](9282 0 obj PDStructTreeRoot)/K[0](9284 0 obj SEDocument Document)/K[2](9315 0 obj SEPart Part)/K[0](9385 0 obj SESect Sect)/K[1](9387 0 obj SEDiv Div)/K[0](9389 0 obj SEDiv Div)/K[67](9463 0 obj SETOCI TOCI)], locationContext=null, errorMessage=null], 
TestAssertion [ruleId=RuleId [specification=ISO 14289-1:2014, clause=7.2, testNumber=26], status=failed,
message=TOCI element should be contained in TOC element,
location=Location [level=CosDocument, context=root/document[0]/StructTreeRoot[0](9282 0 obj PDStructTreeRoot)/K[0](9284 0 obj SEDocument Document)/K[2](9315 0 obj SEPart Part)/K[0](9385 0 obj SESect Sect)/K[1](9387 0 obj SEDiv Div)/K[0](9389 0 obj SEDiv Div)/K[68](9464 0 obj SETOCI TOCI)], locationContext=null, errorMessage=null], 
TestAssertion [ruleId=RuleId [specification=ISO 14289-1:2014, clause=7.2, testNumber=26], status=failed,
message=TOCI element should be contained in TOC element,
location=Location [level=CosDocument, context=root/document[0]/StructTreeRoot[0](9282 0 obj PDStructTreeRoot)/K[0](9284 0 obj SEDocument Document)/K[2](9315 0 obj SEPart Part)/K[0](9385 0 obj SESect Sect)/K[1](9387 0 obj SEDiv Div)/K[0](9389 0 obj SEDiv Div)/K[69](9465 0 obj SETOCI TOCI)], locationContext=null, errorMessage=null], 
TestAssertion [ruleId=RuleId [specification=ISO 14289-1:2014, clause=7.2, testNumber=26], status=failed,
message=TOCI element should be contained in TOC element,
location=Location [level=CosDocument, context=root/document[0]/StructTreeRoot[0](9282 0 obj PDStructTreeRoot)/K[0](9284 0 obj SEDocument Document)/K[2](9315 0 obj SEPart Part)/K[0](9385 0 obj SESect Sect)/K[1](9387 0 obj SEDiv Div)/K[0](9389 0 obj SEDiv Div)/K[70](9466 0 obj SETOCI TOCI)], locationContext=null, errorMessage=null], 
TestAssertion [ruleId=RuleId [specification=ISO 14289-1:2014, clause=7.2, testNumber=26], status=failed,
message=TOCI element should be contained in TOC element,
location=Location [level=CosDocument, context=root/document[0]/StructTreeRoot[0](9282 0 obj PDStructTreeRoot)/K[0](9284 0 obj SEDocument Document)/K[2](9315 0 obj SEPart Part)/K[0](9385 0 obj SESect Sect)/K[1](9387 0 obj SEDiv Div)/K[0](9389 0 obj SEDiv Div)/K[71](9467 0 obj SETOCI TOCI)], locationContext=null, errorMessage=null], 
TestAssertion [ruleId=RuleId [specification=ISO 14289-1:2014, clause=7.2, testNumber=26], status=failed,
message=TOCI element should be contained in TOC element,
location=Location [level=CosDocument, context=root/document[0]/StructTreeRoot[0](9282 0 obj PDStructTreeRoot)/K[0](9284 0 obj SEDocument Document)/K[2](9315 0 obj SEPart Part)/K[0](9385 0 obj SESect Sect)/K[1](9387 0 obj SEDiv Div)/K[0](9389 0 obj SEDiv Div)/K[72](9468 0 obj SETOCI TOCI)], locationContext=null, errorMessage=null], 
TestAssertion [ruleId=RuleId [specification=ISO 14289-1:2014, clause=7.2, testNumber=26], status=failed,
message=TOCI element should be contained in TOC element,
location=Location [level=CosDocument, context=root/document[0]/StructTreeRoot[0](9282 0 obj PDStructTreeRoot)/K[0](9284 0 obj SEDocument Document)/K[2](9315 0 obj SEPart Part)/K[0](9385 0 obj SESect Sect)/K[1](9387 0 obj SEDiv Div)/K[0](9389 0 obj SEDiv Div)/K[73](9469 0 obj SETOCI TOCI)], locationContext=null, errorMessage=null], 
TestAssertion [ruleId=RuleId [specification=ISO 14289-1:2014, clause=7.2, testNumber=26], status=failed,
message=TOCI element should be contained in TOC element,
location=Location [level=CosDocument, context=root/document[0]/StructTreeRoot[0](9282 0 obj PDStructTreeRoot)/K[0](9284 0 obj SEDocument Document)/K[2](9315 0 obj SEPart Part)/K[0](9385 0 obj SESect Sect)/K[1](9387 0 obj SEDiv Div)/K[0](9389 0 obj SEDiv Div)/K[74](9470 0 obj SETOCI TOCI)], locationContext=null, errorMessage=null], 
TestAssertion [ruleId=RuleId [specification=ISO 14289-1:2014, clause=7.2, testNumber=26], status=failed,
message=TOCI element should be contained in TOC element,
location=Location [level=CosDocument, context=root/document[0]/StructTreeRoot[0](9282 0 obj PDStructTreeRoot)/K[0](9284 0 obj SEDocument Document)/K[2](9315 0 obj SEPart Part)/K[0](9385 0 obj SESect Sect)/K[1](9387 0 obj SEDiv Div)/K[0](9389 0 obj SEDiv Div)/K[75](9471 0 obj SETOCI TOCI)], locationContext=null, errorMessage=null], 
TestAssertion [ruleId=RuleId [specification=ISO 14289-1:2014, clause=7.2, testNumber=26], status=failed,
message=TOCI element should be contained in TOC element,
location=Location [level=CosDocument, context=root/document[0]/StructTreeRoot[0](9282 0 obj PDStructTreeRoot)/K[0](9284 0 obj SEDocument Document)/K[2](9315 0 obj SEPart Part)/K[0](9385 0 obj SESect Sect)/K[1](9387 0 obj SEDiv Div)/K[0](9389 0 obj SEDiv Div)/K[76](9472 0 obj SETOCI TOCI)], locationContext=null, errorMessage=null], 
TestAssertion [ruleId=RuleId [specification=ISO 14289-1:2014, clause=7.2, testNumber=26], status=failed,
message=TOCI element should be contained in TOC element,
location=Location [level=CosDocument, context=root/document[0]/StructTreeRoot[0](9282 0 obj PDStructTreeRoot)/K[0](9284 0 obj SEDocument Document)/K[2](9315 0 obj SEPart Part)/K[0](9385 0 obj SESect Sect)/K[1](9387 0 obj SEDiv Div)/K[0](9389 0 obj SEDiv Div)/K[77](9473 0 obj SETOCI TOCI)], locationContext=null, errorMessage=null], 
TestAssertion [ruleId=RuleId [specification=ISO 14289-1:2014, clause=7.2, testNumber=26], status=failed,
message=TOCI element should be contained in TOC element,
location=Location [level=CosDocument, context=root/document[0]/StructTreeRoot[0](9282 0 obj PDStructTreeRoot)/K[0](9284 0 obj SEDocument Document)/K[2](9315 0 obj SEPart Part)/K[0](9385 0 obj SESect Sect)/K[1](9387 0 obj SEDiv Div)/K[0](9389 0 obj SEDiv Div)/K[78](9474 0 obj SETOCI TOCI)], locationContext=null, errorMessage=null], 
TestAssertion [ruleId=RuleId [specification=ISO 14289-1:2014, clause=7.2, testNumber=26], status=failed,
message=TOCI element should be contained in TOC element,
location=Location [level=CosDocument, context=root/document[0]/StructTreeRoot[0](9282 0 obj PDStructTreeRoot)/K[0](9284 0 obj SEDocument Document)/K[2](9315 0 obj SEPart Part)/K[0](9385 0 obj SESect Sect)/K[1](9387 0 obj SEDiv Div)/K[0](9389 0 obj SEDiv Div)/K[79](9475 0 obj SETOCI TOCI)], locationContext=null, errorMessage=null], 
TestAssertion [ruleId=RuleId [specification=ISO 14289-1:2014, clause=7.2, testNumber=26], status=failed,
message=TOCI element should be contained in TOC element,
location=Location [level=CosDocument, context=root/document[0]/StructTreeRoot[0](9282 0 obj PDStructTreeRoot)/K[0](9284 0 obj SEDocument Document)/K[2](9315 0 obj SEPart Part)/K[0](9385 0 obj SESect Sect)/K[1](9387 0 obj SEDiv Div)/K[0](9389 0 obj SEDiv Div)/K[80](9476 0 obj SETOCI TOCI)], locationContext=null, errorMessage=null], 
TestAssertion [ruleId=RuleId [specification=ISO 14289-1:2014, clause=7.2, testNumber=26], status=failed,
message=TOCI element should be contained in TOC element,
location=Location [level=CosDocument, context=root/document[0]/StructTreeRoot[0](9282 0 obj PDStructTreeRoot)/K[0](9284 0 obj SEDocument Document)/K[2](9315 0 obj SEPart Part)/K[0](9385 0 obj SESect Sect)/K[1](9387 0 obj SEDiv Div)/K[0](9389 0 obj SEDiv Div)/K[81](9477 0 obj SETOCI TOCI)], locationContext=null, errorMessage=null], 
TestAssertion [ruleId=RuleId [specification=ISO 14289-1:2014, clause=7.2, testNumber=26], status=failed,
message=TOCI element should be contained in TOC element,
location=Location [level=CosDocument, context=root/document[0]/StructTreeRoot[0](9282 0 obj PDStructTreeRoot)/K[0](9284 0 obj SEDocument Document)/K[2](9315 0 obj SEPart Part)/K[0](9385 0 obj SESect Sect)/K[1](9387 0 obj SEDiv Div)/K[0](9389 0 obj SEDiv Div)/K[82](9478 0 obj SETOCI TOCI)], locationContext=null, errorMessage=null], 
TestAssertion [ruleId=RuleId [specification=ISO 14289-1:2014, clause=7.2, testNumber=26], status=failed,
message=TOCI element should be contained in TOC element,
location=Location [level=CosDocument, context=root/document[0]/StructTreeRoot[0](9282 0 obj PDStructTreeRoot)/K[0](9284 0 obj SEDocument Document)/K[2](9315 0 obj SEPart Part)/K[0](9385 0 obj SESect Sect)/K[1](9387 0 obj SEDiv Div)/K[0](9389 0 obj SEDiv Div)/K[83](9479 0 obj SETOCI TOCI)], locationContext=null, errorMessage=null], 
TestAssertion [ruleId=RuleId [specification=ISO 14289-1:2014, clause=7.2, testNumber=26], status=failed,
message=TOCI element should be contained in TOC element,
location=Location [level=CosDocument, context=root/document[0]/StructTreeRoot[0](9282 0 obj PDStructTreeRoot)/K[0](9284 0 obj SEDocument Document)/K[2](9315 0 obj SEPart Part)/K[0](9385 0 obj SESect Sect)/K[1](9387 0 obj SEDiv Div)/K[0](9389 0 obj SEDiv Div)/K[84](9480 0 obj SETOCI TOCI)], locationContext=null, errorMessage=null], 
TestAssertion [ruleId=RuleId [specification=ISO 14289-1:2014, clause=7.2, testNumber=26], status=failed,
message=TOCI element should be contained in TOC element,
location=Location [level=CosDocument, context=root/document[0]/StructTreeRoot[0](9282 0 obj PDStructTreeRoot)/K[0](9284 0 obj SEDocument Document)/K[2](9315 0 obj SEPart Part)/K[0](9385 0 obj SESect Sect)/K[1](9387 0 obj SEDiv Div)/K[0](9389 0 obj SEDiv Div)/K[85](9481 0 obj SETOCI TOCI)], locationContext=null, errorMessage=null], 
TestAssertion [ruleId=RuleId [specification=ISO 14289-1:2014, clause=7.2, testNumber=26], status=failed,
message=TOCI element should be contained in TOC element,
location=Location [level=CosDocument, context=root/document[0]/StructTreeRoot[0](9282 0 obj PDStructTreeRoot)/K[0](9284 0 obj SEDocument Document)/K[2](9315 0 obj SEPart Part)/K[0](9385 0 obj SESect Sect)/K[1](9387 0 obj SEDiv Div)/K[0](9389 0 obj SEDiv Div)/K[87](9483 0 obj SETOCI TOCI)], locationContext=null, errorMessage=null], 
TestAssertion [ruleId=RuleId [specification=ISO 14289-1:2014, clause=7.2, testNumber=26], status=failed,
message=TOCI element should be contained in TOC element,
location=Location [level=CosDocument, context=root/document[0]/StructTreeRoot[0](9282 0 obj PDStructTreeRoot)/K[0](9284 0 obj SEDocument Document)/K[2](9315 0 obj SEPart Part)/K[0](9385 0 obj SESect Sect)/K[1](9387 0 obj SEDiv Div)/K[0](9389 0 obj SEDiv Div)/K[88](9484 0 obj SETOCI TOCI)], locationContext=null, errorMessage=null], 
TestAssertion [ruleId=RuleId [specification=ISO 14289-1:2014, clause=7.2, testNumber=26], status=failed,
message=TOCI element should be contained in TOC element,
location=Location [level=CosDocument, context=root/document[0]/StructTreeRoot[0](9282 0 obj PDStructTreeRoot)/K[0](9284 0 obj SEDocument Document)/K[2](9315 0 obj SEPart Part)/K[0](9385 0 obj SESect Sect)/K[1](9387 0 obj SEDiv Div)/K[0](9389 0 obj SEDiv Div)/K[89](9485 0 obj SETOCI TOCI)], locationContext=null, errorMessage=null], 
TestAssertion [ruleId=RuleId [specification=ISO 14289-1:2014, clause=7.2, testNumber=26], status=failed,
message=TOCI element should be contained in TOC element,
location=Location [level=CosDocument, context=root/document[0]/StructTreeRoot[0](9282 0 obj PDStructTreeRoot)/K[0](9284 0 obj SEDocument Document)/K[2](9315 0 obj SEPart Part)/K[0](9385 0 obj SESect Sect)/K[1](9387 0 obj SEDiv Div)/K[0](9389 0 obj SEDiv Div)/K[90](9486 0 obj SETOCI TOCI)], locationContext=null, errorMessage=null], 
TestAssertion [ruleId=RuleId [specification=ISO 14289-1:2014, clause=7.2, testNumber=26], status=failed,
message=TOCI element should be contained in TOC element,
location=Location [level=CosDocument, context=root/document[0]/StructTreeRoot[0](9282 0 obj PDStructTreeRoot)/K[0](9284 0 obj SEDocument Document)/K[2](9315 0 obj SEPart Part)/K[0](9385 0 obj SESect Sect)/K[1](9387 0 obj SEDiv Div)/K[0](9389 0 obj SEDiv Div)/K[91](9487 0 obj SETOCI TOCI)], locationContext=null, errorMessage=null], 
TestAssertion [ruleId=RuleId [specification=ISO 14289-1:2014, clause=7.2, testNumber=26], status=failed,
message=TOCI element should be contained in TOC element,
location=Location [level=CosDocument, context=root/document[0]/StructTreeRoot[0](9282 0 obj PDStructTreeRoot)/K[0](9284 0 obj SEDocument Document)/K[2](9315 0 obj SEPart Part)/K[0](9385 0 obj SESect Sect)/K[1](9387 0 obj SEDiv Div)/K[0](9389 0 obj SEDiv Div)/K[92](9488 0 obj SETOCI TOCI)], locationContext=null, errorMessage=null], 
TestAssertion [ruleId=RuleId [specification=ISO 14289-1:2014, clause=7.2, testNumber=26], status=failed,
message=TOCI element should be contained in TOC element,
location=Location [level=CosDocument, context=root/document[0]/StructTreeRoot[0](9282 0 obj PDStructTreeRoot)/K[0](9284 0 obj SEDocument Document)/K[2](9315 0 obj SEPart Part)/K[0](9385 0 obj SESect Sect)/K[1](9387 0 obj SEDiv Div)/K[0](9389 0 obj SEDiv Div)/K[93](9489 0 obj SETOCI TOCI)], locationContext=null, errorMessage=null], 
TestAssertion [ruleId=RuleId [specification=ISO 14289-1:2014, clause=7.2, testNumber=26], status=failed,
message=TOCI element should be contained in TOC element,
location=Location [level=CosDocument, context=root/document[0]/StructTreeRoot[0](9282 0 obj PDStructTreeRoot)/K[0](9284 0 obj SEDocument Document)/K[2](9315 0 obj SEPart Part)/K[0](9385 0 obj SESect Sect)/K[1](9387 0 obj SEDiv Div)/K[0](9389 0 obj SEDiv Div)/K[94](9490 0 obj SETOCI TOCI)], locationContext=null, errorMessage=null], 
TestAssertion [ruleId=RuleId [specification=ISO 14289-1:2014, clause=7.2, testNumber=26], status=failed,
message=TOCI element should be contained in TOC element,
location=Location [level=CosDocument, context=root/document[0]/StructTreeRoot[0](9282 0 obj PDStructTreeRoot)/K[0](9284 0 obj SEDocument Document)/K[2](9315 0 obj SEPart Part)/K[0](9385 0 obj SESect Sect)/K[1](9387 0 obj SEDiv Div)/K[0](9389 0 obj SEDiv Div)/K[95](9491 0 obj SETOCI TOCI)], locationContext=null, errorMessage=null], 
TestAssertion [ruleId=RuleId [specification=ISO 14289-1:2014, clause=7.2, testNumber=26], status=failed,
message=TOCI element should be contained in TOC element,
location=Location [level=CosDocument, context=root/document[0]/StructTreeRoot[0](9282 0 obj PDStructTreeRoot)/K[0](9284 0 obj SEDocument Document)/K[2](9315 0 obj SEPart Part)/K[0](9385 0 obj SESect Sect)/K[1](9387 0 obj SEDiv Div)/K[0](9389 0 obj SEDiv Div)/K[96](9492 0 obj SETOCI TOCI)], locationContext=null, errorMessage=null], 
TestAssertion [ruleId=RuleId [specification=ISO 14289-1:2014, clause=7.2, testNumber=26], status=failed,
message=TOCI element should be contained in TOC element,
location=Location [level=CosDocument, context=root/document[0]/StructTreeRoot[0](9282 0 obj PDStructTreeRoot)/K[0](9284 0 obj SEDocument Document)/K[2](9315 0 obj SEPart Part)/K[0](9385 0 obj SESect Sect)/K[1](9387 0 obj SEDiv Div)/K[0](9389 0 obj SEDiv Div)/K[97](9493 0 obj SETOCI TOCI)], locationContext=null, errorMessage=null], 
TestAssertion [ruleId=RuleId [specification=ISO 14289-1:2014, clause=7.2, testNumber=26], status=failed,
message=TOCI element should be contained in TOC element,
location=Location [level=CosDocument, context=root/document[0]/StructTreeRoot[0](9282 0 obj PDStructTreeRoot)/K[0](9284 0 obj SEDocument Document)/K[2](9315 0 obj SEPart Part)/K[0](9385 0 obj SESect Sect)/K[1](9387 0 obj SEDiv Div)/K[0](9389 0 obj SEDiv Div)/K[98](9494 0 obj SETOCI TOCI)], locationContext=null, errorMessage=null], 
TestAssertion [ruleId=RuleId [specification=ISO 14289-1:2014, clause=7.2, testNumber=26], status=failed,
message=TOCI element should be contained in TOC element,
location=Location [level=CosDocument, context=root/document[0]/StructTreeRoot[0](9282 0 obj PDStructTreeRoot)/K[0](9284 0 obj SEDocument Document)/K[2](9315 0 obj SEPart Part)/K[0](9385 0 obj SESect Sect)/K[1](9387 0 obj SEDiv Div)/K[0](9389 0 obj SEDiv Div)/K[99](9495 0 obj SETOCI TOCI)], locationContext=null, errorMessage=null], 
TestAssertion [ruleId=RuleId [specification=ISO 14289-1:2014, clause=7.2, testNumber=26], status=failed,
message=TOCI element should be contained in TOC element,
location=Location [level=CosDocument, context=root/document[0]/StructTreeRoot[0](9282 0 obj PDStructTreeRoot)/K[0](9284 0 obj SEDocument Document)/K[2](9315 0 obj SEPart Part)/K[0](9385 0 obj SESect Sect)/K[1](9387 0 obj SEDiv Div)/K[0](9389 0 obj SEDiv Div)/K[100](9496 0 obj SETOCI TOCI)], locationContext=null, errorMessage=null], 
TestAssertion [ruleId=RuleId [specification=ISO 14289-1:2014, clause=7.2, testNumber=26], status=failed,
message=TOCI element should be contained in TOC element,
location=Location [level=CosDocument, context=root/document[0]/StructTreeRoot[0](9282 0 obj PDStructTreeRoot)/K[0](9284 0 obj SEDocument Document)/K[2](9315 0 obj SEPart Part)/K[0](9385 0 obj SESect Sect)/K[1](9387 0 obj SEDiv Div)/K[0](9389 0 obj SEDiv Div)/K[101](9497 0 obj SETOCI TOCI)], locationContext=null, errorMessage=null], 
TestAssertion [ruleId=RuleId [specification=ISO 14289-1:2014, clause=7.2, testNumber=26], status=failed,
message=TOCI element should be contained in TOC element,
location=Location [level=CosDocument, context=root/document[0]/StructTreeRoot[0](9282 0 obj PDStructTreeRoot)/K[0](9284 0 obj SEDocument Document)/K[2](9315 0 obj SEPart Part)/K[0](9385 0 obj SESect Sect)/K[1](9387 0 obj SEDiv Div)/K[0](9389 0 obj SEDiv Div)/K[102](9498 0 obj SETOCI TOCI)], locationContext=null, errorMessage=null], 
TestAssertion [ruleId=RuleId [specification=ISO 14289-1:2014, clause=7.2, testNumber=26], status=failed,
message=TOCI element should be contained in TOC element,
location=Location [level=CosDocument, context=root/document[0]/StructTreeRoot[0](9282 0 obj PDStructTreeRoot)/K[0](9284 0 obj SEDocument Document)/K[2](9315 0 obj SEPart Part)/K[0](9385 0 obj SESect Sect)/K[1](9387 0 obj SEDiv Div)/K[0](9389 0 obj SEDiv Div)/K[103](9499 0 obj SETOCI TOCI)], locationContext=null, errorMessage=null], 
TestAssertion [ruleId=RuleId [specification=ISO 14289-1:2014, clause=7.2, testNumber=26], status=failed,
message=TOCI element should be contained in TOC element,
location=Location [level=CosDocument, context=root/document[0]/StructTreeRoot[0](9282 0 obj PDStructTreeRoot)/K[0](9284 0 obj SEDocument Document)/K[2](9315 0 obj SEPart Part)/K[0](9385 0 obj SESect Sect)/K[1](9387 0 obj SEDiv Div)/K[0](9389 0 obj SEDiv Div)/K[104](9500 0 obj SETOCI TOCI)], locationContext=null, errorMessage=null]], isCompliant=false]
