/__w/mn-samples-ogc/mn-samples-ogc/site/documents/16-131r2/document.err errors


== Style

(): Preface is missing!
(): Submitting Organizations is missing!


== Metanorma XML Style Warning

(XML Line 000038): Table should have title
	<table id="_c2dc75e6-6335-1951-5cf9-5c8a3a464c89" unnumbered="true"><thead><tr><th valign="middle" align="left">Name</th>
	<th valign="middle" align="left">Affiliation</th>
	</tr></thead>
	<tbody><tr><td valign="middle" align="left">George Percivall, editor</td>
	<td valign="middle" align="left">OGC</td>
(XML Line 000598): Hanging paragraph in clause
	<clause id="_data_representation_for_big_geo_data_features_coverages_dggs" obligation="normative">
	<title>Data Representation for Big Geo Data: Features, Coverages, DGGS</title>
	<p id="_342fb854-99e1-38d1-65e0-508f4ce5599e">Recall this comment from <xref target="subsec-prepare-and-structure"/> by the National Academies “A good representation of data is priceless: a single data representation, or sometimes multiple ones, allows one to carry out a large number of data processing and analysis tasks.” For Big Geo Data this means placing the existing data representation methods for geospatial information into a big data context. Priceless previous geospatial analytics are based on Features, Coverages and Coordinate Reference Systems (CRS). These data representation methods along with the newer DGGS-based analytics are proposed to be a basis of OGC big data activities.</p>
	
	<clause id="_simple_features_applied_to_big_data" obligation="normative">


== Document Attributes

(): Version required for white-paper


== Metanorma XML Syntax

(XML Line 000169:104): element "clause" not allowed here; expected element "foreword"
(XML Line 000169:290): element "submitters" not allowed yet; missing required element "foreword"
(XML Line 000283:73): element "fn" not allowed here; expected the element end-tag, text or element "br", "em", "eref", "hi", "keyword", "link", "smallcap", "stem", "strike", "strong", "sub", "sup", "tt", "underline" or "xref"
(XML Line 000490:89): element "fn" not allowed here; expected the element end-tag, text or element "br", "em", "eref", "hi", "keyword", "link", "smallcap", "stem", "strike", "strong", "sub", "sup", "tt", "underline" or "xref"
(XML Line 001273:16): element "ogc-standard" incomplete; missing required element "bibliography"
