/__w/mn-samples-ogc/mn-samples-ogc/site/documents/17-069r3/document.err errors


== AsciiDoc Input

(ID _bibliography): Section not marked up as [bibliography]!
	#<Asciidoctor::Section@4569260 {level: 1, title: "C. Bibliography", blocks: 1}>


== Metanorma XML Style Warning

(XML Line 000124): Table should have title
	<table id="_1d4591d7-535a-74c8-38d6-1b2529f70f69" unnumbered="true"><thead><tr><th valign="middle" align="left">Name</th>
	<th valign="middle" align="left">Affiliation</th>
	</tr></thead>
	<tbody><tr><td valign="middle" align="left">Clemens Portele <em>(editor)</em></td>
	<td valign="middle" align="left">interactive instruments GmbH</td>
(XML Line 000921): Hanging paragraph in clause
	<clause id="http_1_1" obligation="normative">
	<title>HTTP 1.1</title>
	<requirement id="req_core_http" model="ogc" type=""><requirement id="_3b026098-7d13-025f-0205-27d3b58642b2" model="ogc" type=""> <description><p id="_7cb9ebbe-ee4b-de69-8e9d-106da33c09ab">The server SHALL conform to <eref type="inline" bibitemid="rfc2616" citeas="IETF RFC 2616">HTTP 1.1</eref>.</p></description>
	</requirement>
	
(XML Line 002356): Hanging paragraph in clause
	<clause id="_security_considerations" type="security" obligation="informative">
	<title>Security Considerations</title>
	<p id="_64e9796e-2cec-4435-82cc-b25c1d04d621">A Web API is a powerful tool for sharing information and analysis resources. It also provides many avenues for unscrupulous users to attack those resources. Designers and developers of Web APIs should be familiar with the potential vulnerabilities and how to address them.</p>
	
	<p id="_51c866d5-8d9f-d45d-f58f-10b128cab10d">A valuable resource is the Common Weakness Enumeration (CWE) registry at <link target="http://cwe.mitre.org/data/index.html"/>. The CWE is organized around three views; Research, Architectural, and Development.</p>
(XML Line 002430): Hanging paragraph in clause
	<clause id="_conformance_class_core" obligation="normative">
	<title>Conformance Class Core</title>
	<requirement id="_9d0760b8-2b5f-9d74-8835-644445da34f6" model="ogc" type="conformanceclass"> <subject>Web API</subject>
	</requirement>
	
(XML Line 003073): Hanging paragraph in clause
	<clause id="_conformance_class_geojson" obligation="normative">
	<title>Conformance Class GeoJSON</title>
	<requirement id="_c13d4ba7-2c0e-9919-3dc1-bade82bc147f" model="ogc" type="conformanceclass"> <subject>Web API</subject>
	</requirement>
	
(XML Line 003119): Hanging paragraph in clause
	<clause id="_conformance_class_gml_simple_features_level_0" obligation="normative">
	<title>Conformance Class GML Simple Features Level 0</title>
	<requirement id="_d9a5c758-3243-6a6c-67ed-10f4bbf60457" model="ogc" type="conformanceclass"> <subject>Web API</subject>
	</requirement>
	
(XML Line 003157): Hanging paragraph in clause
	<clause id="_conformance_class_gml_simple_features_level_2" obligation="normative">
	<title>Conformance Class GML Simple Features Level 2</title>
	<requirement id="_a549d441-95cc-3657-6275-9deb9340a007" model="ogc" type="conformanceclass"> <subject>Web API</subject>
	</requirement>
	
(XML Line 003195): Hanging paragraph in clause
	<clause id="_conformance_class_html" obligation="normative">
	<title>Conformance Class HTML</title>
	<requirement id="_0334d93c-3a12-0835-01a0-454159ab1505" model="ogc" type="conformanceclass"> <subject>Web API</subject>
	</requirement>
	
(XML Line 003312): Table should have title
	<table id="_9cc7e72f-44ac-e9d7-66a9-c56356f8d913" unnumbered="true"><thead><tr><th valign="middle" align="left">Date</th>
	<th valign="middle" align="left">Release</th>
	<th valign="middle" align="left">Editor</th>
	<th valign="middle" align="left">Primary clauses modified</th>
	<th valign="middle" align="left">Description</th>


== Requirements

(XML Line 000684): Requirement class core has no corresponding Conformance class
	<requirement id="core" model="ogc" obligation="requirement" type="class"><inherit><eref type="inline" bibitemid="rfc2616" citeas="IETF RFC 2616">RFC 2616 (HTTP/1.1)</eref></inherit><inherit><eref type="inline" bibitemid="rfc2818" citeas="IETF RFC 2818">RFC 2818 (HTTP over TLS)</eref></inherit><inherit><eref type="inline" bibitemid="rfc3339" citeas="IETF RFC 3339">RFC 3339 (Date and Time on the Internet: Timestamps)</eref></inherit><inherit><eref type="inline" bibitemid="rfc8288" citeas="IETF RFC 8288">RFC 8288 (Web Linking)</eref></inherit> <subject>Web API</subject>
	
	</requirement>
(XML Line 000684): Requirement class core has no corresponding Requirement
	<requirement id="core" model="ogc" obligation="requirement" type="class"><inherit><eref type="inline" bibitemid="rfc2616" citeas="IETF RFC 2616">RFC 2616 (HTTP/1.1)</eref></inherit><inherit><eref type="inline" bibitemid="rfc2818" citeas="IETF RFC 2818">RFC 2818 (HTTP over TLS)</eref></inherit><inherit><eref type="inline" bibitemid="rfc3339" citeas="IETF RFC 3339">RFC 3339 (Date and Time on the Internet: Timestamps)</eref></inherit><inherit><eref type="inline" bibitemid="rfc8288" citeas="IETF RFC 8288">RFC 8288 (Web Linking)</eref></inherit> <subject>Web API</subject>
	
	</requirement>
(XML Line 000761): Requirement req_core_root_op has no corresponding Conformance test
	<requirement id="req_core_root_op" model="ogc" type=""><requirement id="_2b4b4ae5-3792-9bb5-b3cc-87325d714e67" model="ogc" type=""> <description><p id="_c9f27d2a-41cc-e7cb-6e43-825ff9f21629">The server SHALL support the HTTP GET operation at the path  <tt>/</tt>.</p></description>
	</requirement>
	</requirement>
(XML Line 000768): Requirement req_core_root_success has no corresponding Conformance test
	<requirement id="req_core_root_success" model="ogc" type=""><requirement id="_f15c0123-3110-e1da-348d-94b27266320d" model="ogc" type=""> <description><p id="_923a3f87-f504-c9d7-bf5e-186645ffc9b5">A successful execution of the operation SHALL be reported as a response with a HTTP status code <tt>200</tt>.</p></description>
	</requirement>
	
	<requirement id="_6becaf68-a1cb-16e7-f740-f100e3b916af" model="ogc" type=""> <description><p id="_b430291c-797a-4013-ca92-5d92ff1a7c24">The content of that response SHALL be based upon the OpenAPI 3.0 schema <link target="http://schemas.opengis.net/ogcapi/features/part1/1.0/openapi/schemas/landingPage.yaml">landingPage.yaml</link> and include at least links to the following resources:</p><ul id="_1d753ec7-8c0e-06e6-2bfd-cf977d78d525"><li><p id="_49659aa7-35d7-8b11-67c0-da4e2839af92">the API definition (relation type ‘service-desc’ or ‘service-doc’)</p>
	</li>
(XML Line 000833): Requirement req_core_api_definition_op has no corresponding Conformance test
	<requirement id="req_core_api_definition_op" model="ogc" type=""><requirement id="_6999ca56-1db8-68e8-8f0b-ed165fea0add" model="ogc" type=""> <description><p id="_746f17e2-4d44-604f-7f61-193c01db7039">The URIs of all API definitions referenced from the landing page SHALL support the HTTP GET method.</p></description>
	</requirement>
	</requirement>
(XML Line 000837): Requirement _7bb1b878-c1b1-0161-84a8-491a37315315 has no corresponding Conformance test
	<permission id="_7bb1b878-c1b1-0161-84a8-491a37315315" model="ogc" type=""><permission id="_6fed1071-e07f-d5a7-d4c1-a74ab889b00d" model="ogc" type=""> <description><p id="_1a717a1e-5120-21e2-76a1-0f57b022bf43">The API definition is metadata about the API and strictly not part of the API itself, but it MAY be hosted as a sub-resource to the base path of the API, for example, at path <tt>/api</tt>. There is no need to include the path of the API definition in the API definition itself.</p></description>
	</permission>
	</permission>
(XML Line 000846): Requirement req_core_api_definition_success has no corresponding Conformance test
	<requirement id="req_core_api_definition_success" model="ogc" type=""><requirement id="_92a42afe-ffc5-dd5c-2785-dbb4b8fe11d3" model="ogc" type=""> <description><p id="_76cf9874-6ec3-0d8a-4a5d-6bc1e05a4da7">A GET request to the URI of an API definition linked from the landing page (link relations <tt>service-desc</tt> or <tt>service-doc</tt>) with an <tt>Accept</tt> header with the value of the link property <tt>type</tt> SHALL return a document consistent with the requested media type.</p></description>
	</requirement>
	</requirement>
(XML Line 000850): Requirement _dec391f5-2a99-2323-6374-c488e7aed7aa has no corresponding Conformance test
	<recommendation id="_dec391f5-2a99-2323-6374-c488e7aed7aa" model="ogc" type=""><recommendation id="_8a1db030-b099-47d1-7135-2c076ae50734" model="ogc" type=""> <description><p id="_57ad9a12-e203-03cf-eae3-487483654721">If the API definition document uses the OpenAPI Specification 3.0, the document SHOULD conform to the <xref target="rc_oas30">OpenAPI Specification 3.0 requirements class</xref>.</p></description>
	</recommendation>
	</recommendation>
(XML Line 000873): Requirement req_core_conformance_op has no corresponding Conformance test
	<requirement id="req_core_conformance_op" model="ogc" type=""><requirement id="_391ce722-2694-6dcc-1454-1a4c110ddd1d" model="ogc" type=""> <description><p id="_c0a4d005-3d39-4592-dcb6-cda3a496eec3">The server SHALL support the HTTP GET operation at the path <tt>/conformance</tt>.</p></description>
	</requirement>
	</requirement>
(XML Line 000880): Requirement req_core_conformance_success has no corresponding Conformance test
	<requirement id="req_core_conformance_success" model="ogc" type=""><requirement id="_cb8c9ceb-0c62-5120-9163-59d207883315" model="ogc" type=""> <description><p id="_9667f441-a978-48e3-1dba-f7d9bfb60d6e">A successful execution of the operation SHALL be reported as a response with a HTTP status code <tt>200</tt>.</p></description>
	</requirement>
	
	<requirement id="_04764d29-ebb7-933a-1d31-80c320a53214" model="ogc" type=""> <description><p id="_d9cc16f7-a131-c9b0-eb19-5898c627144f">The content of that response SHALL be based upon the OpenAPI 3.0 schema <link target="http://schemas.opengis.net/ogcapi/features/part1/1.0/openapi/schemas/confClasses.yaml">confClasses.yaml</link> and list all OGC API conformance classes that the server conforms to.</p></description>
	</requirement>
(XML Line 000923): Requirement req_core_http has no corresponding Conformance test
	<requirement id="req_core_http" model="ogc" type=""><requirement id="_3b026098-7d13-025f-0205-27d3b58642b2" model="ogc" type=""> <description><p id="_7cb9ebbe-ee4b-de69-8e9d-106da33c09ab">The server SHALL conform to <eref type="inline" bibitemid="rfc2616" citeas="IETF RFC 2616">HTTP 1.1</eref>.</p></description>
	</requirement>
	
	<requirement id="_b8a13b17-091c-e837-7e82-7df4f1939dce" model="ogc" type=""> <description><p id="_419ea202-370d-620a-3077-af5f02521265">If the server supports HTTPS, the server SHALL also conform to <eref type="inline" bibitemid="rfc2818" citeas="IETF RFC 2818">HTTP over TLS</eref>.</p></description>
	</requirement>
(XML Line 000932): Requirement _ad2997eb-4ed1-c936-b87c-b16b20db081a has no corresponding Conformance test
	<recommendation id="_ad2997eb-4ed1-c936-b87c-b16b20db081a" model="ogc" type=""><recommendation id="_c8d1c224-df5b-95a5-f4ca-c373ca877c52" model="ogc" type=""> <description><p id="_709f43fc-d9e9-8242-4722-94e586568581">The server SHOULD support the HTTP 1.1 method HEAD for all resources that support the method GET.</p></description>
	</recommendation>
	</recommendation>
(XML Line 000974): Requirement _8f09cf1b-38de-268b-1bb0-a284807329e9 has no corresponding Conformance test
	<permission id="_8f09cf1b-38de-268b-1bb0-a284807329e9" model="ogc" type=""><permission id="_87ec6da0-85ac-109a-490b-9efc377c4e1f" model="ogc" type=""> <description><p id="_56a4d020-090f-df81-f47a-906fca5cd744">Servers MAY support other capabilities of the HTTP protocol and, therefore, MAY return other status codes than those listed in <xref target="table2"/>.</p></description>
	</permission>
	</permission>
(XML Line 000984): Requirement req_core_query_param_unknown has no corresponding Conformance test
	<requirement id="req_core_query_param_unknown" model="ogc" type=""><requirement id="_e4855392-b567-0c83-d1fc-6d8917faa12f" model="ogc" type=""> <description><p id="_39b425df-6b80-3259-f728-badedbc326c5">The server SHALL respond with a response with the status code <tt>400</tt>, if the request URI includes a query parameter that is not specified in the API definition.</p></description>
	</requirement>
	</requirement>
(XML Line 001012): Requirement req_core_query_param_invalid has no corresponding Conformance test
	<requirement id="req_core_query_param_invalid" model="ogc" type=""><requirement id="_c129cea7-8611-8c4c-ef9e-1e7f4d045d8d" model="ogc" type=""> <description><p id="_4d8c1157-2cbf-7397-83c9-e97a8c79f6df">The server SHALL respond with a response with the status code <tt>400</tt>, if the request URI includes a query parameter that has an invalid value.</p></description>
	</requirement>
	</requirement>
(XML Line 001023): Requirement _082beed4-45a2-36d2-77a8-6b5f0bd95fba has no corresponding Conformance test
	<recommendation id="_082beed4-45a2-36d2-77a8-6b5f0bd95fba" model="ogc" type=""><recommendation id="_71cb9404-dfb6-d2de-0c1f-bb7df26a3f3d" model="ogc" type=""> <description><p id="_d76c3a93-db8c-854d-1d17-5a47d99db661">The service SHOULD support entity tags and the associated headers as specified by HTTP/1.1.</p></description>
	</recommendation>
	</recommendation>
(XML Line 001032): Requirement _3770516c-a40f-38a4-ef3c-c0ae177eb41b has no corresponding Conformance test
	<recommendation id="_3770516c-a40f-38a4-ef3c-c0ae177eb41b" model="ogc" type=""><recommendation id="_e521bd4a-2667-5d24-768a-b8f993264472" model="ogc" type=""> <description><p id="_64e5786f-a7db-f3e6-858e-d7c71e90c6b3">If the server is intended to be accessed from the browser, cross-origin requests SHOULD be supported. Note that support can also be added in a proxy layer on top of the server.</p></description>
	</recommendation>
	</recommendation>
(XML Line 001049): Requirement _0024d156-54f5-3a1d-a161-02923d49081c has no corresponding Conformance test
	<recommendation id="_0024d156-54f5-3a1d-a161-02923d49081c" model="ogc" type=""><recommendation id="_367ff1da-f6fc-5ee6-bfd1-765d59e7b920" model="ogc" type=""> <description><p id="_b3a94d74-20b1-7c64-de52-51d6d9e55109">To support browsing the dataset and its features with a web browser and to enable search engines to crawl and index the dataset, implementations SHOULD consider to support an HTML encoding.</p></description>
	</recommendation>
	</recommendation>
(XML Line 001053): Requirement _337972b2-8fd6-3e0b-a75a-a4e28e697d29 has no corresponding Conformance test
	<recommendation id="_337972b2-8fd6-3e0b-a75a-a4e28e697d29" model="ogc" type=""><recommendation id="_1c208685-e035-57cc-dc16-2f13aeaa8fd1" model="ogc" type=""> <description><p id="_fa24c1d2-52d2-7dad-96f7-fae0e1ef3f9b">If the feature data can be represented for the intended use in GeoJSON, implementations SHOULD consider to support GeoJSON as an encoding for features and feature collections.</p></description>
	</recommendation>
	</recommendation>
(XML Line 001079): Requirement _4aaa6288-a5fb-18a1-9140-18a6b8da4c7f has no corresponding Conformance test
	<recommendation id="_4aaa6288-a5fb-18a1-9140-18a6b8da4c7f" model="ogc" type=""><recommendation id="_3975ea88-07a6-09ab-7f19-6a7aee76cf9a" model="ogc" type=""> <description><p id="_3003c446-6e05-34dd-5741-5c8efc7316bb">For encodings that support string internationalization, the server SHOULD include information about the language for each string value that includes linguistic text.</p></description>
	</recommendation>
	</recommendation>
(XML Line 001094): Requirement req_core_crs84 has no corresponding Conformance test
	<requirement id="req_core_crs84" model="ogc" type=""><requirement id="_da0a3100-19e8-9b88-a4ca-2ff25a00a755" model="ogc" type=""> <description><p id="_bb376692-022a-a337-eca2-a2512ac4872c">Unless the client explicitly requests a different coordinate reference system, all spatial geometries SHALL be in the coordinate reference system <link target="http://www.opengis.net/def/crs/OGC/1.3/CRS84"/> (WGS 84 longitude/latitude) for geometries without height information and <link target="http://www.opengis.net/def/crs/OGC/0/CRS84h"/> (WGS 84 longitude/latitude plus ellipsoidal height) for geometries with height information.</p></description>
	</requirement>
	</requirement>
(XML Line 001105): Requirement _ebecc013-6d6f-ed7a-be51-d1b9b3c7cc0a has no corresponding Conformance test
	<recommendation id="_ebecc013-6d6f-ed7a-be51-d1b9b3c7cc0a" model="ogc" type=""><recommendation id="_f40db7cb-e341-8af3-f9a4-f02945645aef" model="ogc" type=""> <description><p id="_30cefc11-5834-46ef-d9bd-f8277a67752a">Links included in payload of responses SHOULD also be included as <tt>Link</tt> headers in the HTTP response according to <eref type="inline" bibitemid="rfc8288" citeas="IETF RFC 8288">RFC 8288, Clause 3.</eref></p><p id="_67e6e159-c9fa-9c4f-8138-b5623ca8a94b">This recommendation does not apply, if there are a large number of links included in a response or a link is not known when the HTTP headers of the response are created.</p></description>
	</recommendation>
	</recommendation>
(XML Line 001116): Requirement req_core_fc_md_op has no corresponding Conformance test
	<requirement id="req_core_fc_md_op" model="ogc" type=""><requirement id="_58d82abd-9461-2775-28a9-0d2f6f6df70e" model="ogc" type=""> <description><p id="_3f2d3cda-01d9-d2a8-7e15-a1287af9b1e3">The server SHALL support the HTTP GET operation at the path <tt>/collections</tt>.</p></description>
	</requirement>
	</requirement>
(XML Line 001123): Requirement req_core_fc_md_success has no corresponding Conformance test
	<requirement id="req_core_fc_md_success" model="ogc" type=""><requirement id="_fb2c46e7-3767-bdb5-fda3-73ba42c58775" model="ogc" type=""> <description><p id="_55a47286-d23a-ab13-149d-e6a801fc877c">A successful execution of the operation SHALL be reported as a response with a HTTP status code <tt>200</tt>.</p></description>
	</requirement>
	
	<requirement id="_66af22b5-33b2-65b1-1b7a-f1aaecee6d28" model="ogc" type=""> <description><p id="_3280bcbc-f300-05d5-328e-b2f046aef919">The content of that response SHALL be based upon the OpenAPI 3.0 schema <link target="http://schemas.opengis.net/ogcapi/features/part1/1.0/openapi/schemas/collections.yaml">collections.yaml</link>.</p></description>
	</requirement>
(XML Line 001147): Requirement _59a2b7cb-2c82-c332-ce15-452c288e4cc4 has no corresponding Conformance test
	<requirement id="_59a2b7cb-2c82-c332-ce15-452c288e4cc4" model="ogc" type=""><requirement id="_3f157d3b-cbc2-6485-c93f-06d0dadb04e4" model="ogc" type=""> <description><p id="_312cd75c-8b26-85e1-748d-b12415cd50e2">A <tt>200</tt>-response SHALL include the following links in the <tt>links</tt> property of the response:</p><ul id="_6c4352fd-01dc-ceea-1d09-40adfc22cbc6"><li><p id="_360e5319-b60c-ad15-20b8-b7c7f5ef3f76">a link to this response document (relation: <tt>self</tt>),</p>
	</li>
	<li><p id="_89bc6994-59dc-dbe7-645b-302f407280ba">a link to the response document in every other media type supported by the server (relation: <tt>alternate</tt>).</p>
	</li>
	</ul></description>
(XML Line 001160): Requirement _a366afa3-7a55-0975-0e03-7609cf04f5e7 has no corresponding Conformance test
	<recommendation id="_a366afa3-7a55-0975-0e03-7609cf04f5e7" model="ogc" type=""><recommendation id="_c3c73c20-bf4e-1c8a-9ed9-b95a848daa90" model="ogc" type=""> <description><p id="_57364c29-b33d-30da-88e8-973d5661e1bc">If external schemas or descriptions for the dataset exist that provide information about the structure or semantics of the data, a <tt>200</tt>-response SHOULD include links to each of those resources in the <tt>links</tt> property of the response (relation: <tt>describedBy</tt>).</p></description>
	</recommendation>
	
	<recommendation id="_1dc4693f-4fa7-ff01-737b-5bf1a0fa6fde" model="ogc" type=""> <description><p id="_fd55602c-f4dc-39a7-8bac-299c142f0777">The <tt>type</tt> link parameter SHOULD be provided for each link. This applies to resources that describe to the whole dataset.</p></description>
	</recommendation>
(XML Line 001173): Requirement _5b2b8911-baee-0c55-795c-9c7755581222 has no corresponding Conformance test
	<recommendation id="_5b2b8911-baee-0c55-795c-9c7755581222" model="ogc" type=""><recommendation id="_3dfae1b7-a609-ef53-6d5f-5ed6ba4d38fc" model="ogc" type=""> <description><p id="_81412a4e-adff-baf8-ceff-eb07858ee32b">For each feature collection in this distribution of the dataset, the <tt>links</tt> property of the collection SHOULD include an item for each supported encoding with a link to the collection resource (relation: <tt>license</tt>).</p></description>
	</recommendation>
	
	<recommendation id="_42c14512-84d7-7fa8-ff00-7f1852881445" model="ogc" type=""> <description><p id="_6857b0bb-af20-45b3-c452-bd1609a50778">Alternatively, if all data shared via the API is available under the same license, the link MAY instead be added to the top-level <tt>links</tt> property of the response.</p></description>
	</recommendation>
(XML Line 001183): Requirement _3ccbe501-1de5-062b-c9e8-f4a299eb99b0 has no corresponding Conformance test
	<requirement id="_3ccbe501-1de5-062b-c9e8-f4a299eb99b0" model="ogc" type=""><requirement id="_17ff652d-c1d9-e19d-7e00-708dd290264b" model="ogc" type=""> <description><p id="_276a5135-d249-f7bd-de0c-94ac60a917e0">For each feature collection provided by the server, an item SHALL be provided in the property <tt>collections</tt>.</p></description>
	</requirement>
	</requirement>
(XML Line 001187): Requirement _1c3a67be-485a-dc1d-38a6-08ed07f6d140 has no corresponding Conformance test
	<permission id="_1c3a67be-485a-dc1d-38a6-08ed07f6d140" model="ogc" type=""><permission id="_14481d56-2c50-7392-c7b8-0b7aef9fc788" model="ogc" type=""> <description><p id="_f294ed55-9a97-bc3f-4b33-2b8ee3173541">To support servers with many collections, servers MAY limit the number of items in the property <tt>collections</tt>.</p></description>
	</permission>
	</permission>
(XML Line 001193): Requirement _aa465cb3-39b6-d6dd-498c-0a9a32f6e710 has no corresponding Conformance test
	<requirement id="_aa465cb3-39b6-d6dd-498c-0a9a32f6e710" model="ogc" type=""><requirement id="_d3743172-22e6-8b13-3b27-5df70f1405d2" model="ogc" type=""> <description><p id="_8c47a487-1b4a-5ec6-8249-6b54dd98ca14">For each feature collection included in the response, the <tt>links</tt> property of the collection SHALL include an item for each supported encoding with a link to the features resource (relation: <tt>items</tt>).</p></description>
	</requirement>
	
	<requirement id="_b831277e-1acf-7f55-1921-bb44536809c1" model="ogc" type=""> <description><p id="_e6340efd-f158-a563-a9a6-868f14ba9071">All links SHALL include the <tt>rel</tt> and <tt>type</tt> properties.</p></description>
	</requirement>
(XML Line 001200): Requirement _70fa8c68-8169-e8dc-1082-63a34ff84b5f has no corresponding Conformance test
	<requirement id="_70fa8c68-8169-e8dc-1082-63a34ff84b5f" model="ogc" type=""><requirement id="_9cf286d9-2a52-5689-0a0c-264f8b35ba62" model="ogc" type=""> <description><p id="_9c8b10f6-d663-3940-ac4d-afae13555377">For each feature collection, the <tt>extent</tt> property, if provided, SHALL provide bounding boxes that include all spatial geometries and time intervals that include all temporal geometries in this collection. The temporal extent may use <tt>null</tt> values to indicate an open time interval.</p></description>
	</requirement>
	
	<requirement id="_6fa0c89d-db03-61ba-d5f8-ee0e6876f455" model="ogc" type=""> <description><p id="_a6017898-4cf0-d4a5-caaa-69b6de46f4e9">If a feature has multiple properties with spatial or temporal information, it is the decision of the server whether only a single spatial or temporal geometry property is used to determine the extent or all relevant geometries.</p></description>
	</requirement>
(XML Line 001207): Requirement _4eb3a2ff-959a-48ad-a2d8-5cb67941998e has no corresponding Conformance test
	<recommendation id="_4eb3a2ff-959a-48ad-a2d8-5cb67941998e" model="ogc" type=""><recommendation id="_4c273c2d-c92a-773e-ed3c-384c86f089fd" model="ogc" type=""> <description><p id="_49236925-9627-02ce-d9bc-59d5db46c388">While the spatial and temporal extents support multiple bounding boxes (<tt>bbox</tt> array) and time intervals (<tt>interval</tt> array) for advanced use cases, implementations SHOULD provide only a single bounding box or time interval unless the use of multiple values is important for the use of the dataset and agents using the API are known to be support multiple bounding boxes or time intervals.</p></description>
	</recommendation>
	</recommendation>
(XML Line 001211): Requirement _8c27270f-d9e3-9902-004f-2517fee86505 has no corresponding Conformance test
	<permission id="_8c27270f-d9e3-9902-004f-2517fee86505" model="ogc" type=""><permission id="_a219587e-9f5b-f981-72ce-16add30bd474" model="ogc" type=""> <description><p id="_f3c8b501-9a47-fdc4-4d6a-5cf09ebdd5d1">The Core only specifies requirements for spatial and temporal extents. However, the <tt>extent</tt> object MAY be extended with additional members to represent other extents, for example, thermal or pressure ranges.</p></description>
	</permission>
	
	<permission id="_0db7401b-1e10-9bf2-5fed-3e10f633383a" model="ogc" type=""> <description><p id="_a3e9c20b-655d-813e-0c84-b5d7ec03b158">The Core only supports spatial extents in WGS 84 longitude/latitude and temporal extents in the Gregorian calendar (these are the only enum values in <link target="http://schemas.opengis.net/ogcapi/features/part1/1.0/openapi/schemas/extent.yaml">extent.yaml</link>).</p></description>
	</permission>
(XML Line 001430): Requirement req_core_sfc_md_op has no corresponding Conformance test
	<requirement id="req_core_sfc_md_op" model="ogc" type=""><requirement id="_14ba94cf-2213-9ce5-7add-d8006fbf28ee" model="ogc" type=""> <description><p id="_ae251bac-69ed-d2fe-7a94-1a7f03050023">The server SHALL support the HTTP GET operation at the path <tt>/collections/{collectionId}</tt>.</p></description>
	</requirement>
	
	<requirement id="_1efe6bd5-e5df-7b5c-221d-8c6e67ebaa7c" model="ogc" type=""> <description><p id="_5b922883-0e0e-f73e-6310-731a5779715b">The parameter <tt>collectionId</tt> is each <tt>id</tt> property in the feature collections response (JSONPath: <tt>$.collections[*].id</tt>).</p></description>
	</requirement>
(XML Line 001440): Requirement req_core_sfc_md_success has no corresponding Conformance test
	<requirement id="req_core_sfc_md_success" model="ogc" type=""><requirement id="_1535eeaf-3fa2-7127-725c-992c0b3571a8" model="ogc" type=""> <description><p id="_e2ef9efc-ad66-c082-fc4e-94609efb8df3">A successful execution of the operation SHALL be reported as a response with a HTTP status code <tt>200</tt>.</p></description>
	</requirement>
	
	<requirement id="_785f9108-5f93-5145-04ba-897ff1a29aab" model="ogc" type=""> <description><p id="_300495d3-8780-fbe3-33c0-9c4ceb71b7d3">The content of that response SHALL be consistent with the content for this feature collection in the <tt>/collections</tt> response. That is, the values for <tt>id</tt>, <tt>title</tt>, <tt>description</tt> and <tt>extent</tt> SHALL be identical.</p></description>
	</requirement>
(XML Line 001460): Requirement req_core_fc_op has no corresponding Conformance test
	<requirement id="req_core_fc_op" model="ogc" type=""><requirement id="_f6c79698-8b5f-8e0c-322b-f63ccfcab7e6" model="ogc" type=""> <description><p id="_10347178-0686-faa7-7c5b-e06bf7b6f819">For every feature collection identified in the feature collections response (path <tt>/collections</tt>), the server SHALL support the HTTP GET operation at the path <tt>/collections/{collectionId}/items</tt>.</p></description>
	</requirement>
	
	<requirement id="_ce850dce-79cf-3def-a311-587450ae4eea" model="ogc" type=""> <description><p id="_a20010cb-2679-9bda-d9d0-0edd4c093eca">The parameter <tt>collectionId</tt> is each <tt>id</tt> property in the feature collections response (JSONPath: <tt>$.collections[*].id</tt>).</p></description>
	</requirement>
(XML Line 001470): Requirement req_core_fc_limit_definition has no corresponding Conformance test
	<requirement id="req_core_fc_limit_definition" model="ogc" type=""><requirement id="_cfbdf1c2-752a-c296-7c98-0b27a175f9c4" model="ogc" type=""> <description><p id="_c228889b-3934-1633-d51a-31c03f684135">The operation SHALL support a parameter <tt>limit</tt> with the following characteristics (using an OpenAPI Specification 3.0 fragment):</p><sourcecode id="_a736a28e-6a52-1f5d-8e52-45b3c86c4706" lang="xml" unnumbered="true">name: limit
	in: query
	required: false
	schema:
	  type: integer
(XML Line 001486): Requirement _bba13981-5531-a194-aac5-954490a16e97 has no corresponding Conformance test
	<permission id="_bba13981-5531-a194-aac5-954490a16e97" model="ogc" type=""><permission id="_7e9be822-7c49-9ee1-d9f0-0241c7339009" model="ogc" type=""> <description><p id="_f066262d-8f82-732a-f805-4394467436a9">The values for <tt>minimum</tt>, <tt>maximum</tt> and <tt>default</tt> in requirement <tt>/req/core/fc-limit-definition</tt> are only examples and MAY be changed.</p></description>
	</permission>
	</permission>
(XML Line 001490): Requirement req_core_fc_limit_response has no corresponding Conformance test
	<requirement id="req_core_fc_limit_response" model="ogc" type=""><requirement id="_73e3868a-dabc-3a3b-1d51-46a6ef5578c6" model="ogc" type=""> <description><p id="_c21ebfa2-7aec-2228-e0f6-d77174182a25">The response SHALL not contain more features than specified by the optional <tt>limit</tt> parameter. If the API definition specifies a maximum value for <tt>limit</tt> parameter, the response SHALL not contain more features than this maximum value.</p></description>
	</requirement>
	
	<requirement id="_ec2c88b4-8217-2a7a-6add-7512feaeeab1" model="ogc" type=""> <description><p id="_8f68a084-59c0-4394-0750-d897a8c066b5">Only items are counted that are on the first level of the collection. Any nested objects contained within the explicitly requested items SHALL not be counted.</p></description>
	</requirement>
(XML Line 001497): Requirement _c4420311-327c-793d-fda6-1fd7262d4807 has no corresponding Conformance test
	<permission id="_c4420311-327c-793d-fda6-1fd7262d4807" model="ogc" type=""><permission id="_a3550bfb-fd2d-3fa1-5fd7-2687543fa13d" model="ogc" type=""> <description><p id="_3a22c3d6-2669-3db5-e8cf-b8b542ee340d">The server MAY return less features than requested (but not more).</p></description>
	</permission>
	</permission>
(XML Line 001506): Requirement req_core_fc_bbox_definition has no corresponding Conformance test
	<requirement id="req_core_fc_bbox_definition" model="ogc" type=""><requirement id="_b4a5792b-0433-f000-6171-3afeacdd23eb" model="ogc" type=""> <description><p id="_8014d946-ca74-21b5-1121-73d832806553">The operation SHALL support a parameter <tt>bbox</tt> with the following characteristics (using an OpenAPI Specification 3.0 fragment):</p><sourcecode id="_69d92c17-8111-5872-1de0-b534ce834c16" lang="xml" unnumbered="true">name: bbox
	in: query
	required: false
	schema:
	  type: array
(XML Line 001523): Requirement req_core_fc_bbox_response has no corresponding Conformance test
	<requirement id="req_core_fc_bbox_response" model="ogc" type=""><requirement id="_1f032adc-e432-56a5-edd0-e4fb99c7237b" model="ogc" type=""> <description><p id="_c1b31cb6-095d-fbe5-8e43-234f1a565444">Only features that have a spatial geometry that intersects the bounding box SHALL be part of the result set, if the <tt>bbox</tt> parameter is provided.</p></description>
	</requirement>
	
	<requirement id="_848a197d-ee2f-8da3-ce93-aa5da7855a58" model="ogc" type=""> <description><p id="_0d57ad5a-c0b2-3938-01a6-b0ea47ef2be8">If a feature has multiple spatial geometry properties, it is the decision of the server whether only a single spatial geometry property is used to determine the extent or all relevant geometries.</p></description>
	</requirement>
(XML Line 001576): Requirement req_core_fc_time_definition has no corresponding Conformance test
	<requirement id="req_core_fc_time_definition" model="ogc" type=""><requirement id="_48363066-571d-1bd2-e0a7-7638c5d5fdeb" model="ogc" type=""> <description><p id="_72324e5f-b232-3397-a640-5e0ef6b24138">The operation SHALL support a parameter <tt>datetime</tt> with the following characteristics (using an OpenAPI Specification 3.0 fragment):</p><sourcecode id="_e56bcdfa-bf43-8c72-6614-82edcbdb7f09" lang="xml" unnumbered="true">name: datetime
	in: query
	required: false
	schema:
	  type: string
(XML Line 001589): Requirement req_core_fc_time_response has no corresponding Conformance test
	<requirement id="req_core_fc_time_response" model="ogc" type=""><requirement id="_a240a1e6-62d6-3ab8-c700-334691093980" model="ogc" type=""> <description><p id="_21fdd725-8aac-bf99-8640-c372271b12d4">Only features that have a temporal geometry that intersects the temporal information in the <tt>datetime</tt> parameter SHALL be part of the result set, if the parameter is provided.</p></description>
	</requirement>
	
	<requirement id="_56564004-e4ba-091f-1e00-1098fb831f9b" model="ogc" type=""> <description><p id="_d0027cb2-9fbd-d2ed-1e9d-0c201f484f3e">If a feature has multiple temporal properties, it is the decision of the server whether only a single temporal property is used to determine the extent or all relevant temporal properties.</p></description>
	</requirement>
(XML Line 001655): Requirement _9fb2e0dc-7f4f-60b1-b4b0-880ea5c4c443 has no corresponding Conformance test
	<recommendation id="_9fb2e0dc-7f4f-60b1-b4b0-880ea5c4c443" model="ogc" type=""><recommendation id="_9d8f37d8-f1de-6fa8-6353-be39473d5512" model="ogc" type=""> <description><p id="_c923bedd-32c4-469f-be26-f1f5f94059b4">If features in the feature collection include a feature property that has a simple value (for example, a string or integer) that is expected to be useful for applications using the service to filter the features of the collection based on this property, a parameter with the name of the feature property and with the following characteristics (using an OpenAPI Specification 3.0 fragment) SHOULD be supported:</p><sourcecode id="_c362549a-5ebd-7b65-4e0e-db5d9ed15bf0" lang="xml" unnumbered="true">in: query
	required: false
	style: form
	explode: false</sourcecode><p id="_ac901772-605e-bbc7-4017-277af7770e12">The <tt>schema</tt> property SHOULD be the same as the definition of the feature property in the response schema.</p></description>
	</recommendation>
(XML Line 001715): Requirement req_core_fc_response has no corresponding Conformance test
	<requirement id="req_core_fc_response" model="ogc" type=""><requirement id="_fa80ccc1-c535-88c4-a8c9-81bfd43ce953" model="ogc" type=""> <description><p id="_6ea9aa9a-a642-7518-a44c-5415ad13756f">A successful execution of the operation SHALL be reported as a response with a HTTP status code <tt>200</tt>.</p></description>
	</requirement>
	
	<requirement id="_a9eefe84-8f52-766f-f74a-07d444a1c853" model="ogc" type=""> <description><p id="_46232924-996e-bcd5-8862-2daf5a1e37d4">The response SHALL only include features selected by the request.</p></description>
	</requirement>
(XML Line 001744): Requirement req_core_fc_links has no corresponding Conformance test
	<requirement id="req_core_fc_links" model="ogc" type=""><requirement id="_f0520881-44a7-bdb9-a27c-2c4014fa2283" model="ogc" type=""> <description><p id="_353a4172-b8aa-4997-df4b-0bd142b69682">A <tt>200</tt>-response SHALL include the following links:</p><ul id="_8a05f24c-c68e-4d1a-bf4b-065d20b3d028"><li><p id="_dfda173d-1e20-c6b7-daa3-c0392ed26c24">a link to this response document (relation: <tt>self</tt>),</p>
	</li>
	<li><p id="_9c18a9a8-1cc0-397a-0d85-27f79a40dfc9">a link to the response document in every other media type supported by the service (relation: <tt>alternate</tt>).</p>
	</li>
	</ul></description>
(XML Line 001754): Requirement _635c25fe-7162-603e-1947-6806d92ea389 has no corresponding Conformance test
	<recommendation id="_635c25fe-7162-603e-1947-6806d92ea389" model="ogc" type=""><recommendation id="_358e1d07-ff4e-2498-296e-ecdccd907368" model="ogc" type=""> <description><p id="_95b36ace-a207-f3a9-61ab-caf75eb520cf">A <tt>200</tt>-response SHOULD include a link to the next “page” (relation: <tt>next</tt>), if more features have been selected than returned in the response.</p></description>
	</recommendation>
	</recommendation>
(XML Line 001758): Requirement _bf6ad2f6-cd8e-53c6-b98a-aec09e30073a has no corresponding Conformance test
	<recommendation id="_bf6ad2f6-cd8e-53c6-b98a-aec09e30073a" model="ogc" type=""><recommendation id="_5328c40a-bf8c-d800-3903-1caf0ecdb760" model="ogc" type=""> <description><p id="_6a0044ec-0f00-72d8-bc85-77fbf576b854">Dereferencing a <tt>next</tt> link SHOULD return additional features from the set of selected features that have not yet been returned.</p></description>
	</recommendation>
	</recommendation>
(XML Line 001762): Requirement _272d3d3f-644d-edc1-c65c-88bd966b2ee8 has no corresponding Conformance test
	<recommendation id="_272d3d3f-644d-edc1-c65c-88bd966b2ee8" model="ogc" type=""><recommendation id="_9faad2bd-772e-23eb-32c9-e2205d612579" model="ogc" type=""> <description><p id="_facc419f-60ec-0e2e-95c5-8c405b4ebdcb">The number of features in a response to a <tt>next</tt> link SHOULD follow the same rules as for the response to the original query and again include a <tt>next</tt> link, if there are more features in the selection that have not yet been returned.</p></description>
	</recommendation>
	</recommendation>
(XML Line 001777): Requirement _86f653a4-6aae-40ff-f4cc-c2bbacf7c9e4 has no corresponding Conformance test
	<permission id="_86f653a4-6aae-40ff-f4cc-c2bbacf7c9e4" model="ogc" type=""><permission id="_36b96064-7784-e140-0ddd-70a79f0f8ef9" model="ogc" type=""> <description><p id="_7587aef2-aaa8-c8e9-28e8-7b9025396fca">A response to a <tt>next</tt> link MAY include a <tt>prev</tt> link to the resource that included the <tt>next</tt> link.</p></description>
	</permission>
	</permission>
(XML Line 001783): Requirement req_core_fc_rel_type has no corresponding Conformance test
	<requirement id="req_core_fc_rel_type" model="ogc" type=""><requirement id="_6da215cc-989f-53a0-34e2-ae121c517d46" model="ogc" type=""> <description><p id="_58777d53-0bb4-885b-7456-646552b0f7cd">All links SHALL include the <tt>rel</tt> and <tt>type</tt> link parameters.</p></description>
	</requirement>
	</requirement>
(XML Line 001787): Requirement req_core_fc_timestamp has no corresponding Conformance test
	<requirement id="req_core_fc_timestamp" model="ogc" type=""><requirement id="_09312e22-5ba0-0a05-ae8c-c84cd0cb591f" model="ogc" type=""> <description><p id="_64f3f9b1-5296-59ff-432a-b9e854f3efa8">If a property <tt>timeStamp</tt> is included in the response, the value SHALL be set to the time stamp when the response was generated.</p></description>
	</requirement>
	</requirement>
(XML Line 001791): Requirement req_core_fc_numbermatched has no corresponding Conformance test
	<requirement id="req_core_fc_numbermatched" model="ogc" type=""><requirement id="_cca94970-556d-bca1-da42-a2a5512c8b22" model="ogc" type=""> <description><p id="_2cc52b57-1077-11e2-40cb-8ed427d50df6">If a property <tt>numberMatched</tt> is included in the response, the value SHALL be identical to the number of features in the feature collections that match the selection parameters like <tt>bbox</tt>, <tt>datetime</tt> or additional filter parameters.</p></description>
	</requirement>
	
	<requirement id="_5d46465e-c0b3-2c1b-a31f-242457ad8543" model="ogc" type=""> <description><p id="_4fce5bb7-dc60-522c-a82e-5f88a39d9e65">A server MAY omit this information in a response, if the information about the number of matching features is not known or difficult to compute.</p></description>
	</requirement>
(XML Line 001798): Requirement req_core_fc_numberreturned has no corresponding Conformance test
	<requirement id="req_core_fc_numberreturned" model="ogc" type=""><requirement id="_8cf577ce-a81d-116d-5e2a-e622820292fd" model="ogc" type=""> <description><p id="_7170688c-1961-f096-0679-00db22b3674f">If a property <tt>numberReturned</tt> is included in the response, the value SHALL be identical to the number of features in the response.</p></description>
	</requirement>
	
	<requirement id="_60d0ca3c-a3fa-5e70-ab0f-caa6fd1e8ca7" model="ogc" type=""> <description><p id="_c0d4f914-1855-6bcc-8b51-e5deb534ce1d">A server MAY omit this information in a response, if the information about the number of features in the response is not known or difficult to compute.</p></description>
	</requirement>
(XML Line 001864): Requirement req_core_f_op has no corresponding Conformance test
	<requirement id="req_core_f_op" model="ogc" type=""><requirement id="_fc0b2b07-7763-7cfc-53f6-e5d440a90457" model="ogc" type=""> <description><p id="_b5b2144e-fccb-afa4-2cf1-fb4b20ad16fb">For every feature in a feature collection (path <tt>/collections/{collectionId}</tt>), the server SHALL support the HTTP GET operation at the path <tt>/collections/{collectionId}/items/{featureId}</tt>.</p></description>
	</requirement>
	
	<requirement id="_6aeb85f7-463a-3112-f24d-d3ceed1d91a5" model="ogc" type=""> <description><p id="_0571ec6d-bc94-1fe8-0864-269a3b78c8ca">The parameter <tt>collectionId</tt> is each <tt>id</tt> property in the feature collections response (JSONPath: <tt>$.collections[*].id</tt>). <tt>featureId</tt> is a local identifier of the feature.</p></description>
	</requirement>
(XML Line 001871): Requirement _15efdd0e-2a0b-051a-5343-0080e059aa83 has no corresponding Conformance test
	<permission id="_15efdd0e-2a0b-051a-5343-0080e059aa83" model="ogc" type=""><permission id="_7e27ec22-13b9-cb41-0af1-142710eab184" model="ogc" type=""> <description><p id="_e1867cf9-5b5a-e561-a8f5-825c7b121994">The Core requirements class only requires that the feature URI is unique. Implementations MAY apply stricter rules and, for example, use unique <tt>id</tt> values per dataset or collection.</p></description>
	</permission>
	</permission>
(XML Line 001878): Requirement req_core_f_success has no corresponding Conformance test
	<requirement id="req_core_f_success" model="ogc" type=""><requirement id="_a112f3cf-ae04-492f-55be-979b09928262" model="ogc" type=""> <description><p id="_5c11462c-93c2-564b-3ebe-23520e8c2359">A successful execution of the operation SHALL be reported as a response with a HTTP status code <tt>200</tt>.</p></description>
	</requirement>
	</requirement>
(XML Line 001882): Requirement req_core_f_links has no corresponding Conformance test
	<requirement id="req_core_f_links" model="ogc" type=""><requirement id="_9a708959-47a6-443a-ac1b-7950286b3988" model="ogc" type=""> <description><p id="_ec227dc8-d716-c8c7-f919-d29560d0ffd1">A <tt>200</tt>-response SHALL include the following links in the response:</p><ul id="_ec0274a9-4769-0310-0e93-347cd250366f"><li><p id="_dfdb3c98-ecb6-66f0-0598-38e0f4a578dc">a link to the response document (relation: <tt>self</tt>),</p>
	</li>
	<li><p id="_7bd70cdd-0ec8-5afc-83dd-f6b55f9964c8">a link to the response document in every other media type supported by the service (relation: <tt>alternate</tt>), and</p>
	</li>
	<li><p id="_b3d1e6f8-2e34-1b3b-70f8-0f6d96a4aeda">a link to the feature collection that contains this feature (relation: <tt>collection</tt>).</p>
(XML Line 001956): Requirement class rc_html has no corresponding Conformance class
	<requirement id="rc_html" model="ogc" obligation="requirement" type="class"><inherit><xref target="core">Conformance Class “Core”</xref></inherit><inherit><eref type="inline" bibitemid="html5" citeas="W3C html5">HTML5</eref></inherit><inherit><eref type="inline" bibitemid="schema" citeas="schema.org">Schema.org</eref></inherit> <subject>Web API</subject>
	
	</requirement>
(XML Line 001956): Requirement class rc_html has no corresponding Requirement
	<requirement id="rc_html" model="ogc" obligation="requirement" type="class"><inherit><xref target="core">Conformance Class “Core”</xref></inherit><inherit><eref type="inline" bibitemid="html5" citeas="W3C html5">HTML5</eref></inherit><inherit><eref type="inline" bibitemid="schema" citeas="schema.org">Schema.org</eref></inherit> <subject>Web API</subject>
	
	</requirement>
(XML Line 001962): Requirement req_html_definition has no corresponding Conformance test
	<requirement id="req_html_definition" model="ogc" type=""><requirement id="_67d3e4cf-2d5e-c174-b9fa-bf1cd1545908" model="ogc" type=""> <description><p id="_4ff32d5a-76d3-80e3-0fa2-744157583001">Every <tt>200</tt>-response of an operation of the server SHALL support the media type <tt>text/html</tt>.</p></description>
	</requirement>
	</requirement>
(XML Line 001966): Requirement req_html_content has no corresponding Conformance test
	<requirement id="req_html_content" model="ogc" type=""><requirement id="_49a88c69-93f7-eaa9-5d68-cb0d89d2cc36" model="ogc" type=""> <description><p id="_16bcab0d-086b-21df-c347-30c55f8f4ab6">Every <tt>200</tt>-response of the server with the media type <tt>text/html</tt> SHALL be a <link target="https://www.w3.org/TR/html5/">HTML 5 document</link> that includes the following information in the HTML body:</p><ul id="_851ce90a-cbf9-751e-1175-08f1674dcd7e"><li><p id="_aa712c2c-eae8-61e9-91e2-646441a5fb79">all information identified in the schemas of the <link target="https://github.com/OAI/OpenAPI-Specification/blob/master/versions/3.0.2.md#responseObject">Response Object</link> in the HTML <tt>&lt;body&gt;</tt>, and</p>
	</li>
	<li><p id="_db7442fe-7cb8-2b8e-b202-08d2efee1539">all links in HTML <tt>&lt;a&gt;</tt> elements in the HTML <tt>&lt;body&gt;</tt>.</p>
	</li>
	</ul></description>
(XML Line 001976): Requirement _86c53786-752b-18de-b342-ceb0ccce8189 has no corresponding Conformance test
	<recommendation id="_86c53786-752b-18de-b342-ceb0ccce8189" model="ogc" type=""><recommendation id="_2ecd4ce6-c587-d601-f86f-2fc5228e5411" model="ogc" type=""> <description><p id="_29e3e2d9-6075-2786-fc97-ed99bce50e6c">A <tt>200</tt>-response with the media type <tt>text/html</tt>, SHOULD include <eref type="inline" bibitemid="schema" citeas="schema.org">Schema.org</eref> annotations.</p></description>
	</recommendation>
	</recommendation>
(XML Line 001985): Requirement class rc_geojson has no corresponding Conformance class
	<requirement id="rc_geojson" model="ogc" obligation="requirement" type="class"><inherit><xref target="core">Conformance Class “Core”</xref></inherit><inherit><eref type="inline" bibitemid="rfc7946" citeas="IETF RFC 7946">GeoJSON</eref></inherit> <subject>Web API</subject>
	
	</requirement>
(XML Line 001985): Requirement class rc_geojson has no corresponding Requirement
	<requirement id="rc_geojson" model="ogc" obligation="requirement" type="class"><inherit><xref target="core">Conformance Class “Core”</xref></inherit><inherit><eref type="inline" bibitemid="rfc7946" citeas="IETF RFC 7946">GeoJSON</eref></inherit> <subject>Web API</subject>
	
	</requirement>
(XML Line 001990): Requirement req_geojson_definition has no corresponding Conformance test
	<requirement id="req_geojson_definition" model="ogc" type=""><requirement id="_992a300f-3686-0788-6c00-fe9ac50a80d3" model="ogc" type=""> <description><p id="_eccfc686-f489-7655-106f-4226b42062aa"><tt>200</tt>-responses of the server SHALL support the following media types:</p><ul id="_00a28480-c3eb-d0b9-8e08-8b23c1f3780e"><li><p id="_b16843e7-a92b-cb72-0533-c926067ef372"><tt>application/geo+json</tt> for resources that include feature content, and</p>
	</li>
	<li><p id="_fd9f29ba-ae04-1e25-06bd-ed104e02c17d"><tt>application/json</tt> for all other resources.</p>
	</li>
	</ul></description>
(XML Line 002000): Requirement req_geojson_content has no corresponding Conformance test
	<requirement id="req_geojson_content" model="ogc" type=""><requirement id="_478cf91e-7471-0dd1-cd6d-97f28c90acb8" model="ogc" type=""> <description><p id="_486de425-2c76-992e-7b3e-fb1cc8e74a01">Every <tt>200</tt>-response with the media type <tt>application/geo+json</tt> SHALL be</p><ul id="_58c47554-2f5e-f183-5924-e29e7f985da5"><li><p id="_b166b0cc-7c57-8b02-a5c5-6841d4a0f96a">a <link target="https://tools.ietf.org/html/rfc7946#section-3.3">GeoJSON FeatureCollection Object</link> for features, and</p>
	</li>
	<li><p id="_fc61bc84-2def-78b9-edc5-b4c7ee0d708d">a <link target="https://tools.ietf.org/html/rfc7946#section-3.2">GeoJSON Feature Object</link> for a single feature.</p>
	</li>
	</ul></description>
(XML Line 002116): Requirement class rc_gmlsf0 has no corresponding Conformance class
	<requirement id="rc_gmlsf0" model="ogc" obligation="requirement" type="class"><inherit><xref target="core">Conformance Class “Core”</xref></inherit><inherit><eref type="inline" bibitemid="gmlsf" citeas="OGC 10-100r3">Geography Markup Language (GML), Simple Features Profile, Level 0</eref></inherit> <subject>Web API</subject>
	
	</requirement>
(XML Line 002116): Requirement class rc_gmlsf0 has no corresponding Requirement
	<requirement id="rc_gmlsf0" model="ogc" obligation="requirement" type="class"><inherit><xref target="core">Conformance Class “Core”</xref></inherit><inherit><eref type="inline" bibitemid="gmlsf" citeas="OGC 10-100r3">Geography Markup Language (GML), Simple Features Profile, Level 0</eref></inherit> <subject>Web API</subject>
	
	</requirement>
(XML Line 002121): Requirement req_gmlsf0_definition has no corresponding Conformance test
	<requirement id="req_gmlsf0_definition" model="ogc" type=""><requirement id="_1a5f18b4-a302-3196-ac47-607866e727b2" model="ogc" type=""> <description><p id="_d1707dc7-b0f7-126f-aca9-1e0275db1182"><tt>200</tt>-responses of the server SHALL support the following media types:</p><ul id="_2ac84d6b-b6e2-27df-daeb-98dac0e24afd"><li><p id="_e1bac725-947c-a407-b3e9-fcf779a57203"><tt>application/gml+xml; version=3.2; profile=http://www.opengis.net/def/profile/ogc/2.0/gml-sf0</tt> for resources that include feature content,</p>
	</li>
	<li><p id="_4f3f0e6c-6df8-5699-f4f0-01a76ddf826d"><tt>application/xml</tt> for all other resources.</p>
	</li>
	</ul></description>
(XML Line 002131): Requirement req_gmlsf0_content has no corresponding Conformance test
	<requirement id="req_gmlsf0_content" model="ogc" type=""><requirement id="_7dd82ff8-0866-8175-2e10-953276e3e06d" model="ogc" type=""> <description><p id="_88f12685-da6e-70e3-a41c-191ed76ce070"><xref target="table3"/> specifies the XML document root element that the server SHALL return in a <tt>200</tt>-response for each resource.</p></description>
	</requirement>
	
	<requirement id="_eb6e17f8-86ec-e9aa-1f0d-82d8146ed94e" model="ogc" type=""> <description><p id="_71ad5ddf-02db-7544-cf86-af9028c2f039">Every representation of a feature SHALL conform to the <eref type="inline" bibitemid="gmlsf" citeas="OGC 10-100r3">GML Simple Features Profile, Level 0</eref> and be substitutable for <tt>gml:AbstractFeature</tt>.</p></description>
	</requirement>
(XML Line 002141): Requirement _3c83204a-3430-cc00-545f-4d7c99ec1162 has no corresponding Conformance test
	<requirement id="_3c83204a-3430-cc00-545f-4d7c99ec1162" model="ogc" type=""><requirement id="_c2c6cd13-c72f-f17f-4036-a7c61130e4f1" model="ogc" type=""> <description><p id="_463b91d4-fe76-8c8c-39a7-0e63cecc9d76">If a property <tt>timeStamp</tt> is included in the response, its value SHALL be reported using the HTTP header named <tt>Date</tt> (see <eref type="inline" bibitemid="rfc2616" citeas="IETF RFC 2616">RFC 2616, 4.5</eref>).</p></description>
	</requirement>
	
	<requirement id="_27335004-08ae-7762-2a0c-9daa90cadbd7" model="ogc" type=""> <description><p id="_9ca167fe-c49c-10ad-af98-efc894d52731">If a property <tt>numberMatched</tt> is included in the response, its value SHALL be reported using an HTTP header named <tt>OGC-NumberMatched</tt>.</p></description>
	</requirement>
(XML Line 002204): Requirement class rc_gmlsf2 has no corresponding Conformance class
	<requirement id="rc_gmlsf2" model="ogc" obligation="requirement" type="class"><inherit><xref target="core">Conformance Class “Core”</xref></inherit><inherit><eref type="inline" bibitemid="gmlsf" citeas="OGC 10-100r3">Geography Markup Language (GML), Simple Features Profile, Level 2</eref></inherit> <subject>Web API</subject>
	
	</requirement>
(XML Line 002204): Requirement class rc_gmlsf2 has no corresponding Requirement
	<requirement id="rc_gmlsf2" model="ogc" obligation="requirement" type="class"><inherit><xref target="core">Conformance Class “Core”</xref></inherit><inherit><eref type="inline" bibitemid="gmlsf" citeas="OGC 10-100r3">Geography Markup Language (GML), Simple Features Profile, Level 2</eref></inherit> <subject>Web API</subject>
	
	</requirement>
(XML Line 002209): Requirement req_gmlsf2_definition has no corresponding Conformance test
	<requirement id="req_gmlsf2_definition" model="ogc" type=""><requirement id="_54240beb-c571-6a3e-0197-b332a28947ba" model="ogc" type=""> <description><p id="_ea7dea38-4795-3cca-42ac-ae9b3fb65b39"><tt>200</tt>-responses of the server SHALL support the following media types:</p><ul id="_8757dacf-9db0-ef04-92cb-391efb5121ec"><li><p id="_eaad906b-4232-81f0-c62f-7356b8954c3b"><tt>application/gml+xml; version=3.2; profile=http://www.opengis.net/def/profile/ogc/2.0/gml-sf2</tt> for resources that include feature content,</p>
	</li>
	<li><p id="_9f9e842b-3cbc-ccdc-eae1-4882822884b3"><tt>application/xml</tt> for all other resources.</p>
	</li>
	</ul></description>
(XML Line 002219): Requirement req_gmlsf2_content has no corresponding Conformance test
	<requirement id="req_gmlsf2_content" model="ogc" type=""><requirement id="_a51386be-2f6f-91ed-2620-ada7418d5d4f" model="ogc" type=""> <description><p id="_c7ab4b7f-55f0-1f1e-8514-3c93dc040758">The <xref target="req_gmlsf0_content">requirement <tt>/req/gmlsf0/content</tt></xref> applies, too, with the following changes:</p><ul id="_59a3dc45-5b89-52f5-7006-f9a515212959"><li><p id="_b15e27ba-68c8-1998-2489-ed395e58d3c1">All references to media type <tt>application/gml+xml; version=3.2; profile=http://www.opengis.net/def/profile/ogc/2.0/gml-sf0</tt> are replaced by <tt>application/gml+xml; version=3.2; profile=http://www.opengis.net/def/profile/ogc/2.0/gml-sf2</tt>.</p>
	</li>
	<li><p id="_cb867a09-cb3d-7519-a283-5eced66d0c4d">All references to “GML Simple Features Profile, Level 0” are replaced by “GML Simple Features Profile, Level 2”.</p>
	</li>
	</ul></description>
(XML Line 002229): Requirement _00850a1d-a9e3-0a9a-70a5-dbe9d45b3bb2 has no corresponding Conformance test
	<requirement id="_00850a1d-a9e3-0a9a-70a5-dbe9d45b3bb2" model="ogc" type=""><requirement id="_a07a7d59-3dad-1781-3053-9676f6449de9" model="ogc" type=""> <description><p id="_08cbbf00-e5c7-8a2c-b6f8-955d87593192">The <xref target="req_gmlsf0_content">requirement <tt>/req/gmlsf0/content</tt></xref> applies.</p></description>
	</requirement>
	</requirement>
(XML Line 002241): Requirement class rc_oas30 has no corresponding Conformance class
	<requirement id="rc_oas30" model="ogc" obligation="requirement" type="class"><inherit><xref target="core">Conformance Class “Core”</xref></inherit><inherit><eref type="inline" bibitemid="openapi" citeas="OpenAPI Specification, version 3.0">OpenAPI Specification 3.0.2</eref></inherit> <subject>Web API</subject>
	
	</requirement>
(XML Line 002241): Requirement class rc_oas30 has no corresponding Requirement
	<requirement id="rc_oas30" model="ogc" obligation="requirement" type="class"><inherit><xref target="core">Conformance Class “Core”</xref></inherit><inherit><eref type="inline" bibitemid="openapi" citeas="OpenAPI Specification, version 3.0">OpenAPI Specification 3.0.2</eref></inherit> <subject>Web API</subject>
	
	</requirement>
(XML Line 002246): Requirement req_oas30_oas_definition_1 has no corresponding Conformance test
	<requirement id="req_oas30_oas_definition_1" model="ogc" type=""><requirement id="_67a03c9f-7e99-ecc1-23b9-c99c3c820404" model="ogc" type=""> <description><p id="_b4ae9a78-c50f-314b-155e-bd04ee07d065">An OpenAPI definition in JSON using the media type <tt>application/vnd.oai.openapi+json;version=3.0</tt> and a HTML version of the API definition using the media type <tt>text/html</tt> SHALL be available.</p></description>
	</requirement>
	</requirement>
(XML Line 002252): Requirement req_oas30_oas_definition_2 has no corresponding Conformance test
	<requirement id="req_oas30_oas_definition_2" model="ogc" type=""><requirement id="_4bf1039f-b219-e6c5-73ac-39ce779fa115" model="ogc" type=""> <description><p id="_aace077a-a1c0-eba0-0f9a-c34bd8f5ad10">The JSON representation SHALL conform to the <eref type="inline" bibitemid="openapi" citeas="OpenAPI Specification, version 3.0">OpenAPI Specification, version 3.0</eref>.</p></description>
	</requirement>
	</requirement>
(XML Line 002258): Requirement req_oas30_oas_impl has no corresponding Conformance test
	<requirement id="req_oas30_oas_impl" model="ogc" type=""><requirement id="_a7864fbc-204c-9d83-274b-58aa3551b0e7" model="ogc" type=""> <description><p id="_a407be4c-f2e7-03c6-db19-8811394c174e">The server SHALL implement all capabilities specified in the OpenAPI definition.</p></description>
	</requirement>
	</requirement>
(XML Line 002265): Requirement req_oas30_completeness has no corresponding Conformance test
	<requirement id="req_oas30_completeness" model="ogc" type=""><requirement id="_1c666263-8016-eeea-3072-abfc4c7fd678" model="ogc" type=""> <description><p id="_d54259b9-610a-6f22-d847-8c98b0eee4de">The OpenAPI definition SHALL specify for each operation all <link target="https://github.com/OAI/OpenAPI-Specification/blob/master/versions/3.0.0.md#httpCodes">HTTP Status Codes</link> and <link target="https://github.com/OAI/OpenAPI-Specification/blob/master/versions/3.0.0.md#responseObject">Response Objects</link> that the server uses in responses.</p></description>
	</requirement>
	
	<requirement id="_0b07f405-b35a-103f-67e9-02f216a8f198" model="ogc" type=""> <description><p id="_f3b7d13d-643f-4ba1-e68c-368280ad2305">This includes the successful execution of an operation as well as all error situations that originate from the server.</p></description>
	</requirement>
(XML Line 002279): Requirement req_oas30_exceptions_codes has no corresponding Conformance test
	<requirement id="req_oas30_exceptions_codes" model="ogc" type=""><requirement id="_9d69ab4c-b617-bc2b-05db-4660e41d4de9" model="ogc" type=""> <description><p id="_188cab42-d1a4-cd1f-470e-e46a43d08c9e">For error situations that originate from the server, the API definition SHALL cover all applicable HTTP Status Codes.</p></description>
	</requirement>
	</requirement>
(XML Line 002299): Requirement req_oas30_security has no corresponding Conformance test
	<requirement id="req_oas30_security" model="ogc" type=""><requirement id="_4a01a12b-525a-ed89-9cfd-f4d9f1189c82" model="ogc" type=""> <description><p id="_f59556cc-7004-2d29-fa27-1888c99d89a8">For cases, where the operations of the server are access-controlled, the security scheme(s) SHALL be documented in the OpenAPI definition.</p></description>
	</requirement>
	</requirement>
(XML Line 002318): Requirement _aaffab91-d86c-6b6e-b4af-dae1a5e2bec4 has no corresponding Conformance test
	<recommendation id="_aaffab91-d86c-6b6e-b4af-dae1a5e2bec4" model="ogc" type=""><recommendation id="_62e578ce-6d4d-b951-65f9-df20785aca38" model="ogc" type=""> <description><p id="_4c0eae2d-0e48-58be-af23-f9d272c3d405">The schema for the Response Objects of the HTTP GET operation for features SHOULD include key feature properties of the features in that feature collection.</p><p id="_7667852d-0814-461f-25fb-2697f9ee0edf">This is particularly helpful if filter parameters are defined for the collection (see recommendation <tt>/rec/core/fc-filters</tt>).</p></description>
	</recommendation>
	</recommendation>
(XML Line 002432): Conformance class _9d0760b8-2b5f-9d74-8835-644445da34f6 has no corresponding Requirement class
	<requirement id="_9d0760b8-2b5f-9d74-8835-644445da34f6" model="ogc" type="conformanceclass"> <subject>Web API</subject>
	</requirement>
(XML Line 002432): Conformance class _9d0760b8-2b5f-9d74-8835-644445da34f6 has no corresponding Conformance test
	<requirement id="_9d0760b8-2b5f-9d74-8835-644445da34f6" model="ogc" type="conformanceclass"> <subject>Web API</subject>
	</requirement>
(XML Line 003075): Conformance class _c13d4ba7-2c0e-9919-3dc1-bade82bc147f has no corresponding Requirement class
	<requirement id="_c13d4ba7-2c0e-9919-3dc1-bade82bc147f" model="ogc" type="conformanceclass"> <subject>Web API</subject>
	</requirement>
(XML Line 003075): Conformance class _c13d4ba7-2c0e-9919-3dc1-bade82bc147f has no corresponding Conformance test
	<requirement id="_c13d4ba7-2c0e-9919-3dc1-bade82bc147f" model="ogc" type="conformanceclass"> <subject>Web API</subject>
	</requirement>
(XML Line 003121): Conformance class _d9a5c758-3243-6a6c-67ed-10f4bbf60457 has no corresponding Requirement class
	<requirement id="_d9a5c758-3243-6a6c-67ed-10f4bbf60457" model="ogc" type="conformanceclass"> <subject>Web API</subject>
	</requirement>
(XML Line 003121): Conformance class _d9a5c758-3243-6a6c-67ed-10f4bbf60457 has no corresponding Conformance test
	<requirement id="_d9a5c758-3243-6a6c-67ed-10f4bbf60457" model="ogc" type="conformanceclass"> <subject>Web API</subject>
	</requirement>
(XML Line 003159): Conformance class _a549d441-95cc-3657-6275-9deb9340a007 has no corresponding Requirement class
	<requirement id="_a549d441-95cc-3657-6275-9deb9340a007" model="ogc" type="conformanceclass"> <subject>Web API</subject>
	</requirement>
(XML Line 003159): Conformance class _a549d441-95cc-3657-6275-9deb9340a007 has no corresponding Conformance test
	<requirement id="_a549d441-95cc-3657-6275-9deb9340a007" model="ogc" type="conformanceclass"> <subject>Web API</subject>
	</requirement>
(XML Line 003197): Conformance class _0334d93c-3a12-0835-01a0-454159ab1505 has no corresponding Requirement class
	<requirement id="_0334d93c-3a12-0835-01a0-454159ab1505" model="ogc" type="conformanceclass"> <subject>Web API</subject>
	</requirement>
(XML Line 003197): Conformance class _0334d93c-3a12-0835-01a0-454159ab1505 has no corresponding Conformance test
	<requirement id="_0334d93c-3a12-0835-01a0-454159ab1505" model="ogc" type="conformanceclass"> <subject>Web API</subject>
	</requirement>
(XML Line 003233): Conformance class _586680c0-6318-6d81-3f99-81df5ba86d7d has no corresponding Requirement class
	<requirement id="_586680c0-6318-6d81-3f99-81df5ba86d7d" model="ogc" type="conformanceclass"> <subject>Web API</subject>
	</requirement>
(XML Line 003233): Conformance class _586680c0-6318-6d81-3f99-81df5ba86d7d has no corresponding Conformance test
	<requirement id="_586680c0-6318-6d81-3f99-81df5ba86d7d" model="ogc" type="conformanceclass"> <subject>Web API</subject>
	</requirement>


== Metanorma XML Syntax

(XML Line 000308:91): element "clause" not allowed here; expected the element end-tag or element "submitters"
(XML Line 000731:557): element "subject" not allowed here; expected the element end-tag or element "classification", "component", "description", "import", "inherit", "measurement-target", "permission", "recommendation", "references", "requirement", "specification" or "verification"
(XML Line 001975:340): element "subject" not allowed here; expected the element end-tag or element "classification", "component", "description", "import", "inherit", "measurement-target", "permission", "recommendation", "references", "requirement", "specification" or "verification"
(XML Line 002000:256): element "subject" not allowed here; expected the element end-tag or element "classification", "component", "description", "import", "inherit", "measurement-target", "permission", "recommendation", "references", "requirement", "specification" or "verification"
(XML Line 002126:310): element "subject" not allowed here; expected the element end-tag or element "classification", "component", "description", "import", "inherit", "measurement-target", "permission", "recommendation", "references", "requirement", "specification" or "verification"
(XML Line 002211:310): element "subject" not allowed here; expected the element end-tag or element "classification", "component", "description", "import", "inherit", "measurement-target", "permission", "recommendation", "references", "requirement", "specification" or "verification"
(XML Line 002243:295): element "subject" not allowed here; expected the element end-tag or element "classification", "component", "description", "import", "inherit", "measurement-target", "permission", "recommendation", "references", "requirement", "specification" or "verification"
(XML Line 002985:14): element "description" not allowed here; expected the element end-tag or element "permission", "recommendation" or "requirement"
(XML Line 003205:95): value of attribute "obligation" is invalid; must be equal to "informative" or "normative"
(XML Line 003297:35): element "docidentifier" not allowed yet; missing required element "title"
(XML Line 003300:35): element "docidentifier" not allowed yet; missing required element "title"
(XML Line 003498:180): element "docidentifier" not allowed yet; missing required element "title"
(XML Line 003543:136): element "docidentifier" not allowed yet; missing required element "title"
