PDF isn't valid PDF/UA-1:
ValidationResult [flavour=ua1, totalAssertions=838008, assertions=[
TestAssertion [ruleId=RuleId [specification=ISO 14289-1:2014, clause=7.2, testNumber=26], status=failed,
message=TOCI element should be contained in TOC element,
location=Location [level=CosDocument, context=root/document[0]/StructTreeRoot[0](6478 0 obj PDStructTreeRoot)/K[0](6480 0 obj SEDocument Document)/K[2](6499 0 obj SEPart Part)/K[0](6566 0 obj SESect Sect)/K[1](6568 0 obj SEDiv Div)/K[0](6570 0 obj SEDiv Div)/K[3](6579 0 obj SETOCI TOCI)], locationContext=null, errorMessage=null], 
TestAssertion [ruleId=RuleId [specification=ISO 14289-1:2014, clause=7.2, testNumber=26], status=failed,
message=TOCI element should be contained in TOC element,
location=Location [level=CosDocument, context=root/document[0]/StructTreeRoot[0](6478 0 obj PDStructTreeRoot)/K[0](6480 0 obj SEDocument Document)/K[2](6499 0 obj SEPart Part)/K[0](6566 0 obj SESect Sect)/K[1](6568 0 obj SEDiv Div)/K[0](6570 0 obj SEDiv Div)/K[4](6580 0 obj SETOCI TOCI)], locationContext=null, errorMessage=null], 
TestAssertion [ruleId=RuleId [specification=ISO 14289-1:2014, clause=7.2, testNumber=26], status=failed,
message=TOCI element should be contained in TOC element,
location=Location [level=CosDocument, context=root/document[0]/StructTreeRoot[0](6478 0 obj PDStructTreeRoot)/K[0](6480 0 obj SEDocument Document)/K[2](6499 0 obj SEPart Part)/K[0](6566 0 obj SESect Sect)/K[1](6568 0 obj SEDiv Div)/K[0](6570 0 obj SEDiv Div)/K[5](6581 0 obj SETOCI TOCI)], locationContext=null, errorMessage=null], 
TestAssertion [ruleId=RuleId [specification=ISO 14289-1:2014, clause=7.2, testNumber=26], status=failed,
message=TOCI element should be contained in TOC element,
location=Location [level=CosDocument, context=root/document[0]/StructTreeRoot[0](6478 0 obj PDStructTreeRoot)/K[0](6480 0 obj SEDocument Document)/K[2](6499 0 obj SEPart Part)/K[0](6566 0 obj SESect Sect)/K[1](6568 0 obj SEDiv Div)/K[0](6570 0 obj SEDiv Div)/K[6](6582 0 obj SETOCI TOCI)], locationContext=null, errorMessage=null], 
TestAssertion [ruleId=RuleId [specification=ISO 14289-1:2014, clause=7.2, testNumber=26], status=failed,
message=TOCI element should be contained in TOC element,
location=Location [level=CosDocument, context=root/document[0]/StructTreeRoot[0](6478 0 obj PDStructTreeRoot)/K[0](6480 0 obj SEDocument Document)/K[2](6499 0 obj SEPart Part)/K[0](6566 0 obj SESect Sect)/K[1](6568 0 obj SEDiv Div)/K[0](6570 0 obj SEDiv Div)/K[7](6583 0 obj SETOCI TOCI)], locationContext=null, errorMessage=null], 
TestAssertion [ruleId=RuleId [specification=ISO 14289-1:2014, clause=7.2, testNumber=26], status=failed,
message=TOCI element should be contained in TOC element,
location=Location [level=CosDocument, context=root/document[0]/StructTreeRoot[0](6478 0 obj PDStructTreeRoot)/K[0](6480 0 obj SEDocument Document)/K[2](6499 0 obj SEPart Part)/K[0](6566 0 obj SESect Sect)/K[1](6568 0 obj SEDiv Div)/K[0](6570 0 obj SEDiv Div)/K[8](6584 0 obj SETOCI TOCI)], locationContext=null, errorMessage=null], 
TestAssertion [ruleId=RuleId [specification=ISO 14289-1:2014, clause=7.2, testNumber=26], status=failed,
message=TOCI element should be contained in TOC element,
location=Location [level=CosDocument, context=root/document[0]/StructTreeRoot[0](6478 0 obj PDStructTreeRoot)/K[0](6480 0 obj SEDocument Document)/K[2](6499 0 obj SEPart Part)/K[0](6566 0 obj SESect Sect)/K[1](6568 0 obj SEDiv Div)/K[0](6570 0 obj SEDiv Div)/K[9](6585 0 obj SETOCI TOCI)], locationContext=null, errorMessage=null], 
TestAssertion [ruleId=RuleId [specification=ISO 14289-1:2014, clause=7.2, testNumber=26], status=failed,
message=TOCI element should be contained in TOC element,
location=Location [level=CosDocument, context=root/document[0]/StructTreeRoot[0](6478 0 obj PDStructTreeRoot)/K[0](6480 0 obj SEDocument Document)/K[2](6499 0 obj SEPart Part)/K[0](6566 0 obj SESect Sect)/K[1](6568 0 obj SEDiv Div)/K[0](6570 0 obj SEDiv Div)/K[11](6587 0 obj SETOCI TOCI)], locationContext=null, errorMessage=null], 
TestAssertion [ruleId=RuleId [specification=ISO 14289-1:2014, clause=7.2, testNumber=26], status=failed,
message=TOCI element should be contained in TOC element,
location=Location [level=CosDocument, context=root/document[0]/StructTreeRoot[0](6478 0 obj PDStructTreeRoot)/K[0](6480 0 obj SEDocument Document)/K[2](6499 0 obj SEPart Part)/K[0](6566 0 obj SESect Sect)/K[1](6568 0 obj SEDiv Div)/K[0](6570 0 obj SEDiv Div)/K[12](6588 0 obj SETOCI TOCI)], locationContext=null, errorMessage=null], 
TestAssertion [ruleId=RuleId [specification=ISO 14289-1:2014, clause=7.2, testNumber=26], status=failed,
message=TOCI element should be contained in TOC element,
location=Location [level=CosDocument, context=root/document[0]/StructTreeRoot[0](6478 0 obj PDStructTreeRoot)/K[0](6480 0 obj SEDocument Document)/K[2](6499 0 obj SEPart Part)/K[0](6566 0 obj SESect Sect)/K[1](6568 0 obj SEDiv Div)/K[0](6570 0 obj SEDiv Div)/K[13](6589 0 obj SETOCI TOCI)], locationContext=null, errorMessage=null], 
TestAssertion [ruleId=RuleId [specification=ISO 14289-1:2014, clause=7.2, testNumber=26], status=failed,
message=TOCI element should be contained in TOC element,
location=Location [level=CosDocument, context=root/document[0]/StructTreeRoot[0](6478 0 obj PDStructTreeRoot)/K[0](6480 0 obj SEDocument Document)/K[2](6499 0 obj SEPart Part)/K[0](6566 0 obj SESect Sect)/K[1](6568 0 obj SEDiv Div)/K[0](6570 0 obj SEDiv Div)/K[14](6590 0 obj SETOCI TOCI)], locationContext=null, errorMessage=null], 
TestAssertion [ruleId=RuleId [specification=ISO 14289-1:2014, clause=7.2, testNumber=26], status=failed,
message=TOCI element should be contained in TOC element,
location=Location [level=CosDocument, context=root/document[0]/StructTreeRoot[0](6478 0 obj PDStructTreeRoot)/K[0](6480 0 obj SEDocument Document)/K[2](6499 0 obj SEPart Part)/K[0](6566 0 obj SESect Sect)/K[1](6568 0 obj SEDiv Div)/K[0](6570 0 obj SEDiv Div)/K[15](6591 0 obj SETOCI TOCI)], locationContext=null, errorMessage=null], 
TestAssertion [ruleId=RuleId [specification=ISO 14289-1:2014, clause=7.2, testNumber=26], status=failed,
message=TOCI element should be contained in TOC element,
location=Location [level=CosDocument, context=root/document[0]/StructTreeRoot[0](6478 0 obj PDStructTreeRoot)/K[0](6480 0 obj SEDocument Document)/K[2](6499 0 obj SEPart Part)/K[0](6566 0 obj SESect Sect)/K[1](6568 0 obj SEDiv Div)/K[0](6570 0 obj SEDiv Div)/K[16](6592 0 obj SETOCI TOCI)], locationContext=null, errorMessage=null], 
TestAssertion [ruleId=RuleId [specification=ISO 14289-1:2014, clause=7.2, testNumber=26], status=failed,
message=TOCI element should be contained in TOC element,
location=Location [level=CosDocument, context=root/document[0]/StructTreeRoot[0](6478 0 obj PDStructTreeRoot)/K[0](6480 0 obj SEDocument Document)/K[2](6499 0 obj SEPart Part)/K[0](6566 0 obj SESect Sect)/K[1](6568 0 obj SEDiv Div)/K[0](6570 0 obj SEDiv Div)/K[17](6593 0 obj SETOCI TOCI)], locationContext=null, errorMessage=null], 
TestAssertion [ruleId=RuleId [specification=ISO 14289-1:2014, clause=7.2, testNumber=26], status=failed,
message=TOCI element should be contained in TOC element,
location=Location [level=CosDocument, context=root/document[0]/StructTreeRoot[0](6478 0 obj PDStructTreeRoot)/K[0](6480 0 obj SEDocument Document)/K[2](6499 0 obj SEPart Part)/K[0](6566 0 obj SESect Sect)/K[1](6568 0 obj SEDiv Div)/K[0](6570 0 obj SEDiv Div)/K[18](6594 0 obj SETOCI TOCI)], locationContext=null, errorMessage=null], 
TestAssertion [ruleId=RuleId [specification=ISO 14289-1:2014, clause=7.2, testNumber=26], status=failed,
message=TOCI element should be contained in TOC element,
location=Location [level=CosDocument, context=root/document[0]/StructTreeRoot[0](6478 0 obj PDStructTreeRoot)/K[0](6480 0 obj SEDocument Document)/K[2](6499 0 obj SEPart Part)/K[0](6566 0 obj SESect Sect)/K[1](6568 0 obj SEDiv Div)/K[0](6570 0 obj SEDiv Div)/K[19](6595 0 obj SETOCI TOCI)], locationContext=null, errorMessage=null], 
TestAssertion [ruleId=RuleId [specification=ISO 14289-1:2014, clause=7.2, testNumber=26], status=failed,
message=TOCI element should be contained in TOC element,
location=Location [level=CosDocument, context=root/document[0]/StructTreeRoot[0](6478 0 obj PDStructTreeRoot)/K[0](6480 0 obj SEDocument Document)/K[2](6499 0 obj SEPart Part)/K[0](6566 0 obj SESect Sect)/K[1](6568 0 obj SEDiv Div)/K[0](6570 0 obj SEDiv Div)/K[20](6596 0 obj SETOCI TOCI)], locationContext=null, errorMessage=null], 
TestAssertion [ruleId=RuleId [specification=ISO 14289-1:2014, clause=7.2, testNumber=26], status=failed,
message=TOCI element should be contained in TOC element,
location=Location [level=CosDocument, context=root/document[0]/StructTreeRoot[0](6478 0 obj PDStructTreeRoot)/K[0](6480 0 obj SEDocument Document)/K[2](6499 0 obj SEPart Part)/K[0](6566 0 obj SESect Sect)/K[1](6568 0 obj SEDiv Div)/K[0](6570 0 obj SEDiv Div)/K[21](6597 0 obj SETOCI TOCI)], locationContext=null, errorMessage=null], 
TestAssertion [ruleId=RuleId [specification=ISO 14289-1:2014, clause=7.2, testNumber=26], status=failed,
message=TOCI element should be contained in TOC element,
location=Location [level=CosDocument, context=root/document[0]/StructTreeRoot[0](6478 0 obj PDStructTreeRoot)/K[0](6480 0 obj SEDocument Document)/K[2](6499 0 obj SEPart Part)/K[0](6566 0 obj SESect Sect)/K[1](6568 0 obj SEDiv Div)/K[0](6570 0 obj SEDiv Div)/K[22](6598 0 obj SETOCI TOCI)], locationContext=null, errorMessage=null], 
TestAssertion [ruleId=RuleId [specification=ISO 14289-1:2014, clause=7.2, testNumber=26], status=failed,
message=TOCI element should be contained in TOC element,
location=Location [level=CosDocument, context=root/document[0]/StructTreeRoot[0](6478 0 obj PDStructTreeRoot)/K[0](6480 0 obj SEDocument Document)/K[2](6499 0 obj SEPart Part)/K[0](6566 0 obj SESect Sect)/K[1](6568 0 obj SEDiv Div)/K[0](6570 0 obj SEDiv Div)/K[23](6599 0 obj SETOCI TOCI)], locationContext=null, errorMessage=null], 
TestAssertion [ruleId=RuleId [specification=ISO 14289-1:2014, clause=7.2, testNumber=26], status=failed,
message=TOCI element should be contained in TOC element,
location=Location [level=CosDocument, context=root/document[0]/StructTreeRoot[0](6478 0 obj PDStructTreeRoot)/K[0](6480 0 obj SEDocument Document)/K[2](6499 0 obj SEPart Part)/K[0](6566 0 obj SESect Sect)/K[1](6568 0 obj SEDiv Div)/K[0](6570 0 obj SEDiv Div)/K[24](6600 0 obj SETOCI TOCI)], locationContext=null, errorMessage=null], 
TestAssertion [ruleId=RuleId [specification=ISO 14289-1:2014, clause=7.2, testNumber=26], status=failed,
message=TOCI element should be contained in TOC element,
location=Location [level=CosDocument, context=root/document[0]/StructTreeRoot[0](6478 0 obj PDStructTreeRoot)/K[0](6480 0 obj SEDocument Document)/K[2](6499 0 obj SEPart Part)/K[0](6566 0 obj SESect Sect)/K[1](6568 0 obj SEDiv Div)/K[0](6570 0 obj SEDiv Div)/K[25](6601 0 obj SETOCI TOCI)], locationContext=null, errorMessage=null], 
TestAssertion [ruleId=RuleId [specification=ISO 14289-1:2014, clause=7.2, testNumber=26], status=failed,
message=TOCI element should be contained in TOC element,
location=Location [level=CosDocument, context=root/document[0]/StructTreeRoot[0](6478 0 obj PDStructTreeRoot)/K[0](6480 0 obj SEDocument Document)/K[2](6499 0 obj SEPart Part)/K[0](6566 0 obj SESect Sect)/K[1](6568 0 obj SEDiv Div)/K[0](6570 0 obj SEDiv Div)/K[26](6602 0 obj SETOCI TOCI)], locationContext=null, errorMessage=null], 
TestAssertion [ruleId=RuleId [specification=ISO 14289-1:2014, clause=7.2, testNumber=26], status=failed,
message=TOCI element should be contained in TOC element,
location=Location [level=CosDocument, context=root/document[0]/StructTreeRoot[0](6478 0 obj PDStructTreeRoot)/K[0](6480 0 obj SEDocument Document)/K[2](6499 0 obj SEPart Part)/K[0](6566 0 obj SESect Sect)/K[1](6568 0 obj SEDiv Div)/K[0](6570 0 obj SEDiv Div)/K[27](6603 0 obj SETOCI TOCI)], locationContext=null, errorMessage=null], 
TestAssertion [ruleId=RuleId [specification=ISO 14289-1:2014, clause=7.2, testNumber=26], status=failed,
message=TOCI element should be contained in TOC element,
location=Location [level=CosDocument, context=root/document[0]/StructTreeRoot[0](6478 0 obj PDStructTreeRoot)/K[0](6480 0 obj SEDocument Document)/K[2](6499 0 obj SEPart Part)/K[0](6566 0 obj SESect Sect)/K[1](6568 0 obj SEDiv Div)/K[0](6570 0 obj SEDiv Div)/K[28](6604 0 obj SETOCI TOCI)], locationContext=null, errorMessage=null], 
TestAssertion [ruleId=RuleId [specification=ISO 14289-1:2014, clause=7.2, testNumber=26], status=failed,
message=TOCI element should be contained in TOC element,
location=Location [level=CosDocument, context=root/document[0]/StructTreeRoot[0](6478 0 obj PDStructTreeRoot)/K[0](6480 0 obj SEDocument Document)/K[2](6499 0 obj SEPart Part)/K[0](6566 0 obj SESect Sect)/K[1](6568 0 obj SEDiv Div)/K[0](6570 0 obj SEDiv Div)/K[29](6605 0 obj SETOCI TOCI)], locationContext=null, errorMessage=null], 
TestAssertion [ruleId=RuleId [specification=ISO 14289-1:2014, clause=7.2, testNumber=26], status=failed,
message=TOCI element should be contained in TOC element,
location=Location [level=CosDocument, context=root/document[0]/StructTreeRoot[0](6478 0 obj PDStructTreeRoot)/K[0](6480 0 obj SEDocument Document)/K[2](6499 0 obj SEPart Part)/K[0](6566 0 obj SESect Sect)/K[1](6568 0 obj SEDiv Div)/K[0](6570 0 obj SEDiv Div)/K[30](6606 0 obj SETOCI TOCI)], locationContext=null, errorMessage=null], 
TestAssertion [ruleId=RuleId [specification=ISO 14289-1:2014, clause=7.2, testNumber=26], status=failed,
message=TOCI element should be contained in TOC element,
location=Location [level=CosDocument, context=root/document[0]/StructTreeRoot[0](6478 0 obj PDStructTreeRoot)/K[0](6480 0 obj SEDocument Document)/K[2](6499 0 obj SEPart Part)/K[0](6566 0 obj SESect Sect)/K[1](6568 0 obj SEDiv Div)/K[0](6570 0 obj SEDiv Div)/K[31](6607 0 obj SETOCI TOCI)], locationContext=null, errorMessage=null], 
TestAssertion [ruleId=RuleId [specification=ISO 14289-1:2014, clause=7.2, testNumber=26], status=failed,
message=TOCI element should be contained in TOC element,
location=Location [level=CosDocument, context=root/document[0]/StructTreeRoot[0](6478 0 obj PDStructTreeRoot)/K[0](6480 0 obj SEDocument Document)/K[2](6499 0 obj SEPart Part)/K[0](6566 0 obj SESect Sect)/K[1](6568 0 obj SEDiv Div)/K[0](6570 0 obj SEDiv Div)/K[32](6608 0 obj SETOCI TOCI)], locationContext=null, errorMessage=null], 
TestAssertion [ruleId=RuleId [specification=ISO 14289-1:2014, clause=7.2, testNumber=26], status=failed,
message=TOCI element should be contained in TOC element,
location=Location [level=CosDocument, context=root/document[0]/StructTreeRoot[0](6478 0 obj PDStructTreeRoot)/K[0](6480 0 obj SEDocument Document)/K[2](6499 0 obj SEPart Part)/K[0](6566 0 obj SESect Sect)/K[1](6568 0 obj SEDiv Div)/K[0](6570 0 obj SEDiv Div)/K[33](6609 0 obj SETOCI TOCI)], locationContext=null, errorMessage=null], 
TestAssertion [ruleId=RuleId [specification=ISO 14289-1:2014, clause=7.2, testNumber=26], status=failed,
message=TOCI element should be contained in TOC element,
location=Location [level=CosDocument, context=root/document[0]/StructTreeRoot[0](6478 0 obj PDStructTreeRoot)/K[0](6480 0 obj SEDocument Document)/K[2](6499 0 obj SEPart Part)/K[0](6566 0 obj SESect Sect)/K[1](6568 0 obj SEDiv Div)/K[0](6570 0 obj SEDiv Div)/K[34](6610 0 obj SETOCI TOCI)], locationContext=null, errorMessage=null], 
TestAssertion [ruleId=RuleId [specification=ISO 14289-1:2014, clause=7.2, testNumber=26], status=failed,
message=TOCI element should be contained in TOC element,
location=Location [level=CosDocument, context=root/document[0]/StructTreeRoot[0](6478 0 obj PDStructTreeRoot)/K[0](6480 0 obj SEDocument Document)/K[2](6499 0 obj SEPart Part)/K[0](6566 0 obj SESect Sect)/K[1](6568 0 obj SEDiv Div)/K[0](6570 0 obj SEDiv Div)/K[35](6611 0 obj SETOCI TOCI)], locationContext=null, errorMessage=null], 
TestAssertion [ruleId=RuleId [specification=ISO 14289-1:2014, clause=7.2, testNumber=26], status=failed,
message=TOCI element should be contained in TOC element,
location=Location [level=CosDocument, context=root/document[0]/StructTreeRoot[0](6478 0 obj PDStructTreeRoot)/K[0](6480 0 obj SEDocument Document)/K[2](6499 0 obj SEPart Part)/K[0](6566 0 obj SESect Sect)/K[1](6568 0 obj SEDiv Div)/K[0](6570 0 obj SEDiv Div)/K[36](6612 0 obj SETOCI TOCI)], locationContext=null, errorMessage=null], 
TestAssertion [ruleId=RuleId [specification=ISO 14289-1:2014, clause=7.2, testNumber=26], status=failed,
message=TOCI element should be contained in TOC element,
location=Location [level=CosDocument, context=root/document[0]/StructTreeRoot[0](6478 0 obj PDStructTreeRoot)/K[0](6480 0 obj SEDocument Document)/K[2](6499 0 obj SEPart Part)/K[0](6566 0 obj SESect Sect)/K[1](6568 0 obj SEDiv Div)/K[0](6570 0 obj SEDiv Div)/K[37](6613 0 obj SETOCI TOCI)], locationContext=null, errorMessage=null], 
TestAssertion [ruleId=RuleId [specification=ISO 14289-1:2014, clause=7.2, testNumber=26], status=failed,
message=TOCI element should be contained in TOC element,
location=Location [level=CosDocument, context=root/document[0]/StructTreeRoot[0](6478 0 obj PDStructTreeRoot)/K[0](6480 0 obj SEDocument Document)/K[2](6499 0 obj SEPart Part)/K[0](6566 0 obj SESect Sect)/K[1](6568 0 obj SEDiv Div)/K[0](6570 0 obj SEDiv Div)/K[38](6614 0 obj SETOCI TOCI)], locationContext=null, errorMessage=null], 
TestAssertion [ruleId=RuleId [specification=ISO 14289-1:2014, clause=7.2, testNumber=26], status=failed,
message=TOCI element should be contained in TOC element,
location=Location [level=CosDocument, context=root/document[0]/StructTreeRoot[0](6478 0 obj PDStructTreeRoot)/K[0](6480 0 obj SEDocument Document)/K[2](6499 0 obj SEPart Part)/K[0](6566 0 obj SESect Sect)/K[1](6568 0 obj SEDiv Div)/K[0](6570 0 obj SEDiv Div)/K[39](6615 0 obj SETOCI TOCI)], locationContext=null, errorMessage=null], 
TestAssertion [ruleId=RuleId [specification=ISO 14289-1:2014, clause=7.2, testNumber=26], status=failed,
message=TOCI element should be contained in TOC element,
location=Location [level=CosDocument, context=root/document[0]/StructTreeRoot[0](6478 0 obj PDStructTreeRoot)/K[0](6480 0 obj SEDocument Document)/K[2](6499 0 obj SEPart Part)/K[0](6566 0 obj SESect Sect)/K[1](6568 0 obj SEDiv Div)/K[0](6570 0 obj SEDiv Div)/K[40](6616 0 obj SETOCI TOCI)], locationContext=null, errorMessage=null], 
TestAssertion [ruleId=RuleId [specification=ISO 14289-1:2014, clause=7.2, testNumber=26], status=failed,
message=TOCI element should be contained in TOC element,
location=Location [level=CosDocument, context=root/document[0]/StructTreeRoot[0](6478 0 obj PDStructTreeRoot)/K[0](6480 0 obj SEDocument Document)/K[2](6499 0 obj SEPart Part)/K[0](6566 0 obj SESect Sect)/K[1](6568 0 obj SEDiv Div)/K[0](6570 0 obj SEDiv Div)/K[41](6617 0 obj SETOCI TOCI)], locationContext=null, errorMessage=null], 
TestAssertion [ruleId=RuleId [specification=ISO 14289-1:2014, clause=7.2, testNumber=26], status=failed,
message=TOCI element should be contained in TOC element,
location=Location [level=CosDocument, context=root/document[0]/StructTreeRoot[0](6478 0 obj PDStructTreeRoot)/K[0](6480 0 obj SEDocument Document)/K[2](6499 0 obj SEPart Part)/K[0](6566 0 obj SESect Sect)/K[1](6568 0 obj SEDiv Div)/K[0](6570 0 obj SEDiv Div)/K[42](6618 0 obj SETOCI TOCI)], locationContext=null, errorMessage=null], 
TestAssertion [ruleId=RuleId [specification=ISO 14289-1:2014, clause=7.2, testNumber=26], status=failed,
message=TOCI element should be contained in TOC element,
location=Location [level=CosDocument, context=root/document[0]/StructTreeRoot[0](6478 0 obj PDStructTreeRoot)/K[0](6480 0 obj SEDocument Document)/K[2](6499 0 obj SEPart Part)/K[0](6566 0 obj SESect Sect)/K[1](6568 0 obj SEDiv Div)/K[0](6570 0 obj SEDiv Div)/K[43](6619 0 obj SETOCI TOCI)], locationContext=null, errorMessage=null], 
TestAssertion [ruleId=RuleId [specification=ISO 14289-1:2014, clause=7.2, testNumber=26], status=failed,
message=TOCI element should be contained in TOC element,
location=Location [level=CosDocument, context=root/document[0]/StructTreeRoot[0](6478 0 obj PDStructTreeRoot)/K[0](6480 0 obj SEDocument Document)/K[2](6499 0 obj SEPart Part)/K[0](6566 0 obj SESect Sect)/K[1](6568 0 obj SEDiv Div)/K[0](6570 0 obj SEDiv Div)/K[44](6620 0 obj SETOCI TOCI)], locationContext=null, errorMessage=null], 
TestAssertion [ruleId=RuleId [specification=ISO 14289-1:2014, clause=7.2, testNumber=26], status=failed,
message=TOCI element should be contained in TOC element,
location=Location [level=CosDocument, context=root/document[0]/StructTreeRoot[0](6478 0 obj PDStructTreeRoot)/K[0](6480 0 obj SEDocument Document)/K[2](6499 0 obj SEPart Part)/K[0](6566 0 obj SESect Sect)/K[1](6568 0 obj SEDiv Div)/K[0](6570 0 obj SEDiv Div)/K[45](6621 0 obj SETOCI TOCI)], locationContext=null, errorMessage=null], 
TestAssertion [ruleId=RuleId [specification=ISO 14289-1:2014, clause=7.2, testNumber=26], status=failed,
message=TOCI element should be contained in TOC element,
location=Location [level=CosDocument, context=root/document[0]/StructTreeRoot[0](6478 0 obj PDStructTreeRoot)/K[0](6480 0 obj SEDocument Document)/K[2](6499 0 obj SEPart Part)/K[0](6566 0 obj SESect Sect)/K[1](6568 0 obj SEDiv Div)/K[0](6570 0 obj SEDiv Div)/K[46](6622 0 obj SETOCI TOCI)], locationContext=null, errorMessage=null], 
TestAssertion [ruleId=RuleId [specification=ISO 14289-1:2014, clause=7.2, testNumber=26], status=failed,
message=TOCI element should be contained in TOC element,
location=Location [level=CosDocument, context=root/document[0]/StructTreeRoot[0](6478 0 obj PDStructTreeRoot)/K[0](6480 0 obj SEDocument Document)/K[2](6499 0 obj SEPart Part)/K[0](6566 0 obj SESect Sect)/K[1](6568 0 obj SEDiv Div)/K[0](6570 0 obj SEDiv Div)/K[47](6623 0 obj SETOCI TOCI)], locationContext=null, errorMessage=null], 
TestAssertion [ruleId=RuleId [specification=ISO 14289-1:2014, clause=7.2, testNumber=26], status=failed,
message=TOCI element should be contained in TOC element,
location=Location [level=CosDocument, context=root/document[0]/StructTreeRoot[0](6478 0 obj PDStructTreeRoot)/K[0](6480 0 obj SEDocument Document)/K[2](6499 0 obj SEPart Part)/K[0](6566 0 obj SESect Sect)/K[1](6568 0 obj SEDiv Div)/K[0](6570 0 obj SEDiv Div)/K[48](6624 0 obj SETOCI TOCI)], locationContext=null, errorMessage=null], 
TestAssertion [ruleId=RuleId [specification=ISO 14289-1:2014, clause=7.2, testNumber=26], status=failed,
message=TOCI element should be contained in TOC element,
location=Location [level=CosDocument, context=root/document[0]/StructTreeRoot[0](6478 0 obj PDStructTreeRoot)/K[0](6480 0 obj SEDocument Document)/K[2](6499 0 obj SEPart Part)/K[0](6566 0 obj SESect Sect)/K[1](6568 0 obj SEDiv Div)/K[0](6570 0 obj SEDiv Div)/K[49](6625 0 obj SETOCI TOCI)], locationContext=null, errorMessage=null], 
TestAssertion [ruleId=RuleId [specification=ISO 14289-1:2014, clause=7.2, testNumber=26], status=failed,
message=TOCI element should be contained in TOC element,
location=Location [level=CosDocument, context=root/document[0]/StructTreeRoot[0](6478 0 obj PDStructTreeRoot)/K[0](6480 0 obj SEDocument Document)/K[2](6499 0 obj SEPart Part)/K[0](6566 0 obj SESect Sect)/K[1](6568 0 obj SEDiv Div)/K[0](6570 0 obj SEDiv Div)/K[50](6626 0 obj SETOCI TOCI)], locationContext=null, errorMessage=null], 
TestAssertion [ruleId=RuleId [specification=ISO 14289-1:2014, clause=7.2, testNumber=26], status=failed,
message=TOCI element should be contained in TOC element,
location=Location [level=CosDocument, context=root/document[0]/StructTreeRoot[0](6478 0 obj PDStructTreeRoot)/K[0](6480 0 obj SEDocument Document)/K[2](6499 0 obj SEPart Part)/K[0](6566 0 obj SESect Sect)/K[1](6568 0 obj SEDiv Div)/K[0](6570 0 obj SEDiv Div)/K[51](6627 0 obj SETOCI TOCI)], locationContext=null, errorMessage=null], 
TestAssertion [ruleId=RuleId [specification=ISO 14289-1:2014, clause=7.2, testNumber=26], status=failed,
message=TOCI element should be contained in TOC element,
location=Location [level=CosDocument, context=root/document[0]/StructTreeRoot[0](6478 0 obj PDStructTreeRoot)/K[0](6480 0 obj SEDocument Document)/K[2](6499 0 obj SEPart Part)/K[0](6566 0 obj SESect Sect)/K[1](6568 0 obj SEDiv Div)/K[0](6570 0 obj SEDiv Div)/K[52](6628 0 obj SETOCI TOCI)], locationContext=null, errorMessage=null], 
TestAssertion [ruleId=RuleId [specification=ISO 14289-1:2014, clause=7.2, testNumber=26], status=failed,
message=TOCI element should be contained in TOC element,
location=Location [level=CosDocument, context=root/document[0]/StructTreeRoot[0](6478 0 obj PDStructTreeRoot)/K[0](6480 0 obj SEDocument Document)/K[2](6499 0 obj SEPart Part)/K[0](6566 0 obj SESect Sect)/K[1](6568 0 obj SEDiv Div)/K[0](6570 0 obj SEDiv Div)/K[53](6629 0 obj SETOCI TOCI)], locationContext=null, errorMessage=null], 
TestAssertion [ruleId=RuleId [specification=ISO 14289-1:2014, clause=7.2, testNumber=26], status=failed,
message=TOCI element should be contained in TOC element,
location=Location [level=CosDocument, context=root/document[0]/StructTreeRoot[0](6478 0 obj PDStructTreeRoot)/K[0](6480 0 obj SEDocument Document)/K[2](6499 0 obj SEPart Part)/K[0](6566 0 obj SESect Sect)/K[1](6568 0 obj SEDiv Div)/K[0](6570 0 obj SEDiv Div)/K[54](6630 0 obj SETOCI TOCI)], locationContext=null, errorMessage=null], 
TestAssertion [ruleId=RuleId [specification=ISO 14289-1:2014, clause=7.2, testNumber=26], status=failed,
message=TOCI element should be contained in TOC element,
location=Location [level=CosDocument, context=root/document[0]/StructTreeRoot[0](6478 0 obj PDStructTreeRoot)/K[0](6480 0 obj SEDocument Document)/K[2](6499 0 obj SEPart Part)/K[0](6566 0 obj SESect Sect)/K[1](6568 0 obj SEDiv Div)/K[0](6570 0 obj SEDiv Div)/K[55](6631 0 obj SETOCI TOCI)], locationContext=null, errorMessage=null], 
TestAssertion [ruleId=RuleId [specification=ISO 14289-1:2014, clause=7.2, testNumber=26], status=failed,
message=TOCI element should be contained in TOC element,
location=Location [level=CosDocument, context=root/document[0]/StructTreeRoot[0](6478 0 obj PDStructTreeRoot)/K[0](6480 0 obj SEDocument Document)/K[2](6499 0 obj SEPart Part)/K[0](6566 0 obj SESect Sect)/K[1](6568 0 obj SEDiv Div)/K[0](6570 0 obj SEDiv Div)/K[56](6632 0 obj SETOCI TOCI)], locationContext=null, errorMessage=null], 
TestAssertion [ruleId=RuleId [specification=ISO 14289-1:2014, clause=7.2, testNumber=26], status=failed,
message=TOCI element should be contained in TOC element,
location=Location [level=CosDocument, context=root/document[0]/StructTreeRoot[0](6478 0 obj PDStructTreeRoot)/K[0](6480 0 obj SEDocument Document)/K[2](6499 0 obj SEPart Part)/K[0](6566 0 obj SESect Sect)/K[1](6568 0 obj SEDiv Div)/K[0](6570 0 obj SEDiv Div)/K[57](6633 0 obj SETOCI TOCI)], locationContext=null, errorMessage=null], 
TestAssertion [ruleId=RuleId [specification=ISO 14289-1:2014, clause=7.2, testNumber=26], status=failed,
message=TOCI element should be contained in TOC element,
location=Location [level=CosDocument, context=root/document[0]/StructTreeRoot[0](6478 0 obj PDStructTreeRoot)/K[0](6480 0 obj SEDocument Document)/K[2](6499 0 obj SEPart Part)/K[0](6566 0 obj SESect Sect)/K[1](6568 0 obj SEDiv Div)/K[0](6570 0 obj SEDiv Div)/K[58](6634 0 obj SETOCI TOCI)], locationContext=null, errorMessage=null], 
TestAssertion [ruleId=RuleId [specification=ISO 14289-1:2014, clause=7.2, testNumber=26], status=failed,
message=TOCI element should be contained in TOC element,
location=Location [level=CosDocument, context=root/document[0]/StructTreeRoot[0](6478 0 obj PDStructTreeRoot)/K[0](6480 0 obj SEDocument Document)/K[2](6499 0 obj SEPart Part)/K[0](6566 0 obj SESect Sect)/K[1](6568 0 obj SEDiv Div)/K[0](6570 0 obj SEDiv Div)/K[59](6635 0 obj SETOCI TOCI)], locationContext=null, errorMessage=null], 
TestAssertion [ruleId=RuleId [specification=ISO 14289-1:2014, clause=7.2, testNumber=26], status=failed,
message=TOCI element should be contained in TOC element,
location=Location [level=CosDocument, context=root/document[0]/StructTreeRoot[0](6478 0 obj PDStructTreeRoot)/K[0](6480 0 obj SEDocument Document)/K[2](6499 0 obj SEPart Part)/K[0](6566 0 obj SESect Sect)/K[1](6568 0 obj SEDiv Div)/K[0](6570 0 obj SEDiv Div)/K[60](6636 0 obj SETOCI TOCI)], locationContext=null, errorMessage=null], 
TestAssertion [ruleId=RuleId [specification=ISO 14289-1:2014, clause=7.2, testNumber=26], status=failed,
message=TOCI element should be contained in TOC element,
location=Location [level=CosDocument, context=root/document[0]/StructTreeRoot[0](6478 0 obj PDStructTreeRoot)/K[0](6480 0 obj SEDocument Document)/K[2](6499 0 obj SEPart Part)/K[0](6566 0 obj SESect Sect)/K[1](6568 0 obj SEDiv Div)/K[0](6570 0 obj SEDiv Div)/K[61](6637 0 obj SETOCI TOCI)], locationContext=null, errorMessage=null], 
TestAssertion [ruleId=RuleId [specification=ISO 14289-1:2014, clause=7.2, testNumber=26], status=failed,
message=TOCI element should be contained in TOC element,
location=Location [level=CosDocument, context=root/document[0]/StructTreeRoot[0](6478 0 obj PDStructTreeRoot)/K[0](6480 0 obj SEDocument Document)/K[2](6499 0 obj SEPart Part)/K[0](6566 0 obj SESect Sect)/K[1](6568 0 obj SEDiv Div)/K[0](6570 0 obj SEDiv Div)/K[62](6638 0 obj SETOCI TOCI)], locationContext=null, errorMessage=null], 
TestAssertion [ruleId=RuleId [specification=ISO 14289-1:2014, clause=7.2, testNumber=26], status=failed,
message=TOCI element should be contained in TOC element,
location=Location [level=CosDocument, context=root/document[0]/StructTreeRoot[0](6478 0 obj PDStructTreeRoot)/K[0](6480 0 obj SEDocument Document)/K[2](6499 0 obj SEPart Part)/K[0](6566 0 obj SESect Sect)/K[1](6568 0 obj SEDiv Div)/K[0](6570 0 obj SEDiv Div)/K[63](6639 0 obj SETOCI TOCI)], locationContext=null, errorMessage=null], 
TestAssertion [ruleId=RuleId [specification=ISO 14289-1:2014, clause=7.2, testNumber=26], status=failed,
message=TOCI element should be contained in TOC element,
location=Location [level=CosDocument, context=root/document[0]/StructTreeRoot[0](6478 0 obj PDStructTreeRoot)/K[0](6480 0 obj SEDocument Document)/K[2](6499 0 obj SEPart Part)/K[0](6566 0 obj SESect Sect)/K[1](6568 0 obj SEDiv Div)/K[0](6570 0 obj SEDiv Div)/K[64](6640 0 obj SETOCI TOCI)], locationContext=null, errorMessage=null], 
TestAssertion [ruleId=RuleId [specification=ISO 14289-1:2014, clause=7.2, testNumber=26], status=failed,
message=TOCI element should be contained in TOC element,
location=Location [level=CosDocument, context=root/document[0]/StructTreeRoot[0](6478 0 obj PDStructTreeRoot)/K[0](6480 0 obj SEDocument Document)/K[2](6499 0 obj SEPart Part)/K[0](6566 0 obj SESect Sect)/K[1](6568 0 obj SEDiv Div)/K[0](6570 0 obj SEDiv Div)/K[65](6641 0 obj SETOCI TOCI)], locationContext=null, errorMessage=null], 
TestAssertion [ruleId=RuleId [specification=ISO 14289-1:2014, clause=7.2, testNumber=26], status=failed,
message=TOCI element should be contained in TOC element,
location=Location [level=CosDocument, context=root/document[0]/StructTreeRoot[0](6478 0 obj PDStructTreeRoot)/K[0](6480 0 obj SEDocument Document)/K[2](6499 0 obj SEPart Part)/K[0](6566 0 obj SESect Sect)/K[1](6568 0 obj SEDiv Div)/K[0](6570 0 obj SEDiv Div)/K[66](6642 0 obj SETOCI TOCI)], locationContext=null, errorMessage=null], 
TestAssertion [ruleId=RuleId [specification=ISO 14289-1:2014, clause=7.2, testNumber=26], status=failed,
message=TOCI element should be contained in TOC element,
location=Location [level=CosDocument, context=root/document[0]/StructTreeRoot[0](6478 0 obj PDStructTreeRoot)/K[0](6480 0 obj SEDocument Document)/K[2](6499 0 obj SEPart Part)/K[0](6566 0 obj SESect Sect)/K[1](6568 0 obj SEDiv Div)/K[0](6570 0 obj SEDiv Div)/K[67](6643 0 obj SETOCI TOCI)], locationContext=null, errorMessage=null], 
TestAssertion [ruleId=RuleId [specification=ISO 14289-1:2014, clause=7.2, testNumber=26], status=failed,
message=TOCI element should be contained in TOC element,
location=Location [level=CosDocument, context=root/document[0]/StructTreeRoot[0](6478 0 obj PDStructTreeRoot)/K[0](6480 0 obj SEDocument Document)/K[2](6499 0 obj SEPart Part)/K[0](6566 0 obj SESect Sect)/K[1](6568 0 obj SEDiv Div)/K[0](6570 0 obj SEDiv Div)/K[68](6644 0 obj SETOCI TOCI)], locationContext=null, errorMessage=null], 
TestAssertion [ruleId=RuleId [specification=ISO 14289-1:2014, clause=7.2, testNumber=26], status=failed,
message=TOCI element should be contained in TOC element,
location=Location [level=CosDocument, context=root/document[0]/StructTreeRoot[0](6478 0 obj PDStructTreeRoot)/K[0](6480 0 obj SEDocument Document)/K[2](6499 0 obj SEPart Part)/K[0](6566 0 obj SESect Sect)/K[1](6568 0 obj SEDiv Div)/K[0](6570 0 obj SEDiv Div)/K[69](6645 0 obj SETOCI TOCI)], locationContext=null, errorMessage=null], 
TestAssertion [ruleId=RuleId [specification=ISO 14289-1:2014, clause=7.2, testNumber=26], status=failed,
message=TOCI element should be contained in TOC element,
location=Location [level=CosDocument, context=root/document[0]/StructTreeRoot[0](6478 0 obj PDStructTreeRoot)/K[0](6480 0 obj SEDocument Document)/K[2](6499 0 obj SEPart Part)/K[0](6566 0 obj SESect Sect)/K[1](6568 0 obj SEDiv Div)/K[0](6570 0 obj SEDiv Div)/K[70](6646 0 obj SETOCI TOCI)], locationContext=null, errorMessage=null], 
TestAssertion [ruleId=RuleId [specification=ISO 14289-1:2014, clause=7.2, testNumber=26], status=failed,
message=TOCI element should be contained in TOC element,
location=Location [level=CosDocument, context=root/document[0]/StructTreeRoot[0](6478 0 obj PDStructTreeRoot)/K[0](6480 0 obj SEDocument Document)/K[2](6499 0 obj SEPart Part)/K[0](6566 0 obj SESect Sect)/K[1](6568 0 obj SEDiv Div)/K[0](6570 0 obj SEDiv Div)/K[71](6647 0 obj SETOCI TOCI)], locationContext=null, errorMessage=null], 
TestAssertion [ruleId=RuleId [specification=ISO 14289-1:2014, clause=7.2, testNumber=26], status=failed,
message=TOCI element should be contained in TOC element,
location=Location [level=CosDocument, context=root/document[0]/StructTreeRoot[0](6478 0 obj PDStructTreeRoot)/K[0](6480 0 obj SEDocument Document)/K[2](6499 0 obj SEPart Part)/K[0](6566 0 obj SESect Sect)/K[1](6568 0 obj SEDiv Div)/K[0](6570 0 obj SEDiv Div)/K[72](6648 0 obj SETOCI TOCI)], locationContext=null, errorMessage=null], 
TestAssertion [ruleId=RuleId [specification=ISO 14289-1:2014, clause=7.2, testNumber=26], status=failed,
message=TOCI element should be contained in TOC element,
location=Location [level=CosDocument, context=root/document[0]/StructTreeRoot[0](6478 0 obj PDStructTreeRoot)/K[0](6480 0 obj SEDocument Document)/K[2](6499 0 obj SEPart Part)/K[0](6566 0 obj SESect Sect)/K[1](6568 0 obj SEDiv Div)/K[0](6570 0 obj SEDiv Div)/K[73](6649 0 obj SETOCI TOCI)], locationContext=null, errorMessage=null], 
TestAssertion [ruleId=RuleId [specification=ISO 14289-1:2014, clause=7.2, testNumber=26], status=failed,
message=TOCI element should be contained in TOC element,
location=Location [level=CosDocument, context=root/document[0]/StructTreeRoot[0](6478 0 obj PDStructTreeRoot)/K[0](6480 0 obj SEDocument Document)/K[2](6499 0 obj SEPart Part)/K[0](6566 0 obj SESect Sect)/K[1](6568 0 obj SEDiv Div)/K[0](6570 0 obj SEDiv Div)/K[74](6650 0 obj SETOCI TOCI)], locationContext=null, errorMessage=null], 
TestAssertion [ruleId=RuleId [specification=ISO 14289-1:2014, clause=7.2, testNumber=26], status=failed,
message=TOCI element should be contained in TOC element,
location=Location [level=CosDocument, context=root/document[0]/StructTreeRoot[0](6478 0 obj PDStructTreeRoot)/K[0](6480 0 obj SEDocument Document)/K[2](6499 0 obj SEPart Part)/K[0](6566 0 obj SESect Sect)/K[1](6568 0 obj SEDiv Div)/K[0](6570 0 obj SEDiv Div)/K[75](6651 0 obj SETOCI TOCI)], locationContext=null, errorMessage=null], 
TestAssertion [ruleId=RuleId [specification=ISO 14289-1:2014, clause=7.2, testNumber=26], status=failed,
message=TOCI element should be contained in TOC element,
location=Location [level=CosDocument, context=root/document[0]/StructTreeRoot[0](6478 0 obj PDStructTreeRoot)/K[0](6480 0 obj SEDocument Document)/K[2](6499 0 obj SEPart Part)/K[0](6566 0 obj SESect Sect)/K[1](6568 0 obj SEDiv Div)/K[0](6570 0 obj SEDiv Div)/K[76](6652 0 obj SETOCI TOCI)], locationContext=null, errorMessage=null], 
TestAssertion [ruleId=RuleId [specification=ISO 14289-1:2014, clause=7.2, testNumber=26], status=failed,
message=TOCI element should be contained in TOC element,
location=Location [level=CosDocument, context=root/document[0]/StructTreeRoot[0](6478 0 obj PDStructTreeRoot)/K[0](6480 0 obj SEDocument Document)/K[2](6499 0 obj SEPart Part)/K[0](6566 0 obj SESect Sect)/K[1](6568 0 obj SEDiv Div)/K[0](6570 0 obj SEDiv Div)/K[77](6653 0 obj SETOCI TOCI)], locationContext=null, errorMessage=null], 
TestAssertion [ruleId=RuleId [specification=ISO 14289-1:2014, clause=7.2, testNumber=26], status=failed,
message=TOCI element should be contained in TOC element,
location=Location [level=CosDocument, context=root/document[0]/StructTreeRoot[0](6478 0 obj PDStructTreeRoot)/K[0](6480 0 obj SEDocument Document)/K[2](6499 0 obj SEPart Part)/K[0](6566 0 obj SESect Sect)/K[1](6568 0 obj SEDiv Div)/K[0](6570 0 obj SEDiv Div)/K[78](6654 0 obj SETOCI TOCI)], locationContext=null, errorMessage=null], 
TestAssertion [ruleId=RuleId [specification=ISO 14289-1:2014, clause=7.2, testNumber=26], status=failed,
message=TOCI element should be contained in TOC element,
location=Location [level=CosDocument, context=root/document[0]/StructTreeRoot[0](6478 0 obj PDStructTreeRoot)/K[0](6480 0 obj SEDocument Document)/K[2](6499 0 obj SEPart Part)/K[0](6566 0 obj SESect Sect)/K[1](6568 0 obj SEDiv Div)/K[0](6570 0 obj SEDiv Div)/K[79](6655 0 obj SETOCI TOCI)], locationContext=null, errorMessage=null], 
TestAssertion [ruleId=RuleId [specification=ISO 14289-1:2014, clause=7.2, testNumber=26], status=failed,
message=TOCI element should be contained in TOC element,
location=Location [level=CosDocument, context=root/document[0]/StructTreeRoot[0](6478 0 obj PDStructTreeRoot)/K[0](6480 0 obj SEDocument Document)/K[2](6499 0 obj SEPart Part)/K[0](6566 0 obj SESect Sect)/K[1](6568 0 obj SEDiv Div)/K[0](6570 0 obj SEDiv Div)/K[80](6656 0 obj SETOCI TOCI)], locationContext=null, errorMessage=null], 
TestAssertion [ruleId=RuleId [specification=ISO 14289-1:2014, clause=7.2, testNumber=26], status=failed,
message=TOCI element should be contained in TOC element,
location=Location [level=CosDocument, context=root/document[0]/StructTreeRoot[0](6478 0 obj PDStructTreeRoot)/K[0](6480 0 obj SEDocument Document)/K[2](6499 0 obj SEPart Part)/K[0](6566 0 obj SESect Sect)/K[1](6568 0 obj SEDiv Div)/K[0](6570 0 obj SEDiv Div)/K[81](6657 0 obj SETOCI TOCI)], locationContext=null, errorMessage=null], 
TestAssertion [ruleId=RuleId [specification=ISO 14289-1:2014, clause=7.2, testNumber=26], status=failed,
message=TOCI element should be contained in TOC element,
location=Location [level=CosDocument, context=root/document[0]/StructTreeRoot[0](6478 0 obj PDStructTreeRoot)/K[0](6480 0 obj SEDocument Document)/K[2](6499 0 obj SEPart Part)/K[0](6566 0 obj SESect Sect)/K[1](6568 0 obj SEDiv Div)/K[0](6570 0 obj SEDiv Div)/K[82](6658 0 obj SETOCI TOCI)], locationContext=null, errorMessage=null], 
TestAssertion [ruleId=RuleId [specification=ISO 14289-1:2014, clause=7.2, testNumber=26], status=failed,
message=TOCI element should be contained in TOC element,
location=Location [level=CosDocument, context=root/document[0]/StructTreeRoot[0](6478 0 obj PDStructTreeRoot)/K[0](6480 0 obj SEDocument Document)/K[2](6499 0 obj SEPart Part)/K[0](6566 0 obj SESect Sect)/K[1](6568 0 obj SEDiv Div)/K[0](6570 0 obj SEDiv Div)/K[83](6659 0 obj SETOCI TOCI)], locationContext=null, errorMessage=null], 
TestAssertion [ruleId=RuleId [specification=ISO 14289-1:2014, clause=7.2, testNumber=26], status=failed,
message=TOCI element should be contained in TOC element,
location=Location [level=CosDocument, context=root/document[0]/StructTreeRoot[0](6478 0 obj PDStructTreeRoot)/K[0](6480 0 obj SEDocument Document)/K[2](6499 0 obj SEPart Part)/K[0](6566 0 obj SESect Sect)/K[1](6568 0 obj SEDiv Div)/K[0](6570 0 obj SEDiv Div)/K[84](6660 0 obj SETOCI TOCI)], locationContext=null, errorMessage=null], 
TestAssertion [ruleId=RuleId [specification=ISO 14289-1:2014, clause=7.2, testNumber=26], status=failed,
message=TOCI element should be contained in TOC element,
location=Location [level=CosDocument, context=root/document[0]/StructTreeRoot[0](6478 0 obj PDStructTreeRoot)/K[0](6480 0 obj SEDocument Document)/K[2](6499 0 obj SEPart Part)/K[0](6566 0 obj SESect Sect)/K[1](6568 0 obj SEDiv Div)/K[0](6570 0 obj SEDiv Div)/K[85](6661 0 obj SETOCI TOCI)], locationContext=null, errorMessage=null], 
TestAssertion [ruleId=RuleId [specification=ISO 14289-1:2014, clause=7.2, testNumber=26], status=failed,
message=TOCI element should be contained in TOC element,
location=Location [level=CosDocument, context=root/document[0]/StructTreeRoot[0](6478 0 obj PDStructTreeRoot)/K[0](6480 0 obj SEDocument Document)/K[2](6499 0 obj SEPart Part)/K[0](6566 0 obj SESect Sect)/K[1](6568 0 obj SEDiv Div)/K[0](6570 0 obj SEDiv Div)/K[86](6662 0 obj SETOCI TOCI)], locationContext=null, errorMessage=null], 
TestAssertion [ruleId=RuleId [specification=ISO 14289-1:2014, clause=7.2, testNumber=26], status=failed,
message=TOCI element should be contained in TOC element,
location=Location [level=CosDocument, context=root/document[0]/StructTreeRoot[0](6478 0 obj PDStructTreeRoot)/K[0](6480 0 obj SEDocument Document)/K[2](6499 0 obj SEPart Part)/K[0](6566 0 obj SESect Sect)/K[1](6568 0 obj SEDiv Div)/K[0](6570 0 obj SEDiv Div)/K[87](6663 0 obj SETOCI TOCI)], locationContext=null, errorMessage=null], 
TestAssertion [ruleId=RuleId [specification=ISO 14289-1:2014, clause=7.2, testNumber=26], status=failed,
message=TOCI element should be contained in TOC element,
location=Location [level=CosDocument, context=root/document[0]/StructTreeRoot[0](6478 0 obj PDStructTreeRoot)/K[0](6480 0 obj SEDocument Document)/K[2](6499 0 obj SEPart Part)/K[0](6566 0 obj SESect Sect)/K[1](6568 0 obj SEDiv Div)/K[0](6570 0 obj SEDiv Div)/K[88](6664 0 obj SETOCI TOCI)], locationContext=null, errorMessage=null], 
TestAssertion [ruleId=RuleId [specification=ISO 14289-1:2014, clause=7.2, testNumber=26], status=failed,
message=TOCI element should be contained in TOC element,
location=Location [level=CosDocument, context=root/document[0]/StructTreeRoot[0](6478 0 obj PDStructTreeRoot)/K[0](6480 0 obj SEDocument Document)/K[2](6499 0 obj SEPart Part)/K[0](6566 0 obj SESect Sect)/K[1](6568 0 obj SEDiv Div)/K[0](6570 0 obj SEDiv Div)/K[89](6665 0 obj SETOCI TOCI)], locationContext=null, errorMessage=null], 
TestAssertion [ruleId=RuleId [specification=ISO 14289-1:2014, clause=7.2, testNumber=26], status=failed,
message=TOCI element should be contained in TOC element,
location=Location [level=CosDocument, context=root/document[0]/StructTreeRoot[0](6478 0 obj PDStructTreeRoot)/K[0](6480 0 obj SEDocument Document)/K[2](6499 0 obj SEPart Part)/K[0](6566 0 obj SESect Sect)/K[1](6568 0 obj SEDiv Div)/K[0](6570 0 obj SEDiv Div)/K[90](6666 0 obj SETOCI TOCI)], locationContext=null, errorMessage=null], 
TestAssertion [ruleId=RuleId [specification=ISO 14289-1:2014, clause=7.2, testNumber=26], status=failed,
message=TOCI element should be contained in TOC element,
location=Location [level=CosDocument, context=root/document[0]/StructTreeRoot[0](6478 0 obj PDStructTreeRoot)/K[0](6480 0 obj SEDocument Document)/K[2](6499 0 obj SEPart Part)/K[0](6566 0 obj SESect Sect)/K[1](6568 0 obj SEDiv Div)/K[0](6570 0 obj SEDiv Div)/K[91](6667 0 obj SETOCI TOCI)], locationContext=null, errorMessage=null], 
TestAssertion [ruleId=RuleId [specification=ISO 14289-1:2014, clause=7.2, testNumber=26], status=failed,
message=TOCI element should be contained in TOC element,
location=Location [level=CosDocument, context=root/document[0]/StructTreeRoot[0](6478 0 obj PDStructTreeRoot)/K[0](6480 0 obj SEDocument Document)/K[2](6499 0 obj SEPart Part)/K[0](6566 0 obj SESect Sect)/K[1](6568 0 obj SEDiv Div)/K[0](6570 0 obj SEDiv Div)/K[92](6668 0 obj SETOCI TOCI)], locationContext=null, errorMessage=null], 
TestAssertion [ruleId=RuleId [specification=ISO 14289-1:2014, clause=7.2, testNumber=26], status=failed,
message=TOCI element should be contained in TOC element,
location=Location [level=CosDocument, context=root/document[0]/StructTreeRoot[0](6478 0 obj PDStructTreeRoot)/K[0](6480 0 obj SEDocument Document)/K[2](6499 0 obj SEPart Part)/K[0](6566 0 obj SESect Sect)/K[1](6568 0 obj SEDiv Div)/K[0](6570 0 obj SEDiv Div)/K[93](6669 0 obj SETOCI TOCI)], locationContext=null, errorMessage=null], 
TestAssertion [ruleId=RuleId [specification=ISO 14289-1:2014, clause=7.2, testNumber=26], status=failed,
message=TOCI element should be contained in TOC element,
location=Location [level=CosDocument, context=root/document[0]/StructTreeRoot[0](6478 0 obj PDStructTreeRoot)/K[0](6480 0 obj SEDocument Document)/K[2](6499 0 obj SEPart Part)/K[0](6566 0 obj SESect Sect)/K[1](6568 0 obj SEDiv Div)/K[0](6570 0 obj SEDiv Div)/K[94](6670 0 obj SETOCI TOCI)], locationContext=null, errorMessage=null], 
TestAssertion [ruleId=RuleId [specification=ISO 14289-1:2014, clause=7.2, testNumber=26], status=failed,
message=TOCI element should be contained in TOC element,
location=Location [level=CosDocument, context=root/document[0]/StructTreeRoot[0](6478 0 obj PDStructTreeRoot)/K[0](6480 0 obj SEDocument Document)/K[2](6499 0 obj SEPart Part)/K[0](6566 0 obj SESect Sect)/K[1](6568 0 obj SEDiv Div)/K[0](6570 0 obj SEDiv Div)/K[95](6671 0 obj SETOCI TOCI)], locationContext=null, errorMessage=null], 
TestAssertion [ruleId=RuleId [specification=ISO 14289-1:2014, clause=7.2, testNumber=26], status=failed,
message=TOCI element should be contained in TOC element,
location=Location [level=CosDocument, context=root/document[0]/StructTreeRoot[0](6478 0 obj PDStructTreeRoot)/K[0](6480 0 obj SEDocument Document)/K[2](6499 0 obj SEPart Part)/K[0](6566 0 obj SESect Sect)/K[1](6568 0 obj SEDiv Div)/K[0](6570 0 obj SEDiv Div)/K[96](6672 0 obj SETOCI TOCI)], locationContext=null, errorMessage=null], 
TestAssertion [ruleId=RuleId [specification=ISO 14289-1:2014, clause=7.2, testNumber=26], status=failed,
message=TOCI element should be contained in TOC element,
location=Location [level=CosDocument, context=root/document[0]/StructTreeRoot[0](6478 0 obj PDStructTreeRoot)/K[0](6480 0 obj SEDocument Document)/K[2](6499 0 obj SEPart Part)/K[0](6566 0 obj SESect Sect)/K[1](6568 0 obj SEDiv Div)/K[0](6570 0 obj SEDiv Div)/K[97](6673 0 obj SETOCI TOCI)], locationContext=null, errorMessage=null]], isCompliant=false]
