PDF isn't valid PDF/UA-1:
ValidationResult [flavour=ua1, totalAssertions=344185, assertions=[
TestAssertion [ruleId=RuleId [specification=ISO 14289-1:2014, clause=7.2, testNumber=26], status=failed,
message=TOCI element should be contained in TOC element,
location=Location [level=CosDocument, context=root/document[0]/StructTreeRoot[0](2799 0 obj PDStructTreeRoot)/K[0](2801 0 obj SEDocument Document)/K[2](2811 0 obj SEPart Part)/K[0](2881 0 obj SESect Sect)/K[1](2883 0 obj SEDiv Div)/K[0](2885 0 obj SEDiv Div)/K[3](2894 0 obj SETOCI TOCI)], locationContext=null, errorMessage=null], 
TestAssertion [ruleId=RuleId [specification=ISO 14289-1:2014, clause=7.2, testNumber=26], status=failed,
message=TOCI element should be contained in TOC element,
location=Location [level=CosDocument, context=root/document[0]/StructTreeRoot[0](2799 0 obj PDStructTreeRoot)/K[0](2801 0 obj SEDocument Document)/K[2](2811 0 obj SEPart Part)/K[0](2881 0 obj SESect Sect)/K[1](2883 0 obj SEDiv Div)/K[0](2885 0 obj SEDiv Div)/K[4](2895 0 obj SETOCI TOCI)], locationContext=null, errorMessage=null], 
TestAssertion [ruleId=RuleId [specification=ISO 14289-1:2014, clause=7.2, testNumber=26], status=failed,
message=TOCI element should be contained in TOC element,
location=Location [level=CosDocument, context=root/document[0]/StructTreeRoot[0](2799 0 obj PDStructTreeRoot)/K[0](2801 0 obj SEDocument Document)/K[2](2811 0 obj SEPart Part)/K[0](2881 0 obj SESect Sect)/K[1](2883 0 obj SEDiv Div)/K[0](2885 0 obj SEDiv Div)/K[5](2896 0 obj SETOCI TOCI)], locationContext=null, errorMessage=null], 
TestAssertion [ruleId=RuleId [specification=ISO 14289-1:2014, clause=7.2, testNumber=26], status=failed,
message=TOCI element should be contained in TOC element,
location=Location [level=CosDocument, context=root/document[0]/StructTreeRoot[0](2799 0 obj PDStructTreeRoot)/K[0](2801 0 obj SEDocument Document)/K[2](2811 0 obj SEPart Part)/K[0](2881 0 obj SESect Sect)/K[1](2883 0 obj SEDiv Div)/K[0](2885 0 obj SEDiv Div)/K[6](2897 0 obj SETOCI TOCI)], locationContext=null, errorMessage=null], 
TestAssertion [ruleId=RuleId [specification=ISO 14289-1:2014, clause=7.2, testNumber=26], status=failed,
message=TOCI element should be contained in TOC element,
location=Location [level=CosDocument, context=root/document[0]/StructTreeRoot[0](2799 0 obj PDStructTreeRoot)/K[0](2801 0 obj SEDocument Document)/K[2](2811 0 obj SEPart Part)/K[0](2881 0 obj SESect Sect)/K[1](2883 0 obj SEDiv Div)/K[0](2885 0 obj SEDiv Div)/K[7](2898 0 obj SETOCI TOCI)], locationContext=null, errorMessage=null], 
TestAssertion [ruleId=RuleId [specification=ISO 14289-1:2014, clause=7.2, testNumber=26], status=failed,
message=TOCI element should be contained in TOC element,
location=Location [level=CosDocument, context=root/document[0]/StructTreeRoot[0](2799 0 obj PDStructTreeRoot)/K[0](2801 0 obj SEDocument Document)/K[2](2811 0 obj SEPart Part)/K[0](2881 0 obj SESect Sect)/K[1](2883 0 obj SEDiv Div)/K[0](2885 0 obj SEDiv Div)/K[8](2899 0 obj SETOCI TOCI)], locationContext=null, errorMessage=null], 
TestAssertion [ruleId=RuleId [specification=ISO 14289-1:2014, clause=7.2, testNumber=26], status=failed,
message=TOCI element should be contained in TOC element,
location=Location [level=CosDocument, context=root/document[0]/StructTreeRoot[0](2799 0 obj PDStructTreeRoot)/K[0](2801 0 obj SEDocument Document)/K[2](2811 0 obj SEPart Part)/K[0](2881 0 obj SESect Sect)/K[1](2883 0 obj SEDiv Div)/K[0](2885 0 obj SEDiv Div)/K[9](2900 0 obj SETOCI TOCI)], locationContext=null, errorMessage=null], 
TestAssertion [ruleId=RuleId [specification=ISO 14289-1:2014, clause=7.2, testNumber=26], status=failed,
message=TOCI element should be contained in TOC element,
location=Location [level=CosDocument, context=root/document[0]/StructTreeRoot[0](2799 0 obj PDStructTreeRoot)/K[0](2801 0 obj SEDocument Document)/K[2](2811 0 obj SEPart Part)/K[0](2881 0 obj SESect Sect)/K[1](2883 0 obj SEDiv Div)/K[0](2885 0 obj SEDiv Div)/K[11](2902 0 obj SETOCI TOCI)], locationContext=null, errorMessage=null], 
TestAssertion [ruleId=RuleId [specification=ISO 14289-1:2014, clause=7.2, testNumber=26], status=failed,
message=TOCI element should be contained in TOC element,
location=Location [level=CosDocument, context=root/document[0]/StructTreeRoot[0](2799 0 obj PDStructTreeRoot)/K[0](2801 0 obj SEDocument Document)/K[2](2811 0 obj SEPart Part)/K[0](2881 0 obj SESect Sect)/K[1](2883 0 obj SEDiv Div)/K[0](2885 0 obj SEDiv Div)/K[12](2903 0 obj SETOCI TOCI)], locationContext=null, errorMessage=null], 
TestAssertion [ruleId=RuleId [specification=ISO 14289-1:2014, clause=7.2, testNumber=26], status=failed,
message=TOCI element should be contained in TOC element,
location=Location [level=CosDocument, context=root/document[0]/StructTreeRoot[0](2799 0 obj PDStructTreeRoot)/K[0](2801 0 obj SEDocument Document)/K[2](2811 0 obj SEPart Part)/K[0](2881 0 obj SESect Sect)/K[1](2883 0 obj SEDiv Div)/K[0](2885 0 obj SEDiv Div)/K[13](2904 0 obj SETOCI TOCI)], locationContext=null, errorMessage=null], 
TestAssertion [ruleId=RuleId [specification=ISO 14289-1:2014, clause=7.2, testNumber=26], status=failed,
message=TOCI element should be contained in TOC element,
location=Location [level=CosDocument, context=root/document[0]/StructTreeRoot[0](2799 0 obj PDStructTreeRoot)/K[0](2801 0 obj SEDocument Document)/K[2](2811 0 obj SEPart Part)/K[0](2881 0 obj SESect Sect)/K[1](2883 0 obj SEDiv Div)/K[0](2885 0 obj SEDiv Div)/K[14](2905 0 obj SETOCI TOCI)], locationContext=null, errorMessage=null], 
TestAssertion [ruleId=RuleId [specification=ISO 14289-1:2014, clause=7.2, testNumber=26], status=failed,
message=TOCI element should be contained in TOC element,
location=Location [level=CosDocument, context=root/document[0]/StructTreeRoot[0](2799 0 obj PDStructTreeRoot)/K[0](2801 0 obj SEDocument Document)/K[2](2811 0 obj SEPart Part)/K[0](2881 0 obj SESect Sect)/K[1](2883 0 obj SEDiv Div)/K[0](2885 0 obj SEDiv Div)/K[15](2906 0 obj SETOCI TOCI)], locationContext=null, errorMessage=null], 
TestAssertion [ruleId=RuleId [specification=ISO 14289-1:2014, clause=7.2, testNumber=26], status=failed,
message=TOCI element should be contained in TOC element,
location=Location [level=CosDocument, context=root/document[0]/StructTreeRoot[0](2799 0 obj PDStructTreeRoot)/K[0](2801 0 obj SEDocument Document)/K[2](2811 0 obj SEPart Part)/K[0](2881 0 obj SESect Sect)/K[1](2883 0 obj SEDiv Div)/K[0](2885 0 obj SEDiv Div)/K[16](2907 0 obj SETOCI TOCI)], locationContext=null, errorMessage=null], 
TestAssertion [ruleId=RuleId [specification=ISO 14289-1:2014, clause=7.2, testNumber=26], status=failed,
message=TOCI element should be contained in TOC element,
location=Location [level=CosDocument, context=root/document[0]/StructTreeRoot[0](2799 0 obj PDStructTreeRoot)/K[0](2801 0 obj SEDocument Document)/K[2](2811 0 obj SEPart Part)/K[0](2881 0 obj SESect Sect)/K[1](2883 0 obj SEDiv Div)/K[0](2885 0 obj SEDiv Div)/K[17](2908 0 obj SETOCI TOCI)], locationContext=null, errorMessage=null], 
TestAssertion [ruleId=RuleId [specification=ISO 14289-1:2014, clause=7.2, testNumber=26], status=failed,
message=TOCI element should be contained in TOC element,
location=Location [level=CosDocument, context=root/document[0]/StructTreeRoot[0](2799 0 obj PDStructTreeRoot)/K[0](2801 0 obj SEDocument Document)/K[2](2811 0 obj SEPart Part)/K[0](2881 0 obj SESect Sect)/K[1](2883 0 obj SEDiv Div)/K[0](2885 0 obj SEDiv Div)/K[18](2909 0 obj SETOCI TOCI)], locationContext=null, errorMessage=null], 
TestAssertion [ruleId=RuleId [specification=ISO 14289-1:2014, clause=7.2, testNumber=26], status=failed,
message=TOCI element should be contained in TOC element,
location=Location [level=CosDocument, context=root/document[0]/StructTreeRoot[0](2799 0 obj PDStructTreeRoot)/K[0](2801 0 obj SEDocument Document)/K[2](2811 0 obj SEPart Part)/K[0](2881 0 obj SESect Sect)/K[1](2883 0 obj SEDiv Div)/K[0](2885 0 obj SEDiv Div)/K[19](2910 0 obj SETOCI TOCI)], locationContext=null, errorMessage=null], 
TestAssertion [ruleId=RuleId [specification=ISO 14289-1:2014, clause=7.2, testNumber=26], status=failed,
message=TOCI element should be contained in TOC element,
location=Location [level=CosDocument, context=root/document[0]/StructTreeRoot[0](2799 0 obj PDStructTreeRoot)/K[0](2801 0 obj SEDocument Document)/K[2](2811 0 obj SEPart Part)/K[0](2881 0 obj SESect Sect)/K[1](2883 0 obj SEDiv Div)/K[0](2885 0 obj SEDiv Div)/K[20](2911 0 obj SETOCI TOCI)], locationContext=null, errorMessage=null], 
TestAssertion [ruleId=RuleId [specification=ISO 14289-1:2014, clause=7.2, testNumber=26], status=failed,
message=TOCI element should be contained in TOC element,
location=Location [level=CosDocument, context=root/document[0]/StructTreeRoot[0](2799 0 obj PDStructTreeRoot)/K[0](2801 0 obj SEDocument Document)/K[2](2811 0 obj SEPart Part)/K[0](2881 0 obj SESect Sect)/K[1](2883 0 obj SEDiv Div)/K[0](2885 0 obj SEDiv Div)/K[21](2912 0 obj SETOCI TOCI)], locationContext=null, errorMessage=null], 
TestAssertion [ruleId=RuleId [specification=ISO 14289-1:2014, clause=7.2, testNumber=26], status=failed,
message=TOCI element should be contained in TOC element,
location=Location [level=CosDocument, context=root/document[0]/StructTreeRoot[0](2799 0 obj PDStructTreeRoot)/K[0](2801 0 obj SEDocument Document)/K[2](2811 0 obj SEPart Part)/K[0](2881 0 obj SESect Sect)/K[1](2883 0 obj SEDiv Div)/K[0](2885 0 obj SEDiv Div)/K[22](2913 0 obj SETOCI TOCI)], locationContext=null, errorMessage=null], 
TestAssertion [ruleId=RuleId [specification=ISO 14289-1:2014, clause=7.2, testNumber=26], status=failed,
message=TOCI element should be contained in TOC element,
location=Location [level=CosDocument, context=root/document[0]/StructTreeRoot[0](2799 0 obj PDStructTreeRoot)/K[0](2801 0 obj SEDocument Document)/K[2](2811 0 obj SEPart Part)/K[0](2881 0 obj SESect Sect)/K[1](2883 0 obj SEDiv Div)/K[0](2885 0 obj SEDiv Div)/K[23](2914 0 obj SETOCI TOCI)], locationContext=null, errorMessage=null]], isCompliant=false]
