PDF isn't valid PDF/UA-1:
ValidationResult [flavour=ua1, totalAssertions=802404, assertions=[
TestAssertion [ruleId=RuleId [specification=ISO 14289-1:2014, clause=7.2, testNumber=26], status=failed,
message=TOCI element should be contained in TOC element,
location=Location [level=CosDocument, context=root/document[0]/StructTreeRoot[0](5250 0 obj PDStructTreeRoot)/K[0](5252 0 obj SEDocument Document)/K[2](5264 0 obj SEPart Part)/K[0](5338 0 obj SESect Sect)/K[1](5340 0 obj SEDiv Div)/K[0](5343 0 obj SEDiv Div)/K[3](5357 0 obj SETOCI TOCI)], locationContext=null, errorMessage=null], 
TestAssertion [ruleId=RuleId [specification=ISO 14289-1:2014, clause=7.2, testNumber=26], status=failed,
message=TOCI element should be contained in TOC element,
location=Location [level=CosDocument, context=root/document[0]/StructTreeRoot[0](5250 0 obj PDStructTreeRoot)/K[0](5252 0 obj SEDocument Document)/K[2](5264 0 obj SEPart Part)/K[0](5338 0 obj SESect Sect)/K[1](5340 0 obj SEDiv Div)/K[0](5343 0 obj SEDiv Div)/K[4](5358 0 obj SETOCI TOCI)], locationContext=null, errorMessage=null], 
TestAssertion [ruleId=RuleId [specification=ISO 14289-1:2014, clause=7.2, testNumber=26], status=failed,
message=TOCI element should be contained in TOC element,
location=Location [level=CosDocument, context=root/document[0]/StructTreeRoot[0](5250 0 obj PDStructTreeRoot)/K[0](5252 0 obj SEDocument Document)/K[2](5264 0 obj SEPart Part)/K[0](5338 0 obj SESect Sect)/K[1](5340 0 obj SEDiv Div)/K[0](5343 0 obj SEDiv Div)/K[5](5359 0 obj SETOCI TOCI)], locationContext=null, errorMessage=null], 
TestAssertion [ruleId=RuleId [specification=ISO 14289-1:2014, clause=7.2, testNumber=26], status=failed,
message=TOCI element should be contained in TOC element,
location=Location [level=CosDocument, context=root/document[0]/StructTreeRoot[0](5250 0 obj PDStructTreeRoot)/K[0](5252 0 obj SEDocument Document)/K[2](5264 0 obj SEPart Part)/K[0](5338 0 obj SESect Sect)/K[1](5340 0 obj SEDiv Div)/K[0](5343 0 obj SEDiv Div)/K[6](5360 0 obj SETOCI TOCI)], locationContext=null, errorMessage=null], 
TestAssertion [ruleId=RuleId [specification=ISO 14289-1:2014, clause=7.2, testNumber=26], status=failed,
message=TOCI element should be contained in TOC element,
location=Location [level=CosDocument, context=root/document[0]/StructTreeRoot[0](5250 0 obj PDStructTreeRoot)/K[0](5252 0 obj SEDocument Document)/K[2](5264 0 obj SEPart Part)/K[0](5338 0 obj SESect Sect)/K[1](5340 0 obj SEDiv Div)/K[0](5343 0 obj SEDiv Div)/K[7](5361 0 obj SETOCI TOCI)], locationContext=null, errorMessage=null], 
TestAssertion [ruleId=RuleId [specification=ISO 14289-1:2014, clause=7.2, testNumber=26], status=failed,
message=TOCI element should be contained in TOC element,
location=Location [level=CosDocument, context=root/document[0]/StructTreeRoot[0](5250 0 obj PDStructTreeRoot)/K[0](5252 0 obj SEDocument Document)/K[2](5264 0 obj SEPart Part)/K[0](5338 0 obj SESect Sect)/K[1](5340 0 obj SEDiv Div)/K[0](5343 0 obj SEDiv Div)/K[8](5362 0 obj SETOCI TOCI)], locationContext=null, errorMessage=null], 
TestAssertion [ruleId=RuleId [specification=ISO 14289-1:2014, clause=7.2, testNumber=26], status=failed,
message=TOCI element should be contained in TOC element,
location=Location [level=CosDocument, context=root/document[0]/StructTreeRoot[0](5250 0 obj PDStructTreeRoot)/K[0](5252 0 obj SEDocument Document)/K[2](5264 0 obj SEPart Part)/K[0](5338 0 obj SESect Sect)/K[1](5340 0 obj SEDiv Div)/K[0](5343 0 obj SEDiv Div)/K[9](5363 0 obj SETOCI TOCI)], locationContext=null, errorMessage=null], 
TestAssertion [ruleId=RuleId [specification=ISO 14289-1:2014, clause=7.2, testNumber=26], status=failed,
message=TOCI element should be contained in TOC element,
location=Location [level=CosDocument, context=root/document[0]/StructTreeRoot[0](5250 0 obj PDStructTreeRoot)/K[0](5252 0 obj SEDocument Document)/K[2](5264 0 obj SEPart Part)/K[0](5338 0 obj SESect Sect)/K[1](5340 0 obj SEDiv Div)/K[0](5343 0 obj SEDiv Div)/K[10](5364 0 obj SETOCI TOCI)], locationContext=null, errorMessage=null], 
TestAssertion [ruleId=RuleId [specification=ISO 14289-1:2014, clause=7.2, testNumber=26], status=failed,
message=TOCI element should be contained in TOC element,
location=Location [level=CosDocument, context=root/document[0]/StructTreeRoot[0](5250 0 obj PDStructTreeRoot)/K[0](5252 0 obj SEDocument Document)/K[2](5264 0 obj SEPart Part)/K[0](5338 0 obj SESect Sect)/K[1](5340 0 obj SEDiv Div)/K[0](5343 0 obj SEDiv Div)/K[11](5365 0 obj SETOCI TOCI)], locationContext=null, errorMessage=null], 
TestAssertion [ruleId=RuleId [specification=ISO 14289-1:2014, clause=7.2, testNumber=26], status=failed,
message=TOCI element should be contained in TOC element,
location=Location [level=CosDocument, context=root/document[0]/StructTreeRoot[0](5250 0 obj PDStructTreeRoot)/K[0](5252 0 obj SEDocument Document)/K[2](5264 0 obj SEPart Part)/K[0](5338 0 obj SESect Sect)/K[1](5340 0 obj SEDiv Div)/K[0](5343 0 obj SEDiv Div)/K[13](5367 0 obj SETOCI TOCI)], locationContext=null, errorMessage=null]], isCompliant=false]
